ERROR - 2024-04-13 03:49:42 --> mysqli_sql_exception: Duplicate entry 'jdmalaluan2@gmail.com' for key 'customers.email' in C:\laragon\www\Capstone\AnahawBE\system\Database\MySQLi\Connection.php:306
Stack trace:
#0 C:\laragon\www\Capstone\AnahawBE\system\Database\MySQLi\Connection.php(306): mysqli->query('INSERT INTO `cu...', 0)
#1 C:\laragon\www\Capstone\AnahawBE\system\Database\BaseConnection.php(693): CodeIgniter\Database\MySQLi\Connection->execute('INSERT INTO `cu...')
#2 C:\laragon\www\Capstone\AnahawBE\system\Database\BaseConnection.php(607): CodeIgniter\Database\BaseConnection->simpleQuery('INSERT INTO `cu...')
#3 C:\laragon\www\Capstone\AnahawBE\system\Database\BaseBuilder.php(2307): CodeIgniter\Database\BaseConnection->query('INSERT INTO `cu...', Array, false)
#4 C:\laragon\www\Capstone\AnahawBE\system\Model.php(326): CodeIgniter\Database\BaseBuilder->insert()
#5 C:\laragon\www\Capstone\AnahawBE\system\BaseModel.php(802): CodeIgniter\Model->doInsert(Array)
#6 C:\laragon\www\Capstone\AnahawBE\system\Model.php(744): CodeIgniter\BaseModel->insert(Array, true)
#7 C:\laragon\www\Capstone\AnahawBE\app\Controllers\AccountController.php(42): CodeIgniter\Model->insert(Array)
#8 C:\laragon\www\Capstone\AnahawBE\system\CodeIgniter.php(941): App\Controllers\AccountController->createAccount()
#9 C:\laragon\www\Capstone\AnahawBE\system\CodeIgniter.php(502): CodeIgniter\CodeIgniter->runController(Object(App\Controllers\AccountController))
#10 C:\laragon\www\Capstone\AnahawBE\system\CodeIgniter.php(361): CodeIgniter\CodeIgniter->handleRequest(NULL, Object(Config\Cache), false)
#11 C:\laragon\www\Capstone\AnahawBE\public\index.php(89): CodeIgniter\CodeIgniter->run()
#12 {main}
CRITICAL - 2024-04-13 03:49:42 --> CodeIgniter\Database\Exceptions\DatabaseException: Duplicate entry 'jdmalaluan2@gmail.com' for key 'customers.email'
in SYSTEMPATH\Database\BaseConnection.php on line 647.
 1 SYSTEMPATH\Database\BaseBuilder.php(2307): CodeIgniter\Database\BaseConnection->query('INSERT INTO `customers` (`firstname`, `lastname`, `email`, `phone`) VALUES (:firstname:, :lastname:, :email:, :phone:)', [...], false)
 2 SYSTEMPATH\Model.php(326): CodeIgniter\Database\BaseBuilder->insert()
 3 SYSTEMPATH\BaseModel.php(802): CodeIgniter\Model->doInsert([...])
 4 SYSTEMPATH\Model.php(744): CodeIgniter\BaseModel->insert([...], true)
 5 APPPATH\Controllers\AccountController.php(42): CodeIgniter\Model->insert([...])
 6 SYSTEMPATH\CodeIgniter.php(941): App\Controllers\AccountController->createAccount()
 7 SYSTEMPATH\CodeIgniter.php(502): CodeIgniter\CodeIgniter->runController(Object(App\Controllers\AccountController))
 8 SYSTEMPATH\CodeIgniter.php(361): CodeIgniter\CodeIgniter->handleRequest(null, Object(Config\Cache), false)
 9 FCPATH\index.php(89): CodeIgniter\CodeIgniter->run()
CRITICAL - 2024-04-13 03:49:42 --> [Caused by] CodeIgniter\Database\Exceptions\DatabaseException: Duplicate entry 'jdmalaluan2@gmail.com' for key 'customers.email'
in SYSTEMPATH\Database\MySQLi\Connection.php on line 311.
 1 SYSTEMPATH\Database\BaseConnection.php(693): CodeIgniter\Database\MySQLi\Connection->execute('INSERT INTO `customers` (`firstname`, `lastname`, `email`, `phone`) VALUES (\'Jan Dyze\', \'Malaluan\', \'jdmalaluan2@gmail.com\', \'None provided\')')
 2 SYSTEMPATH\Database\BaseConnection.php(607): CodeIgniter\Database\BaseConnection->simpleQuery('INSERT INTO `customers` (`firstname`, `lastname`, `email`, `phone`) VALUES (\'Jan Dyze\', \'Malaluan\', \'jdmalaluan2@gmail.com\', \'None provided\')')
 3 SYSTEMPATH\Database\BaseBuilder.php(2307): CodeIgniter\Database\BaseConnection->query('INSERT INTO `customers` (`firstname`, `lastname`, `email`, `phone`) VALUES (:firstname:, :lastname:, :email:, :phone:)', [...], false)
 4 SYSTEMPATH\Model.php(326): CodeIgniter\Database\BaseBuilder->insert()
 5 SYSTEMPATH\BaseModel.php(802): CodeIgniter\Model->doInsert([...])
 6 SYSTEMPATH\Model.php(744): CodeIgniter\BaseModel->insert([...], true)
 7 APPPATH\Controllers\AccountController.php(42): CodeIgniter\Model->insert([...])
 8 SYSTEMPATH\CodeIgniter.php(941): App\Controllers\AccountController->createAccount()
 9 SYSTEMPATH\CodeIgniter.php(502): CodeIgniter\CodeIgniter->runController(Object(App\Controllers\AccountController))
10 SYSTEMPATH\CodeIgniter.php(361): CodeIgniter\CodeIgniter->handleRequest(null, Object(Config\Cache), false)
11 FCPATH\index.php(89): CodeIgniter\CodeIgniter->run()
CRITICAL - 2024-04-13 03:49:42 --> [Caused by] mysqli_sql_exception: Duplicate entry 'jdmalaluan2@gmail.com' for key 'customers.email'
in SYSTEMPATH\Database\MySQLi\Connection.php on line 306.
 1 SYSTEMPATH\Database\MySQLi\Connection.php(306): mysqli->query('INSERT INTO `customers` (`firstname`, `lastname`, `email`, `phone`) VALUES (\'Jan Dyze\', \'Malaluan\', \'jdmalaluan2@gmail.com\', \'None provided\')', 0)
 2 SYSTEMPATH\Database\BaseConnection.php(693): CodeIgniter\Database\MySQLi\Connection->execute('INSERT INTO `customers` (`firstname`, `lastname`, `email`, `phone`) VALUES (\'Jan Dyze\', \'Malaluan\', \'jdmalaluan2@gmail.com\', \'None provided\')')
 3 SYSTEMPATH\Database\BaseConnection.php(607): CodeIgniter\Database\BaseConnection->simpleQuery('INSERT INTO `customers` (`firstname`, `lastname`, `email`, `phone`) VALUES (\'Jan Dyze\', \'Malaluan\', \'jdmalaluan2@gmail.com\', \'None provided\')')
 4 SYSTEMPATH\Database\BaseBuilder.php(2307): CodeIgniter\Database\BaseConnection->query('INSERT INTO `customers` (`firstname`, `lastname`, `email`, `phone`) VALUES (:firstname:, :lastname:, :email:, :phone:)', [...], false)
 5 SYSTEMPATH\Model.php(326): CodeIgniter\Database\BaseBuilder->insert()
 6 SYSTEMPATH\BaseModel.php(802): CodeIgniter\Model->doInsert([...])
 7 SYSTEMPATH\Model.php(744): CodeIgniter\BaseModel->insert([...], true)
 8 APPPATH\Controllers\AccountController.php(42): CodeIgniter\Model->insert([...])
 9 SYSTEMPATH\CodeIgniter.php(941): App\Controllers\AccountController->createAccount()
10 SYSTEMPATH\CodeIgniter.php(502): CodeIgniter\CodeIgniter->runController(Object(App\Controllers\AccountController))
11 SYSTEMPATH\CodeIgniter.php(361): CodeIgniter\CodeIgniter->handleRequest(null, Object(Config\Cache), false)
12 FCPATH\index.php(89): CodeIgniter\CodeIgniter->run()
ERROR - 2024-04-13 04:15:24 --> mysqli_sql_exception: Duplicate entry 'jdmalaluan2@gmail.com' for key 'customers.email' in C:\laragon\www\Capstone\AnahawBE\system\Database\MySQLi\Connection.php:306
Stack trace:
#0 C:\laragon\www\Capstone\AnahawBE\system\Database\MySQLi\Connection.php(306): mysqli->query('INSERT INTO `cu...', 0)
#1 C:\laragon\www\Capstone\AnahawBE\system\Database\BaseConnection.php(693): CodeIgniter\Database\MySQLi\Connection->execute('INSERT INTO `cu...')
#2 C:\laragon\www\Capstone\AnahawBE\system\Database\BaseConnection.php(607): CodeIgniter\Database\BaseConnection->simpleQuery('INSERT INTO `cu...')
#3 C:\laragon\www\Capstone\AnahawBE\system\Database\BaseBuilder.php(2307): CodeIgniter\Database\BaseConnection->query('INSERT INTO `cu...', Array, false)
#4 C:\laragon\www\Capstone\AnahawBE\system\Model.php(326): CodeIgniter\Database\BaseBuilder->insert()
#5 C:\laragon\www\Capstone\AnahawBE\system\BaseModel.php(802): CodeIgniter\Model->doInsert(Array)
#6 C:\laragon\www\Capstone\AnahawBE\system\Model.php(744): CodeIgniter\BaseModel->insert(Array, true)
#7 C:\laragon\www\Capstone\AnahawBE\app\Controllers\AccountController.php(42): CodeIgniter\Model->insert(Array)
#8 C:\laragon\www\Capstone\AnahawBE\system\CodeIgniter.php(941): App\Controllers\AccountController->createAccount()
#9 C:\laragon\www\Capstone\AnahawBE\system\CodeIgniter.php(502): CodeIgniter\CodeIgniter->runController(Object(App\Controllers\AccountController))
#10 C:\laragon\www\Capstone\AnahawBE\system\CodeIgniter.php(361): CodeIgniter\CodeIgniter->handleRequest(NULL, Object(Config\Cache), false)
#11 C:\laragon\www\Capstone\AnahawBE\public\index.php(89): CodeIgniter\CodeIgniter->run()
#12 {main}
CRITICAL - 2024-04-13 04:15:24 --> CodeIgniter\Database\Exceptions\DatabaseException: Duplicate entry 'jdmalaluan2@gmail.com' for key 'customers.email'
in SYSTEMPATH\Database\BaseConnection.php on line 647.
 1 SYSTEMPATH\Database\BaseBuilder.php(2307): CodeIgniter\Database\BaseConnection->query('INSERT INTO `customers` (`firstname`, `lastname`, `email`, `phone`) VALUES (:firstname:, :lastname:, :email:, :phone:)', [...], false)
 2 SYSTEMPATH\Model.php(326): CodeIgniter\Database\BaseBuilder->insert()
 3 SYSTEMPATH\BaseModel.php(802): CodeIgniter\Model->doInsert([...])
 4 SYSTEMPATH\Model.php(744): CodeIgniter\BaseModel->insert([...], true)
 5 APPPATH\Controllers\AccountController.php(42): CodeIgniter\Model->insert([...])
 6 SYSTEMPATH\CodeIgniter.php(941): App\Controllers\AccountController->createAccount()
 7 SYSTEMPATH\CodeIgniter.php(502): CodeIgniter\CodeIgniter->runController(Object(App\Controllers\AccountController))
 8 SYSTEMPATH\CodeIgniter.php(361): CodeIgniter\CodeIgniter->handleRequest(null, Object(Config\Cache), false)
 9 FCPATH\index.php(89): CodeIgniter\CodeIgniter->run()
CRITICAL - 2024-04-13 04:15:24 --> [Caused by] CodeIgniter\Database\Exceptions\DatabaseException: Duplicate entry 'jdmalaluan2@gmail.com' for key 'customers.email'
in SYSTEMPATH\Database\MySQLi\Connection.php on line 311.
 1 SYSTEMPATH\Database\BaseConnection.php(693): CodeIgniter\Database\MySQLi\Connection->execute('INSERT INTO `customers` (`firstname`, `lastname`, `email`, `phone`) VALUES (\'Jan Dyze\', \'Malaluan\', \'jdmalaluan2@gmail.com\', \'None provided\')')
 2 SYSTEMPATH\Database\BaseConnection.php(607): CodeIgniter\Database\BaseConnection->simpleQuery('INSERT INTO `customers` (`firstname`, `lastname`, `email`, `phone`) VALUES (\'Jan Dyze\', \'Malaluan\', \'jdmalaluan2@gmail.com\', \'None provided\')')
 3 SYSTEMPATH\Database\BaseBuilder.php(2307): CodeIgniter\Database\BaseConnection->query('INSERT INTO `customers` (`firstname`, `lastname`, `email`, `phone`) VALUES (:firstname:, :lastname:, :email:, :phone:)', [...], false)
 4 SYSTEMPATH\Model.php(326): CodeIgniter\Database\BaseBuilder->insert()
 5 SYSTEMPATH\BaseModel.php(802): CodeIgniter\Model->doInsert([...])
 6 SYSTEMPATH\Model.php(744): CodeIgniter\BaseModel->insert([...], true)
 7 APPPATH\Controllers\AccountController.php(42): CodeIgniter\Model->insert([...])
 8 SYSTEMPATH\CodeIgniter.php(941): App\Controllers\AccountController->createAccount()
 9 SYSTEMPATH\CodeIgniter.php(502): CodeIgniter\CodeIgniter->runController(Object(App\Controllers\AccountController))
10 SYSTEMPATH\CodeIgniter.php(361): CodeIgniter\CodeIgniter->handleRequest(null, Object(Config\Cache), false)
11 FCPATH\index.php(89): CodeIgniter\CodeIgniter->run()
CRITICAL - 2024-04-13 04:15:24 --> [Caused by] mysqli_sql_exception: Duplicate entry 'jdmalaluan2@gmail.com' for key 'customers.email'
in SYSTEMPATH\Database\MySQLi\Connection.php on line 306.
 1 SYSTEMPATH\Database\MySQLi\Connection.php(306): mysqli->query('INSERT INTO `customers` (`firstname`, `lastname`, `email`, `phone`) VALUES (\'Jan Dyze\', \'Malaluan\', \'jdmalaluan2@gmail.com\', \'None provided\')', 0)
 2 SYSTEMPATH\Database\BaseConnection.php(693): CodeIgniter\Database\MySQLi\Connection->execute('INSERT INTO `customers` (`firstname`, `lastname`, `email`, `phone`) VALUES (\'Jan Dyze\', \'Malaluan\', \'jdmalaluan2@gmail.com\', \'None provided\')')
 3 SYSTEMPATH\Database\BaseConnection.php(607): CodeIgniter\Database\BaseConnection->simpleQuery('INSERT INTO `customers` (`firstname`, `lastname`, `email`, `phone`) VALUES (\'Jan Dyze\', \'Malaluan\', \'jdmalaluan2@gmail.com\', \'None provided\')')
 4 SYSTEMPATH\Database\BaseBuilder.php(2307): CodeIgniter\Database\BaseConnection->query('INSERT INTO `customers` (`firstname`, `lastname`, `email`, `phone`) VALUES (:firstname:, :lastname:, :email:, :phone:)', [...], false)
 5 SYSTEMPATH\Model.php(326): CodeIgniter\Database\BaseBuilder->insert()
 6 SYSTEMPATH\BaseModel.php(802): CodeIgniter\Model->doInsert([...])
 7 SYSTEMPATH\Model.php(744): CodeIgniter\BaseModel->insert([...], true)
 8 APPPATH\Controllers\AccountController.php(42): CodeIgniter\Model->insert([...])
 9 SYSTEMPATH\CodeIgniter.php(941): App\Controllers\AccountController->createAccount()
10 SYSTEMPATH\CodeIgniter.php(502): CodeIgniter\CodeIgniter->runController(Object(App\Controllers\AccountController))
11 SYSTEMPATH\CodeIgniter.php(361): CodeIgniter\CodeIgniter->handleRequest(null, Object(Config\Cache), false)
12 FCPATH\index.php(89): CodeIgniter\CodeIgniter->run()
ERROR - 2024-04-13 04:16:30 --> mysqli_sql_exception: Duplicate entry 'estelon.rita@dwcc.edu.ph' for key 'customers.email' in C:\laragon\www\Capstone\AnahawBE\system\Database\MySQLi\Connection.php:306
Stack trace:
#0 C:\laragon\www\Capstone\AnahawBE\system\Database\MySQLi\Connection.php(306): mysqli->query('INSERT INTO `cu...', 0)
#1 C:\laragon\www\Capstone\AnahawBE\system\Database\BaseConnection.php(693): CodeIgniter\Database\MySQLi\Connection->execute('INSERT INTO `cu...')
#2 C:\laragon\www\Capstone\AnahawBE\system\Database\BaseConnection.php(607): CodeIgniter\Database\BaseConnection->simpleQuery('INSERT INTO `cu...')
#3 C:\laragon\www\Capstone\AnahawBE\system\Database\BaseBuilder.php(2307): CodeIgniter\Database\BaseConnection->query('INSERT INTO `cu...', Array, false)
#4 C:\laragon\www\Capstone\AnahawBE\system\Model.php(326): CodeIgniter\Database\BaseBuilder->insert()
#5 C:\laragon\www\Capstone\AnahawBE\system\BaseModel.php(802): CodeIgniter\Model->doInsert(Array)
#6 C:\laragon\www\Capstone\AnahawBE\system\Model.php(744): CodeIgniter\BaseModel->insert(Array, true)
#7 C:\laragon\www\Capstone\AnahawBE\app\Controllers\AccountController.php(42): CodeIgniter\Model->insert(Array)
#8 C:\laragon\www\Capstone\AnahawBE\system\CodeIgniter.php(941): App\Controllers\AccountController->createAccount()
#9 C:\laragon\www\Capstone\AnahawBE\system\CodeIgniter.php(502): CodeIgniter\CodeIgniter->runController(Object(App\Controllers\AccountController))
#10 C:\laragon\www\Capstone\AnahawBE\system\CodeIgniter.php(361): CodeIgniter\CodeIgniter->handleRequest(NULL, Object(Config\Cache), false)
#11 C:\laragon\www\Capstone\AnahawBE\public\index.php(89): CodeIgniter\CodeIgniter->run()
#12 {main}
CRITICAL - 2024-04-13 04:16:30 --> CodeIgniter\Database\Exceptions\DatabaseException: Duplicate entry 'estelon.rita@dwcc.edu.ph' for key 'customers.email'
in SYSTEMPATH\Database\BaseConnection.php on line 647.
 1 SYSTEMPATH\Database\BaseBuilder.php(2307): CodeIgniter\Database\BaseConnection->query('INSERT INTO `customers` (`firstname`, `lastname`, `email`, `phone`) VALUES (:firstname:, :lastname:, :email:, :phone:)', [...], false)
 2 SYSTEMPATH\Model.php(326): CodeIgniter\Database\BaseBuilder->insert()
 3 SYSTEMPATH\BaseModel.php(802): CodeIgniter\Model->doInsert([...])
 4 SYSTEMPATH\Model.php(744): CodeIgniter\BaseModel->insert([...], true)
 5 APPPATH\Controllers\AccountController.php(42): CodeIgniter\Model->insert([...])
 6 SYSTEMPATH\CodeIgniter.php(941): App\Controllers\AccountController->createAccount()
 7 SYSTEMPATH\CodeIgniter.php(502): CodeIgniter\CodeIgniter->runController(Object(App\Controllers\AccountController))
 8 SYSTEMPATH\CodeIgniter.php(361): CodeIgniter\CodeIgniter->handleRequest(null, Object(Config\Cache), false)
 9 FCPATH\index.php(89): CodeIgniter\CodeIgniter->run()
CRITICAL - 2024-04-13 04:16:30 --> [Caused by] CodeIgniter\Database\Exceptions\DatabaseException: Duplicate entry 'estelon.rita@dwcc.edu.ph' for key 'customers.email'
in SYSTEMPATH\Database\MySQLi\Connection.php on line 311.
 1 SYSTEMPATH\Database\BaseConnection.php(693): CodeIgniter\Database\MySQLi\Connection->execute('INSERT INTO `customers` (`firstname`, `lastname`, `email`, `phone`) VALUES (\'ESTELON\', \'RITA\', \'estelon.rita@dwcc.edu.ph\', \'None provided\')')
 2 SYSTEMPATH\Database\BaseConnection.php(607): CodeIgniter\Database\BaseConnection->simpleQuery('INSERT INTO `customers` (`firstname`, `lastname`, `email`, `phone`) VALUES (\'ESTELON\', \'RITA\', \'estelon.rita@dwcc.edu.ph\', \'None provided\')')
 3 SYSTEMPATH\Database\BaseBuilder.php(2307): CodeIgniter\Database\BaseConnection->query('INSERT INTO `customers` (`firstname`, `lastname`, `email`, `phone`) VALUES (:firstname:, :lastname:, :email:, :phone:)', [...], false)
 4 SYSTEMPATH\Model.php(326): CodeIgniter\Database\BaseBuilder->insert()
 5 SYSTEMPATH\BaseModel.php(802): CodeIgniter\Model->doInsert([...])
 6 SYSTEMPATH\Model.php(744): CodeIgniter\BaseModel->insert([...], true)
 7 APPPATH\Controllers\AccountController.php(42): CodeIgniter\Model->insert([...])
 8 SYSTEMPATH\CodeIgniter.php(941): App\Controllers\AccountController->createAccount()
 9 SYSTEMPATH\CodeIgniter.php(502): CodeIgniter\CodeIgniter->runController(Object(App\Controllers\AccountController))
10 SYSTEMPATH\CodeIgniter.php(361): CodeIgniter\CodeIgniter->handleRequest(null, Object(Config\Cache), false)
11 FCPATH\index.php(89): CodeIgniter\CodeIgniter->run()
CRITICAL - 2024-04-13 04:16:30 --> [Caused by] mysqli_sql_exception: Duplicate entry 'estelon.rita@dwcc.edu.ph' for key 'customers.email'
in SYSTEMPATH\Database\MySQLi\Connection.php on line 306.
 1 SYSTEMPATH\Database\MySQLi\Connection.php(306): mysqli->query('INSERT INTO `customers` (`firstname`, `lastname`, `email`, `phone`) VALUES (\'ESTELON\', \'RITA\', \'estelon.rita@dwcc.edu.ph\', \'None provided\')', 0)
 2 SYSTEMPATH\Database\BaseConnection.php(693): CodeIgniter\Database\MySQLi\Connection->execute('INSERT INTO `customers` (`firstname`, `lastname`, `email`, `phone`) VALUES (\'ESTELON\', \'RITA\', \'estelon.rita@dwcc.edu.ph\', \'None provided\')')
 3 SYSTEMPATH\Database\BaseConnection.php(607): CodeIgniter\Database\BaseConnection->simpleQuery('INSERT INTO `customers` (`firstname`, `lastname`, `email`, `phone`) VALUES (\'ESTELON\', \'RITA\', \'estelon.rita@dwcc.edu.ph\', \'None provided\')')
 4 SYSTEMPATH\Database\BaseBuilder.php(2307): CodeIgniter\Database\BaseConnection->query('INSERT INTO `customers` (`firstname`, `lastname`, `email`, `phone`) VALUES (:firstname:, :lastname:, :email:, :phone:)', [...], false)
 5 SYSTEMPATH\Model.php(326): CodeIgniter\Database\BaseBuilder->insert()
 6 SYSTEMPATH\BaseModel.php(802): CodeIgniter\Model->doInsert([...])
 7 SYSTEMPATH\Model.php(744): CodeIgniter\BaseModel->insert([...], true)
 8 APPPATH\Controllers\AccountController.php(42): CodeIgniter\Model->insert([...])
 9 SYSTEMPATH\CodeIgniter.php(941): App\Controllers\AccountController->createAccount()
10 SYSTEMPATH\CodeIgniter.php(502): CodeIgniter\CodeIgniter->runController(Object(App\Controllers\AccountController))
11 SYSTEMPATH\CodeIgniter.php(361): CodeIgniter\CodeIgniter->handleRequest(null, Object(Config\Cache), false)
12 FCPATH\index.php(89): CodeIgniter\CodeIgniter->run()
ERROR - 2024-04-13 04:20:26 --> mysqli_sql_exception: Duplicate entry 'jdmalaluan2@gmail.com' for key 'customers.email' in C:\laragon\www\Capstone\AnahawBE\system\Database\MySQLi\Connection.php:306
Stack trace:
#0 C:\laragon\www\Capstone\AnahawBE\system\Database\MySQLi\Connection.php(306): mysqli->query('INSERT INTO `cu...', 0)
#1 C:\laragon\www\Capstone\AnahawBE\system\Database\BaseConnection.php(693): CodeIgniter\Database\MySQLi\Connection->execute('INSERT INTO `cu...')
#2 C:\laragon\www\Capstone\AnahawBE\system\Database\BaseConnection.php(607): CodeIgniter\Database\BaseConnection->simpleQuery('INSERT INTO `cu...')
#3 C:\laragon\www\Capstone\AnahawBE\system\Database\BaseBuilder.php(2307): CodeIgniter\Database\BaseConnection->query('INSERT INTO `cu...', Array, false)
#4 C:\laragon\www\Capstone\AnahawBE\system\Model.php(326): CodeIgniter\Database\BaseBuilder->insert()
#5 C:\laragon\www\Capstone\AnahawBE\system\BaseModel.php(802): CodeIgniter\Model->doInsert(Array)
#6 C:\laragon\www\Capstone\AnahawBE\system\Model.php(744): CodeIgniter\BaseModel->insert(Array, true)
#7 C:\laragon\www\Capstone\AnahawBE\app\Controllers\AccountController.php(42): CodeIgniter\Model->insert(Array)
#8 C:\laragon\www\Capstone\AnahawBE\system\CodeIgniter.php(941): App\Controllers\AccountController->createAccount()
#9 C:\laragon\www\Capstone\AnahawBE\system\CodeIgniter.php(502): CodeIgniter\CodeIgniter->runController(Object(App\Controllers\AccountController))
#10 C:\laragon\www\Capstone\AnahawBE\system\CodeIgniter.php(361): CodeIgniter\CodeIgniter->handleRequest(NULL, Object(Config\Cache), false)
#11 C:\laragon\www\Capstone\AnahawBE\public\index.php(89): CodeIgniter\CodeIgniter->run()
#12 {main}
CRITICAL - 2024-04-13 04:20:26 --> CodeIgniter\Database\Exceptions\DatabaseException: Duplicate entry 'jdmalaluan2@gmail.com' for key 'customers.email'
in SYSTEMPATH\Database\BaseConnection.php on line 647.
 1 SYSTEMPATH\Database\BaseBuilder.php(2307): CodeIgniter\Database\BaseConnection->query('INSERT INTO `customers` (`firstname`, `lastname`, `email`, `phone`) VALUES (:firstname:, :lastname:, :email:, :phone:)', [...], false)
 2 SYSTEMPATH\Model.php(326): CodeIgniter\Database\BaseBuilder->insert()
 3 SYSTEMPATH\BaseModel.php(802): CodeIgniter\Model->doInsert([...])
 4 SYSTEMPATH\Model.php(744): CodeIgniter\BaseModel->insert([...], true)
 5 APPPATH\Controllers\AccountController.php(42): CodeIgniter\Model->insert([...])
 6 SYSTEMPATH\CodeIgniter.php(941): App\Controllers\AccountController->createAccount()
 7 SYSTEMPATH\CodeIgniter.php(502): CodeIgniter\CodeIgniter->runController(Object(App\Controllers\AccountController))
 8 SYSTEMPATH\CodeIgniter.php(361): CodeIgniter\CodeIgniter->handleRequest(null, Object(Config\Cache), false)
 9 FCPATH\index.php(89): CodeIgniter\CodeIgniter->run()
CRITICAL - 2024-04-13 04:20:26 --> [Caused by] CodeIgniter\Database\Exceptions\DatabaseException: Duplicate entry 'jdmalaluan2@gmail.com' for key 'customers.email'
in SYSTEMPATH\Database\MySQLi\Connection.php on line 311.
 1 SYSTEMPATH\Database\BaseConnection.php(693): CodeIgniter\Database\MySQLi\Connection->execute('INSERT INTO `customers` (`firstname`, `lastname`, `email`, `phone`) VALUES (\'Jan Dyze\', \'Malaluan\', \'jdmalaluan2@gmail.com\', \'None provided\')')
 2 SYSTEMPATH\Database\BaseConnection.php(607): CodeIgniter\Database\BaseConnection->simpleQuery('INSERT INTO `customers` (`firstname`, `lastname`, `email`, `phone`) VALUES (\'Jan Dyze\', \'Malaluan\', \'jdmalaluan2@gmail.com\', \'None provided\')')
 3 SYSTEMPATH\Database\BaseBuilder.php(2307): CodeIgniter\Database\BaseConnection->query('INSERT INTO `customers` (`firstname`, `lastname`, `email`, `phone`) VALUES (:firstname:, :lastname:, :email:, :phone:)', [...], false)
 4 SYSTEMPATH\Model.php(326): CodeIgniter\Database\BaseBuilder->insert()
 5 SYSTEMPATH\BaseModel.php(802): CodeIgniter\Model->doInsert([...])
 6 SYSTEMPATH\Model.php(744): CodeIgniter\BaseModel->insert([...], true)
 7 APPPATH\Controllers\AccountController.php(42): CodeIgniter\Model->insert([...])
 8 SYSTEMPATH\CodeIgniter.php(941): App\Controllers\AccountController->createAccount()
 9 SYSTEMPATH\CodeIgniter.php(502): CodeIgniter\CodeIgniter->runController(Object(App\Controllers\AccountController))
10 SYSTEMPATH\CodeIgniter.php(361): CodeIgniter\CodeIgniter->handleRequest(null, Object(Config\Cache), false)
11 FCPATH\index.php(89): CodeIgniter\CodeIgniter->run()
CRITICAL - 2024-04-13 04:20:26 --> [Caused by] mysqli_sql_exception: Duplicate entry 'jdmalaluan2@gmail.com' for key 'customers.email'
in SYSTEMPATH\Database\MySQLi\Connection.php on line 306.
 1 SYSTEMPATH\Database\MySQLi\Connection.php(306): mysqli->query('INSERT INTO `customers` (`firstname`, `lastname`, `email`, `phone`) VALUES (\'Jan Dyze\', \'Malaluan\', \'jdmalaluan2@gmail.com\', \'None provided\')', 0)
 2 SYSTEMPATH\Database\BaseConnection.php(693): CodeIgniter\Database\MySQLi\Connection->execute('INSERT INTO `customers` (`firstname`, `lastname`, `email`, `phone`) VALUES (\'Jan Dyze\', \'Malaluan\', \'jdmalaluan2@gmail.com\', \'None provided\')')
 3 SYSTEMPATH\Database\BaseConnection.php(607): CodeIgniter\Database\BaseConnection->simpleQuery('INSERT INTO `customers` (`firstname`, `lastname`, `email`, `phone`) VALUES (\'Jan Dyze\', \'Malaluan\', \'jdmalaluan2@gmail.com\', \'None provided\')')
 4 SYSTEMPATH\Database\BaseBuilder.php(2307): CodeIgniter\Database\BaseConnection->query('INSERT INTO `customers` (`firstname`, `lastname`, `email`, `phone`) VALUES (:firstname:, :lastname:, :email:, :phone:)', [...], false)
 5 SYSTEMPATH\Model.php(326): CodeIgniter\Database\BaseBuilder->insert()
 6 SYSTEMPATH\BaseModel.php(802): CodeIgniter\Model->doInsert([...])
 7 SYSTEMPATH\Model.php(744): CodeIgniter\BaseModel->insert([...], true)
 8 APPPATH\Controllers\AccountController.php(42): CodeIgniter\Model->insert([...])
 9 SYSTEMPATH\CodeIgniter.php(941): App\Controllers\AccountController->createAccount()
10 SYSTEMPATH\CodeIgniter.php(502): CodeIgniter\CodeIgniter->runController(Object(App\Controllers\AccountController))
11 SYSTEMPATH\CodeIgniter.php(361): CodeIgniter\CodeIgniter->handleRequest(null, Object(Config\Cache), false)
12 FCPATH\index.php(89): CodeIgniter\CodeIgniter->run()
CRITICAL - 2024-04-13 07:30:53 --> ErrorException: Undefined property: stdClass::$firstname
in APPPATH\Controllers\AccountController.php on line 26.
 1 APPPATH\Controllers\AccountController.php(26): CodeIgniter\Debug\Exceptions->errorHandler(2, 'Undefined property: stdClass::$firstname', 'C:\\laragon\\www\\Capstone\\AnahawBE\\app\\Controllers\\AccountController.php', 26)
 2 SYSTEMPATH\CodeIgniter.php(941): App\Controllers\AccountController->createAccount()
 3 SYSTEMPATH\CodeIgniter.php(502): CodeIgniter\CodeIgniter->runController(Object(App\Controllers\AccountController))
 4 SYSTEMPATH\CodeIgniter.php(361): CodeIgniter\CodeIgniter->handleRequest(null, Object(Config\Cache), false)
 5 FCPATH\index.php(89): CodeIgniter\CodeIgniter->run()
ERROR - 2024-04-13 07:32:24 --> mysqli_sql_exception: Duplicate entry 'jdmalaluan2@gmail.com' for key 'customers.email' in C:\laragon\www\Capstone\AnahawBE\system\Database\MySQLi\Connection.php:306
Stack trace:
#0 C:\laragon\www\Capstone\AnahawBE\system\Database\MySQLi\Connection.php(306): mysqli->query('INSERT INTO `cu...', 0)
#1 C:\laragon\www\Capstone\AnahawBE\system\Database\BaseConnection.php(693): CodeIgniter\Database\MySQLi\Connection->execute('INSERT INTO `cu...')
#2 C:\laragon\www\Capstone\AnahawBE\system\Database\BaseConnection.php(607): CodeIgniter\Database\BaseConnection->simpleQuery('INSERT INTO `cu...')
#3 C:\laragon\www\Capstone\AnahawBE\system\Database\BaseBuilder.php(2307): CodeIgniter\Database\BaseConnection->query('INSERT INTO `cu...', Array, false)
#4 C:\laragon\www\Capstone\AnahawBE\system\Model.php(326): CodeIgniter\Database\BaseBuilder->insert()
#5 C:\laragon\www\Capstone\AnahawBE\system\BaseModel.php(802): CodeIgniter\Model->doInsert(Array)
#6 C:\laragon\www\Capstone\AnahawBE\system\Model.php(744): CodeIgniter\BaseModel->insert(Array, true)
#7 C:\laragon\www\Capstone\AnahawBE\app\Controllers\AccountController.php(42): CodeIgniter\Model->insert(Array)
#8 C:\laragon\www\Capstone\AnahawBE\system\CodeIgniter.php(941): App\Controllers\AccountController->createAccount()
#9 C:\laragon\www\Capstone\AnahawBE\system\CodeIgniter.php(502): CodeIgniter\CodeIgniter->runController(Object(App\Controllers\AccountController))
#10 C:\laragon\www\Capstone\AnahawBE\system\CodeIgniter.php(361): CodeIgniter\CodeIgniter->handleRequest(NULL, Object(Config\Cache), false)
#11 C:\laragon\www\Capstone\AnahawBE\public\index.php(89): CodeIgniter\CodeIgniter->run()
#12 {main}
CRITICAL - 2024-04-13 07:32:24 --> CodeIgniter\Database\Exceptions\DatabaseException: Duplicate entry 'jdmalaluan2@gmail.com' for key 'customers.email'
in SYSTEMPATH\Database\BaseConnection.php on line 647.
 1 SYSTEMPATH\Database\BaseBuilder.php(2307): CodeIgniter\Database\BaseConnection->query('INSERT INTO `customers` (`firstname`, `lastname`, `email`, `phone`) VALUES (:firstname:, :lastname:, :email:, :phone:)', [...], false)
 2 SYSTEMPATH\Model.php(326): CodeIgniter\Database\BaseBuilder->insert()
 3 SYSTEMPATH\BaseModel.php(802): CodeIgniter\Model->doInsert([...])
 4 SYSTEMPATH\Model.php(744): CodeIgniter\BaseModel->insert([...], true)
 5 APPPATH\Controllers\AccountController.php(42): CodeIgniter\Model->insert([...])
 6 SYSTEMPATH\CodeIgniter.php(941): App\Controllers\AccountController->createAccount()
 7 SYSTEMPATH\CodeIgniter.php(502): CodeIgniter\CodeIgniter->runController(Object(App\Controllers\AccountController))
 8 SYSTEMPATH\CodeIgniter.php(361): CodeIgniter\CodeIgniter->handleRequest(null, Object(Config\Cache), false)
 9 FCPATH\index.php(89): CodeIgniter\CodeIgniter->run()
CRITICAL - 2024-04-13 07:32:24 --> [Caused by] CodeIgniter\Database\Exceptions\DatabaseException: Duplicate entry 'jdmalaluan2@gmail.com' for key 'customers.email'
in SYSTEMPATH\Database\MySQLi\Connection.php on line 311.
 1 SYSTEMPATH\Database\BaseConnection.php(693): CodeIgniter\Database\MySQLi\Connection->execute('INSERT INTO `customers` (`firstname`, `lastname`, `email`, `phone`) VALUES (\'Jan Dyze\', \'Malaluan\', \'jdmalaluan2@gmail.com\', \'None provided\')')
 2 SYSTEMPATH\Database\BaseConnection.php(607): CodeIgniter\Database\BaseConnection->simpleQuery('INSERT INTO `customers` (`firstname`, `lastname`, `email`, `phone`) VALUES (\'Jan Dyze\', \'Malaluan\', \'jdmalaluan2@gmail.com\', \'None provided\')')
 3 SYSTEMPATH\Database\BaseBuilder.php(2307): CodeIgniter\Database\BaseConnection->query('INSERT INTO `customers` (`firstname`, `lastname`, `email`, `phone`) VALUES (:firstname:, :lastname:, :email:, :phone:)', [...], false)
 4 SYSTEMPATH\Model.php(326): CodeIgniter\Database\BaseBuilder->insert()
 5 SYSTEMPATH\BaseModel.php(802): CodeIgniter\Model->doInsert([...])
 6 SYSTEMPATH\Model.php(744): CodeIgniter\BaseModel->insert([...], true)
 7 APPPATH\Controllers\AccountController.php(42): CodeIgniter\Model->insert([...])
 8 SYSTEMPATH\CodeIgniter.php(941): App\Controllers\AccountController->createAccount()
 9 SYSTEMPATH\CodeIgniter.php(502): CodeIgniter\CodeIgniter->runController(Object(App\Controllers\AccountController))
10 SYSTEMPATH\CodeIgniter.php(361): CodeIgniter\CodeIgniter->handleRequest(null, Object(Config\Cache), false)
11 FCPATH\index.php(89): CodeIgniter\CodeIgniter->run()
CRITICAL - 2024-04-13 07:32:24 --> [Caused by] mysqli_sql_exception: Duplicate entry 'jdmalaluan2@gmail.com' for key 'customers.email'
in SYSTEMPATH\Database\MySQLi\Connection.php on line 306.
 1 SYSTEMPATH\Database\MySQLi\Connection.php(306): mysqli->query('INSERT INTO `customers` (`firstname`, `lastname`, `email`, `phone`) VALUES (\'Jan Dyze\', \'Malaluan\', \'jdmalaluan2@gmail.com\', \'None provided\')', 0)
 2 SYSTEMPATH\Database\BaseConnection.php(693): CodeIgniter\Database\MySQLi\Connection->execute('INSERT INTO `customers` (`firstname`, `lastname`, `email`, `phone`) VALUES (\'Jan Dyze\', \'Malaluan\', \'jdmalaluan2@gmail.com\', \'None provided\')')
 3 SYSTEMPATH\Database\BaseConnection.php(607): CodeIgniter\Database\BaseConnection->simpleQuery('INSERT INTO `customers` (`firstname`, `lastname`, `email`, `phone`) VALUES (\'Jan Dyze\', \'Malaluan\', \'jdmalaluan2@gmail.com\', \'None provided\')')
 4 SYSTEMPATH\Database\BaseBuilder.php(2307): CodeIgniter\Database\BaseConnection->query('INSERT INTO `customers` (`firstname`, `lastname`, `email`, `phone`) VALUES (:firstname:, :lastname:, :email:, :phone:)', [...], false)
 5 SYSTEMPATH\Model.php(326): CodeIgniter\Database\BaseBuilder->insert()
 6 SYSTEMPATH\BaseModel.php(802): CodeIgniter\Model->doInsert([...])
 7 SYSTEMPATH\Model.php(744): CodeIgniter\BaseModel->insert([...], true)
 8 APPPATH\Controllers\AccountController.php(42): CodeIgniter\Model->insert([...])
 9 SYSTEMPATH\CodeIgniter.php(941): App\Controllers\AccountController->createAccount()
10 SYSTEMPATH\CodeIgniter.php(502): CodeIgniter\CodeIgniter->runController(Object(App\Controllers\AccountController))
11 SYSTEMPATH\CodeIgniter.php(361): CodeIgniter\CodeIgniter->handleRequest(null, Object(Config\Cache), false)
12 FCPATH\index.php(89): CodeIgniter\CodeIgniter->run()
ERROR - 2024-04-13 07:37:24 --> mysqli_sql_exception: Duplicate entry 'jdmalaluan2@gmail.com' for key 'customers.email' in C:\laragon\www\Capstone\AnahawBE\system\Database\MySQLi\Connection.php:306
Stack trace:
#0 C:\laragon\www\Capstone\AnahawBE\system\Database\MySQLi\Connection.php(306): mysqli->query('INSERT INTO `cu...', 0)
#1 C:\laragon\www\Capstone\AnahawBE\system\Database\BaseConnection.php(693): CodeIgniter\Database\MySQLi\Connection->execute('INSERT INTO `cu...')
#2 C:\laragon\www\Capstone\AnahawBE\system\Database\BaseConnection.php(607): CodeIgniter\Database\BaseConnection->simpleQuery('INSERT INTO `cu...')
#3 C:\laragon\www\Capstone\AnahawBE\system\Database\BaseBuilder.php(2307): CodeIgniter\Database\BaseConnection->query('INSERT INTO `cu...', Array, false)
#4 C:\laragon\www\Capstone\AnahawBE\system\Model.php(326): CodeIgniter\Database\BaseBuilder->insert()
#5 C:\laragon\www\Capstone\AnahawBE\system\BaseModel.php(802): CodeIgniter\Model->doInsert(Array)
#6 C:\laragon\www\Capstone\AnahawBE\system\Model.php(744): CodeIgniter\BaseModel->insert(Array, true)
#7 C:\laragon\www\Capstone\AnahawBE\app\Controllers\AccountController.php(42): CodeIgniter\Model->insert(Array)
#8 C:\laragon\www\Capstone\AnahawBE\system\CodeIgniter.php(941): App\Controllers\AccountController->createAccount()
#9 C:\laragon\www\Capstone\AnahawBE\system\CodeIgniter.php(502): CodeIgniter\CodeIgniter->runController(Object(App\Controllers\AccountController))
#10 C:\laragon\www\Capstone\AnahawBE\system\CodeIgniter.php(361): CodeIgniter\CodeIgniter->handleRequest(NULL, Object(Config\Cache), false)
#11 C:\laragon\www\Capstone\AnahawBE\public\index.php(89): CodeIgniter\CodeIgniter->run()
#12 {main}
CRITICAL - 2024-04-13 07:37:24 --> CodeIgniter\Database\Exceptions\DatabaseException: Duplicate entry 'jdmalaluan2@gmail.com' for key 'customers.email'
in SYSTEMPATH\Database\BaseConnection.php on line 647.
 1 SYSTEMPATH\Database\BaseBuilder.php(2307): CodeIgniter\Database\BaseConnection->query('INSERT INTO `customers` (`firstname`, `lastname`, `email`, `phone`) VALUES (:firstname:, :lastname:, :email:, :phone:)', [...], false)
 2 SYSTEMPATH\Model.php(326): CodeIgniter\Database\BaseBuilder->insert()
 3 SYSTEMPATH\BaseModel.php(802): CodeIgniter\Model->doInsert([...])
 4 SYSTEMPATH\Model.php(744): CodeIgniter\BaseModel->insert([...], true)
 5 APPPATH\Controllers\AccountController.php(42): CodeIgniter\Model->insert([...])
 6 SYSTEMPATH\CodeIgniter.php(941): App\Controllers\AccountController->createAccount()
 7 SYSTEMPATH\CodeIgniter.php(502): CodeIgniter\CodeIgniter->runController(Object(App\Controllers\AccountController))
 8 SYSTEMPATH\CodeIgniter.php(361): CodeIgniter\CodeIgniter->handleRequest(null, Object(Config\Cache), false)
 9 FCPATH\index.php(89): CodeIgniter\CodeIgniter->run()
CRITICAL - 2024-04-13 07:37:24 --> [Caused by] CodeIgniter\Database\Exceptions\DatabaseException: Duplicate entry 'jdmalaluan2@gmail.com' for key 'customers.email'
in SYSTEMPATH\Database\MySQLi\Connection.php on line 311.
 1 SYSTEMPATH\Database\BaseConnection.php(693): CodeIgniter\Database\MySQLi\Connection->execute('INSERT INTO `customers` (`firstname`, `lastname`, `email`, `phone`) VALUES (\'Jan Dyze\', \'Malaluan\', \'jdmalaluan2@gmail.com\', \'None provided\')')
 2 SYSTEMPATH\Database\BaseConnection.php(607): CodeIgniter\Database\BaseConnection->simpleQuery('INSERT INTO `customers` (`firstname`, `lastname`, `email`, `phone`) VALUES (\'Jan Dyze\', \'Malaluan\', \'jdmalaluan2@gmail.com\', \'None provided\')')
 3 SYSTEMPATH\Database\BaseBuilder.php(2307): CodeIgniter\Database\BaseConnection->query('INSERT INTO `customers` (`firstname`, `lastname`, `email`, `phone`) VALUES (:firstname:, :lastname:, :email:, :phone:)', [...], false)
 4 SYSTEMPATH\Model.php(326): CodeIgniter\Database\BaseBuilder->insert()
 5 SYSTEMPATH\BaseModel.php(802): CodeIgniter\Model->doInsert([...])
 6 SYSTEMPATH\Model.php(744): CodeIgniter\BaseModel->insert([...], true)
 7 APPPATH\Controllers\AccountController.php(42): CodeIgniter\Model->insert([...])
 8 SYSTEMPATH\CodeIgniter.php(941): App\Controllers\AccountController->createAccount()
 9 SYSTEMPATH\CodeIgniter.php(502): CodeIgniter\CodeIgniter->runController(Object(App\Controllers\AccountController))
10 SYSTEMPATH\CodeIgniter.php(361): CodeIgniter\CodeIgniter->handleRequest(null, Object(Config\Cache), false)
11 FCPATH\index.php(89): CodeIgniter\CodeIgniter->run()
CRITICAL - 2024-04-13 07:37:24 --> [Caused by] mysqli_sql_exception: Duplicate entry 'jdmalaluan2@gmail.com' for key 'customers.email'
in SYSTEMPATH\Database\MySQLi\Connection.php on line 306.
 1 SYSTEMPATH\Database\MySQLi\Connection.php(306): mysqli->query('INSERT INTO `customers` (`firstname`, `lastname`, `email`, `phone`) VALUES (\'Jan Dyze\', \'Malaluan\', \'jdmalaluan2@gmail.com\', \'None provided\')', 0)
 2 SYSTEMPATH\Database\BaseConnection.php(693): CodeIgniter\Database\MySQLi\Connection->execute('INSERT INTO `customers` (`firstname`, `lastname`, `email`, `phone`) VALUES (\'Jan Dyze\', \'Malaluan\', \'jdmalaluan2@gmail.com\', \'None provided\')')
 3 SYSTEMPATH\Database\BaseConnection.php(607): CodeIgniter\Database\BaseConnection->simpleQuery('INSERT INTO `customers` (`firstname`, `lastname`, `email`, `phone`) VALUES (\'Jan Dyze\', \'Malaluan\', \'jdmalaluan2@gmail.com\', \'None provided\')')
 4 SYSTEMPATH\Database\BaseBuilder.php(2307): CodeIgniter\Database\BaseConnection->query('INSERT INTO `customers` (`firstname`, `lastname`, `email`, `phone`) VALUES (:firstname:, :lastname:, :email:, :phone:)', [...], false)
 5 SYSTEMPATH\Model.php(326): CodeIgniter\Database\BaseBuilder->insert()
 6 SYSTEMPATH\BaseModel.php(802): CodeIgniter\Model->doInsert([...])
 7 SYSTEMPATH\Model.php(744): CodeIgniter\BaseModel->insert([...], true)
 8 APPPATH\Controllers\AccountController.php(42): CodeIgniter\Model->insert([...])
 9 SYSTEMPATH\CodeIgniter.php(941): App\Controllers\AccountController->createAccount()
10 SYSTEMPATH\CodeIgniter.php(502): CodeIgniter\CodeIgniter->runController(Object(App\Controllers\AccountController))
11 SYSTEMPATH\CodeIgniter.php(361): CodeIgniter\CodeIgniter->handleRequest(null, Object(Config\Cache), false)
12 FCPATH\index.php(89): CodeIgniter\CodeIgniter->run()
ERROR - 2024-04-13 08:13:18 --> mysqli_sql_exception: Duplicate entry 'jdmalaluan2@gmail.com' for key 'customers.email' in C:\laragon\www\Capstone\AnahawBE\system\Database\MySQLi\Connection.php:306
Stack trace:
#0 C:\laragon\www\Capstone\AnahawBE\system\Database\MySQLi\Connection.php(306): mysqli->query('INSERT INTO `cu...', 0)
#1 C:\laragon\www\Capstone\AnahawBE\system\Database\BaseConnection.php(693): CodeIgniter\Database\MySQLi\Connection->execute('INSERT INTO `cu...')
#2 C:\laragon\www\Capstone\AnahawBE\system\Database\BaseConnection.php(607): CodeIgniter\Database\BaseConnection->simpleQuery('INSERT INTO `cu...')
#3 C:\laragon\www\Capstone\AnahawBE\system\Database\BaseBuilder.php(2307): CodeIgniter\Database\BaseConnection->query('INSERT INTO `cu...', Array, false)
#4 C:\laragon\www\Capstone\AnahawBE\system\Model.php(326): CodeIgniter\Database\BaseBuilder->insert()
#5 C:\laragon\www\Capstone\AnahawBE\system\BaseModel.php(802): CodeIgniter\Model->doInsert(Array)
#6 C:\laragon\www\Capstone\AnahawBE\system\Model.php(744): CodeIgniter\BaseModel->insert(Array, true)
#7 C:\laragon\www\Capstone\AnahawBE\app\Controllers\AccountController.php(42): CodeIgniter\Model->insert(Array)
#8 C:\laragon\www\Capstone\AnahawBE\system\CodeIgniter.php(941): App\Controllers\AccountController->createAccount()
#9 C:\laragon\www\Capstone\AnahawBE\system\CodeIgniter.php(502): CodeIgniter\CodeIgniter->runController(Object(App\Controllers\AccountController))
#10 C:\laragon\www\Capstone\AnahawBE\system\CodeIgniter.php(361): CodeIgniter\CodeIgniter->handleRequest(NULL, Object(Config\Cache), false)
#11 C:\laragon\www\Capstone\AnahawBE\public\index.php(89): CodeIgniter\CodeIgniter->run()
#12 {main}
CRITICAL - 2024-04-13 08:13:18 --> CodeIgniter\Database\Exceptions\DatabaseException: Duplicate entry 'jdmalaluan2@gmail.com' for key 'customers.email'
in SYSTEMPATH\Database\BaseConnection.php on line 647.
 1 SYSTEMPATH\Database\BaseBuilder.php(2307): CodeIgniter\Database\BaseConnection->query('INSERT INTO `customers` (`firstname`, `lastname`, `email`, `phone`) VALUES (:firstname:, :lastname:, :email:, :phone:)', [...], false)
 2 SYSTEMPATH\Model.php(326): CodeIgniter\Database\BaseBuilder->insert()
 3 SYSTEMPATH\BaseModel.php(802): CodeIgniter\Model->doInsert([...])
 4 SYSTEMPATH\Model.php(744): CodeIgniter\BaseModel->insert([...], true)
 5 APPPATH\Controllers\AccountController.php(42): CodeIgniter\Model->insert([...])
 6 SYSTEMPATH\CodeIgniter.php(941): App\Controllers\AccountController->createAccount()
 7 SYSTEMPATH\CodeIgniter.php(502): CodeIgniter\CodeIgniter->runController(Object(App\Controllers\AccountController))
 8 SYSTEMPATH\CodeIgniter.php(361): CodeIgniter\CodeIgniter->handleRequest(null, Object(Config\Cache), false)
 9 FCPATH\index.php(89): CodeIgniter\CodeIgniter->run()
CRITICAL - 2024-04-13 08:13:18 --> [Caused by] CodeIgniter\Database\Exceptions\DatabaseException: Duplicate entry 'jdmalaluan2@gmail.com' for key 'customers.email'
in SYSTEMPATH\Database\MySQLi\Connection.php on line 311.
 1 SYSTEMPATH\Database\BaseConnection.php(693): CodeIgniter\Database\MySQLi\Connection->execute('INSERT INTO `customers` (`firstname`, `lastname`, `email`, `phone`) VALUES (\'Jan Dyze\', \'Malaluan\', \'jdmalaluan2@gmail.com\', \'None provided\')')
 2 SYSTEMPATH\Database\BaseConnection.php(607): CodeIgniter\Database\BaseConnection->simpleQuery('INSERT INTO `customers` (`firstname`, `lastname`, `email`, `phone`) VALUES (\'Jan Dyze\', \'Malaluan\', \'jdmalaluan2@gmail.com\', \'None provided\')')
 3 SYSTEMPATH\Database\BaseBuilder.php(2307): CodeIgniter\Database\BaseConnection->query('INSERT INTO `customers` (`firstname`, `lastname`, `email`, `phone`) VALUES (:firstname:, :lastname:, :email:, :phone:)', [...], false)
 4 SYSTEMPATH\Model.php(326): CodeIgniter\Database\BaseBuilder->insert()
 5 SYSTEMPATH\BaseModel.php(802): CodeIgniter\Model->doInsert([...])
 6 SYSTEMPATH\Model.php(744): CodeIgniter\BaseModel->insert([...], true)
 7 APPPATH\Controllers\AccountController.php(42): CodeIgniter\Model->insert([...])
 8 SYSTEMPATH\CodeIgniter.php(941): App\Controllers\AccountController->createAccount()
 9 SYSTEMPATH\CodeIgniter.php(502): CodeIgniter\CodeIgniter->runController(Object(App\Controllers\AccountController))
10 SYSTEMPATH\CodeIgniter.php(361): CodeIgniter\CodeIgniter->handleRequest(null, Object(Config\Cache), false)
11 FCPATH\index.php(89): CodeIgniter\CodeIgniter->run()
CRITICAL - 2024-04-13 08:13:18 --> [Caused by] mysqli_sql_exception: Duplicate entry 'jdmalaluan2@gmail.com' for key 'customers.email'
in SYSTEMPATH\Database\MySQLi\Connection.php on line 306.
 1 SYSTEMPATH\Database\MySQLi\Connection.php(306): mysqli->query('INSERT INTO `customers` (`firstname`, `lastname`, `email`, `phone`) VALUES (\'Jan Dyze\', \'Malaluan\', \'jdmalaluan2@gmail.com\', \'None provided\')', 0)
 2 SYSTEMPATH\Database\BaseConnection.php(693): CodeIgniter\Database\MySQLi\Connection->execute('INSERT INTO `customers` (`firstname`, `lastname`, `email`, `phone`) VALUES (\'Jan Dyze\', \'Malaluan\', \'jdmalaluan2@gmail.com\', \'None provided\')')
 3 SYSTEMPATH\Database\BaseConnection.php(607): CodeIgniter\Database\BaseConnection->simpleQuery('INSERT INTO `customers` (`firstname`, `lastname`, `email`, `phone`) VALUES (\'Jan Dyze\', \'Malaluan\', \'jdmalaluan2@gmail.com\', \'None provided\')')
 4 SYSTEMPATH\Database\BaseBuilder.php(2307): CodeIgniter\Database\BaseConnection->query('INSERT INTO `customers` (`firstname`, `lastname`, `email`, `phone`) VALUES (:firstname:, :lastname:, :email:, :phone:)', [...], false)
 5 SYSTEMPATH\Model.php(326): CodeIgniter\Database\BaseBuilder->insert()
 6 SYSTEMPATH\BaseModel.php(802): CodeIgniter\Model->doInsert([...])
 7 SYSTEMPATH\Model.php(744): CodeIgniter\BaseModel->insert([...], true)
 8 APPPATH\Controllers\AccountController.php(42): CodeIgniter\Model->insert([...])
 9 SYSTEMPATH\CodeIgniter.php(941): App\Controllers\AccountController->createAccount()
10 SYSTEMPATH\CodeIgniter.php(502): CodeIgniter\CodeIgniter->runController(Object(App\Controllers\AccountController))
11 SYSTEMPATH\CodeIgniter.php(361): CodeIgniter\CodeIgniter->handleRequest(null, Object(Config\Cache), false)
12 FCPATH\index.php(89): CodeIgniter\CodeIgniter->run()
ERROR - 2024-04-13 09:16:48 --> mysqli_sql_exception: Cannot add or update a child row: a foreign key constraint fails (`aivr`.`sessions`, CONSTRAINT `sessions_cashier_id_foreign` FOREIGN KEY (`cashier_id`) REFERENCES `accounts` (`id`) ON DELETE CASCADE ON UPDATE CASCADE) in C:\laragon\www\Capstone\AnahawBE\system\Database\MySQLi\Connection.php:306
Stack trace:
#0 C:\laragon\www\Capstone\AnahawBE\system\Database\MySQLi\Connection.php(306): mysqli->query('INSERT INTO `se...', 0)
#1 C:\laragon\www\Capstone\AnahawBE\system\Database\BaseConnection.php(693): CodeIgniter\Database\MySQLi\Connection->execute('INSERT INTO `se...')
#2 C:\laragon\www\Capstone\AnahawBE\system\Database\BaseConnection.php(607): CodeIgniter\Database\BaseConnection->simpleQuery('INSERT INTO `se...')
#3 C:\laragon\www\Capstone\AnahawBE\system\Database\BaseBuilder.php(2307): CodeIgniter\Database\BaseConnection->query('INSERT INTO `se...', Array, false)
#4 C:\laragon\www\Capstone\AnahawBE\system\Model.php(326): CodeIgniter\Database\BaseBuilder->insert()
#5 C:\laragon\www\Capstone\AnahawBE\system\BaseModel.php(802): CodeIgniter\Model->doInsert(Array)
#6 C:\laragon\www\Capstone\AnahawBE\system\Model.php(744): CodeIgniter\BaseModel->insert(Array, false)
#7 C:\laragon\www\Capstone\AnahawBE\system\BaseModel.php(713): CodeIgniter\Model->insert(Array, false)
#8 C:\laragon\www\Capstone\AnahawBE\app\Controllers\SessionController.php(32): CodeIgniter\BaseModel->save(Array)
#9 C:\laragon\www\Capstone\AnahawBE\system\CodeIgniter.php(941): App\Controllers\SessionController->addSession()
#10 C:\laragon\www\Capstone\AnahawBE\system\CodeIgniter.php(502): CodeIgniter\CodeIgniter->runController(Object(App\Controllers\SessionController))
#11 C:\laragon\www\Capstone\AnahawBE\system\CodeIgniter.php(361): CodeIgniter\CodeIgniter->handleRequest(NULL, Object(Config\Cache), false)
#12 C:\laragon\www\Capstone\AnahawBE\public\index.php(89): CodeIgniter\CodeIgniter->run()
#13 {main}
CRITICAL - 2024-04-13 09:16:48 --> CodeIgniter\Database\Exceptions\DatabaseException: Cannot add or update a child row: a foreign key constraint fails (`aivr`.`sessions`, CONSTRAINT `sessions_cashier_id_foreign` FOREIGN KEY (`cashier_id`) REFERENCES `accounts` (`id`) ON DELETE CASCADE ON UPDATE CASCADE)
in SYSTEMPATH\Database\BaseConnection.php on line 647.
 1 SYSTEMPATH\Database\BaseBuilder.php(2307): CodeIgniter\Database\BaseConnection->query('INSERT INTO `sessions` (`opening_cash`, `note`, `cashier_id`) VALUES (:opening_cash:, :note:, :cashier_id:)', [...], false)
 2 SYSTEMPATH\Model.php(326): CodeIgniter\Database\BaseBuilder->insert()
 3 SYSTEMPATH\BaseModel.php(802): CodeIgniter\Model->doInsert([...])
 4 SYSTEMPATH\Model.php(744): CodeIgniter\BaseModel->insert([...], false)
 5 SYSTEMPATH\BaseModel.php(713): CodeIgniter\Model->insert([...], false)
 6 APPPATH\Controllers\SessionController.php(32): CodeIgniter\BaseModel->save([...])
 7 SYSTEMPATH\CodeIgniter.php(941): App\Controllers\SessionController->addSession()
 8 SYSTEMPATH\CodeIgniter.php(502): CodeIgniter\CodeIgniter->runController(Object(App\Controllers\SessionController))
 9 SYSTEMPATH\CodeIgniter.php(361): CodeIgniter\CodeIgniter->handleRequest(null, Object(Config\Cache), false)
10 FCPATH\index.php(89): CodeIgniter\CodeIgniter->run()
CRITICAL - 2024-04-13 09:16:48 --> [Caused by] CodeIgniter\Database\Exceptions\DatabaseException: Cannot add or update a child row: a foreign key constraint fails (`aivr`.`sessions`, CONSTRAINT `sessions_cashier_id_foreign` FOREIGN KEY (`cashier_id`) REFERENCES `accounts` (`id`) ON DELETE CASCADE ON UPDATE CASCADE)
in SYSTEMPATH\Database\MySQLi\Connection.php on line 311.
 1 SYSTEMPATH\Database\BaseConnection.php(693): CodeIgniter\Database\MySQLi\Connection->execute('INSERT INTO `sessions` (`opening_cash`, `note`, `cashier_id`) VALUES (\'23113\', \'\', \'1490417475231656\')')
 2 SYSTEMPATH\Database\BaseConnection.php(607): CodeIgniter\Database\BaseConnection->simpleQuery('INSERT INTO `sessions` (`opening_cash`, `note`, `cashier_id`) VALUES (\'23113\', \'\', \'1490417475231656\')')
 3 SYSTEMPATH\Database\BaseBuilder.php(2307): CodeIgniter\Database\BaseConnection->query('INSERT INTO `sessions` (`opening_cash`, `note`, `cashier_id`) VALUES (:opening_cash:, :note:, :cashier_id:)', [...], false)
 4 SYSTEMPATH\Model.php(326): CodeIgniter\Database\BaseBuilder->insert()
 5 SYSTEMPATH\BaseModel.php(802): CodeIgniter\Model->doInsert([...])
 6 SYSTEMPATH\Model.php(744): CodeIgniter\BaseModel->insert([...], false)
 7 SYSTEMPATH\BaseModel.php(713): CodeIgniter\Model->insert([...], false)
 8 APPPATH\Controllers\SessionController.php(32): CodeIgniter\BaseModel->save([...])
 9 SYSTEMPATH\CodeIgniter.php(941): App\Controllers\SessionController->addSession()
10 SYSTEMPATH\CodeIgniter.php(502): CodeIgniter\CodeIgniter->runController(Object(App\Controllers\SessionController))
11 SYSTEMPATH\CodeIgniter.php(361): CodeIgniter\CodeIgniter->handleRequest(null, Object(Config\Cache), false)
12 FCPATH\index.php(89): CodeIgniter\CodeIgniter->run()
CRITICAL - 2024-04-13 09:16:48 --> [Caused by] mysqli_sql_exception: Cannot add or update a child row: a foreign key constraint fails (`aivr`.`sessions`, CONSTRAINT `sessions_cashier_id_foreign` FOREIGN KEY (`cashier_id`) REFERENCES `accounts` (`id`) ON DELETE CASCADE ON UPDATE CASCADE)
in SYSTEMPATH\Database\MySQLi\Connection.php on line 306.
 1 SYSTEMPATH\Database\MySQLi\Connection.php(306): mysqli->query('INSERT INTO `sessions` (`opening_cash`, `note`, `cashier_id`) VALUES (\'23113\', \'\', \'1490417475231656\')', 0)
 2 SYSTEMPATH\Database\BaseConnection.php(693): CodeIgniter\Database\MySQLi\Connection->execute('INSERT INTO `sessions` (`opening_cash`, `note`, `cashier_id`) VALUES (\'23113\', \'\', \'1490417475231656\')')
 3 SYSTEMPATH\Database\BaseConnection.php(607): CodeIgniter\Database\BaseConnection->simpleQuery('INSERT INTO `sessions` (`opening_cash`, `note`, `cashier_id`) VALUES (\'23113\', \'\', \'1490417475231656\')')
 4 SYSTEMPATH\Database\BaseBuilder.php(2307): CodeIgniter\Database\BaseConnection->query('INSERT INTO `sessions` (`opening_cash`, `note`, `cashier_id`) VALUES (:opening_cash:, :note:, :cashier_id:)', [...], false)
 5 SYSTEMPATH\Model.php(326): CodeIgniter\Database\BaseBuilder->insert()
 6 SYSTEMPATH\BaseModel.php(802): CodeIgniter\Model->doInsert([...])
 7 SYSTEMPATH\Model.php(744): CodeIgniter\BaseModel->insert([...], false)
 8 SYSTEMPATH\BaseModel.php(713): CodeIgniter\Model->insert([...], false)
 9 APPPATH\Controllers\SessionController.php(32): CodeIgniter\BaseModel->save([...])
10 SYSTEMPATH\CodeIgniter.php(941): App\Controllers\SessionController->addSession()
11 SYSTEMPATH\CodeIgniter.php(502): CodeIgniter\CodeIgniter->runController(Object(App\Controllers\SessionController))
12 SYSTEMPATH\CodeIgniter.php(361): CodeIgniter\CodeIgniter->handleRequest(null, Object(Config\Cache), false)
13 FCPATH\index.php(89): CodeIgniter\CodeIgniter->run()
ERROR - 2024-04-13 09:18:04 --> mysqli_sql_exception: Duplicate entry 'jdmalaluan2@gmail.com' for key 'customers.email' in C:\laragon\www\Capstone\AnahawBE\system\Database\MySQLi\Connection.php:306
Stack trace:
#0 C:\laragon\www\Capstone\AnahawBE\system\Database\MySQLi\Connection.php(306): mysqli->query('INSERT INTO `cu...', 0)
#1 C:\laragon\www\Capstone\AnahawBE\system\Database\BaseConnection.php(693): CodeIgniter\Database\MySQLi\Connection->execute('INSERT INTO `cu...')
#2 C:\laragon\www\Capstone\AnahawBE\system\Database\BaseConnection.php(607): CodeIgniter\Database\BaseConnection->simpleQuery('INSERT INTO `cu...')
#3 C:\laragon\www\Capstone\AnahawBE\system\Database\BaseBuilder.php(2307): CodeIgniter\Database\BaseConnection->query('INSERT INTO `cu...', Array, false)
#4 C:\laragon\www\Capstone\AnahawBE\system\Model.php(326): CodeIgniter\Database\BaseBuilder->insert()
#5 C:\laragon\www\Capstone\AnahawBE\system\BaseModel.php(802): CodeIgniter\Model->doInsert(Array)
#6 C:\laragon\www\Capstone\AnahawBE\system\Model.php(744): CodeIgniter\BaseModel->insert(Array, true)
#7 C:\laragon\www\Capstone\AnahawBE\app\Controllers\AccountController.php(42): CodeIgniter\Model->insert(Array)
#8 C:\laragon\www\Capstone\AnahawBE\system\CodeIgniter.php(941): App\Controllers\AccountController->createAccount()
#9 C:\laragon\www\Capstone\AnahawBE\system\CodeIgniter.php(502): CodeIgniter\CodeIgniter->runController(Object(App\Controllers\AccountController))
#10 C:\laragon\www\Capstone\AnahawBE\system\CodeIgniter.php(361): CodeIgniter\CodeIgniter->handleRequest(NULL, Object(Config\Cache), false)
#11 C:\laragon\www\Capstone\AnahawBE\public\index.php(89): CodeIgniter\CodeIgniter->run()
#12 {main}
CRITICAL - 2024-04-13 09:18:04 --> CodeIgniter\Database\Exceptions\DatabaseException: Duplicate entry 'jdmalaluan2@gmail.com' for key 'customers.email'
in SYSTEMPATH\Database\BaseConnection.php on line 647.
 1 SYSTEMPATH\Database\BaseBuilder.php(2307): CodeIgniter\Database\BaseConnection->query('INSERT INTO `customers` (`firstname`, `lastname`, `email`, `phone`) VALUES (:firstname:, :lastname:, :email:, :phone:)', [...], false)
 2 SYSTEMPATH\Model.php(326): CodeIgniter\Database\BaseBuilder->insert()
 3 SYSTEMPATH\BaseModel.php(802): CodeIgniter\Model->doInsert([...])
 4 SYSTEMPATH\Model.php(744): CodeIgniter\BaseModel->insert([...], true)
 5 APPPATH\Controllers\AccountController.php(42): CodeIgniter\Model->insert([...])
 6 SYSTEMPATH\CodeIgniter.php(941): App\Controllers\AccountController->createAccount()
 7 SYSTEMPATH\CodeIgniter.php(502): CodeIgniter\CodeIgniter->runController(Object(App\Controllers\AccountController))
 8 SYSTEMPATH\CodeIgniter.php(361): CodeIgniter\CodeIgniter->handleRequest(null, Object(Config\Cache), false)
 9 FCPATH\index.php(89): CodeIgniter\CodeIgniter->run()
CRITICAL - 2024-04-13 09:18:04 --> [Caused by] CodeIgniter\Database\Exceptions\DatabaseException: Duplicate entry 'jdmalaluan2@gmail.com' for key 'customers.email'
in SYSTEMPATH\Database\MySQLi\Connection.php on line 311.
 1 SYSTEMPATH\Database\BaseConnection.php(693): CodeIgniter\Database\MySQLi\Connection->execute('INSERT INTO `customers` (`firstname`, `lastname`, `email`, `phone`) VALUES (\'Jan Dyze\', \'Malaluan\', \'jdmalaluan2@gmail.com\', \'None provided\')')
 2 SYSTEMPATH\Database\BaseConnection.php(607): CodeIgniter\Database\BaseConnection->simpleQuery('INSERT INTO `customers` (`firstname`, `lastname`, `email`, `phone`) VALUES (\'Jan Dyze\', \'Malaluan\', \'jdmalaluan2@gmail.com\', \'None provided\')')
 3 SYSTEMPATH\Database\BaseBuilder.php(2307): CodeIgniter\Database\BaseConnection->query('INSERT INTO `customers` (`firstname`, `lastname`, `email`, `phone`) VALUES (:firstname:, :lastname:, :email:, :phone:)', [...], false)
 4 SYSTEMPATH\Model.php(326): CodeIgniter\Database\BaseBuilder->insert()
 5 SYSTEMPATH\BaseModel.php(802): CodeIgniter\Model->doInsert([...])
 6 SYSTEMPATH\Model.php(744): CodeIgniter\BaseModel->insert([...], true)
 7 APPPATH\Controllers\AccountController.php(42): CodeIgniter\Model->insert([...])
 8 SYSTEMPATH\CodeIgniter.php(941): App\Controllers\AccountController->createAccount()
 9 SYSTEMPATH\CodeIgniter.php(502): CodeIgniter\CodeIgniter->runController(Object(App\Controllers\AccountController))
10 SYSTEMPATH\CodeIgniter.php(361): CodeIgniter\CodeIgniter->handleRequest(null, Object(Config\Cache), false)
11 FCPATH\index.php(89): CodeIgniter\CodeIgniter->run()
CRITICAL - 2024-04-13 09:18:04 --> [Caused by] mysqli_sql_exception: Duplicate entry 'jdmalaluan2@gmail.com' for key 'customers.email'
in SYSTEMPATH\Database\MySQLi\Connection.php on line 306.
 1 SYSTEMPATH\Database\MySQLi\Connection.php(306): mysqli->query('INSERT INTO `customers` (`firstname`, `lastname`, `email`, `phone`) VALUES (\'Jan Dyze\', \'Malaluan\', \'jdmalaluan2@gmail.com\', \'None provided\')', 0)
 2 SYSTEMPATH\Database\BaseConnection.php(693): CodeIgniter\Database\MySQLi\Connection->execute('INSERT INTO `customers` (`firstname`, `lastname`, `email`, `phone`) VALUES (\'Jan Dyze\', \'Malaluan\', \'jdmalaluan2@gmail.com\', \'None provided\')')
 3 SYSTEMPATH\Database\BaseConnection.php(607): CodeIgniter\Database\BaseConnection->simpleQuery('INSERT INTO `customers` (`firstname`, `lastname`, `email`, `phone`) VALUES (\'Jan Dyze\', \'Malaluan\', \'jdmalaluan2@gmail.com\', \'None provided\')')
 4 SYSTEMPATH\Database\BaseBuilder.php(2307): CodeIgniter\Database\BaseConnection->query('INSERT INTO `customers` (`firstname`, `lastname`, `email`, `phone`) VALUES (:firstname:, :lastname:, :email:, :phone:)', [...], false)
 5 SYSTEMPATH\Model.php(326): CodeIgniter\Database\BaseBuilder->insert()
 6 SYSTEMPATH\BaseModel.php(802): CodeIgniter\Model->doInsert([...])
 7 SYSTEMPATH\Model.php(744): CodeIgniter\BaseModel->insert([...], true)
 8 APPPATH\Controllers\AccountController.php(42): CodeIgniter\Model->insert([...])
 9 SYSTEMPATH\CodeIgniter.php(941): App\Controllers\AccountController->createAccount()
10 SYSTEMPATH\CodeIgniter.php(502): CodeIgniter\CodeIgniter->runController(Object(App\Controllers\AccountController))
11 SYSTEMPATH\CodeIgniter.php(361): CodeIgniter\CodeIgniter->handleRequest(null, Object(Config\Cache), false)
12 FCPATH\index.php(89): CodeIgniter\CodeIgniter->run()
<<<<<<< HEAD
ERROR - 2024-04-13 11:03:49 --> mysqli_sql_exception: Duplicate entry 'jdmalaluan2@gmail.com' for key 'customers.email' in C:\laragon\www\Capstone\AnahawBE\system\Database\MySQLi\Connection.php:306
=======
ERROR - 2024-04-13 11:44:27 --> mysqli_sql_exception: Duplicate entry 'mercadopatrickkristoffer@gmail.com' for key 'customers.email' in C:\laragon\www\Capstone\AnahawBE\system\Database\MySQLi\Connection.php:306
>>>>>>> 18dd30f934338967642a312e5d6b81e15c344f52
Stack trace:
#0 C:\laragon\www\Capstone\AnahawBE\system\Database\MySQLi\Connection.php(306): mysqli->query('INSERT INTO `cu...', 0)
#1 C:\laragon\www\Capstone\AnahawBE\system\Database\BaseConnection.php(693): CodeIgniter\Database\MySQLi\Connection->execute('INSERT INTO `cu...')
#2 C:\laragon\www\Capstone\AnahawBE\system\Database\BaseConnection.php(607): CodeIgniter\Database\BaseConnection->simpleQuery('INSERT INTO `cu...')
#3 C:\laragon\www\Capstone\AnahawBE\system\Database\BaseBuilder.php(2307): CodeIgniter\Database\BaseConnection->query('INSERT INTO `cu...', Array, false)
#4 C:\laragon\www\Capstone\AnahawBE\system\Model.php(326): CodeIgniter\Database\BaseBuilder->insert()
#5 C:\laragon\www\Capstone\AnahawBE\system\BaseModel.php(802): CodeIgniter\Model->doInsert(Array)
#6 C:\laragon\www\Capstone\AnahawBE\system\Model.php(744): CodeIgniter\BaseModel->insert(Array, true)
#7 C:\laragon\www\Capstone\AnahawBE\app\Controllers\AccountController.php(42): CodeIgniter\Model->insert(Array)
#8 C:\laragon\www\Capstone\AnahawBE\system\CodeIgniter.php(941): App\Controllers\AccountController->createAccount()
#9 C:\laragon\www\Capstone\AnahawBE\system\CodeIgniter.php(502): CodeIgniter\CodeIgniter->runController(Object(App\Controllers\AccountController))
#10 C:\laragon\www\Capstone\AnahawBE\system\CodeIgniter.php(361): CodeIgniter\CodeIgniter->handleRequest(NULL, Object(Config\Cache), false)
#11 C:\laragon\www\Capstone\AnahawBE\public\index.php(89): CodeIgniter\CodeIgniter->run()
#12 {main}
<<<<<<< HEAD
CRITICAL - 2024-04-13 11:03:49 --> CodeIgniter\Database\Exceptions\DatabaseException: Duplicate entry 'jdmalaluan2@gmail.com' for key 'customers.email'
=======
CRITICAL - 2024-04-13 11:44:27 --> CodeIgniter\Database\Exceptions\DatabaseException: Duplicate entry 'mercadopatrickkristoffer@gmail.com' for key 'customers.email'
>>>>>>> 18dd30f934338967642a312e5d6b81e15c344f52
in SYSTEMPATH\Database\BaseConnection.php on line 647.
 1 SYSTEMPATH\Database\BaseBuilder.php(2307): CodeIgniter\Database\BaseConnection->query('INSERT INTO `customers` (`firstname`, `lastname`, `email`, `phone`) VALUES (:firstname:, :lastname:, :email:, :phone:)', [...], false)
 2 SYSTEMPATH\Model.php(326): CodeIgniter\Database\BaseBuilder->insert()
 3 SYSTEMPATH\BaseModel.php(802): CodeIgniter\Model->doInsert([...])
 4 SYSTEMPATH\Model.php(744): CodeIgniter\BaseModel->insert([...], true)
 5 APPPATH\Controllers\AccountController.php(42): CodeIgniter\Model->insert([...])
 6 SYSTEMPATH\CodeIgniter.php(941): App\Controllers\AccountController->createAccount()
 7 SYSTEMPATH\CodeIgniter.php(502): CodeIgniter\CodeIgniter->runController(Object(App\Controllers\AccountController))
 8 SYSTEMPATH\CodeIgniter.php(361): CodeIgniter\CodeIgniter->handleRequest(null, Object(Config\Cache), false)
 9 FCPATH\index.php(89): CodeIgniter\CodeIgniter->run()
<<<<<<< HEAD
CRITICAL - 2024-04-13 11:03:49 --> [Caused by] CodeIgniter\Database\Exceptions\DatabaseException: Duplicate entry 'jdmalaluan2@gmail.com' for key 'customers.email'
in SYSTEMPATH\Database\MySQLi\Connection.php on line 311.
 1 SYSTEMPATH\Database\BaseConnection.php(693): CodeIgniter\Database\MySQLi\Connection->execute('INSERT INTO `customers` (`firstname`, `lastname`, `email`, `phone`) VALUES (\'Jan Dyze\', \'Malaluan\', \'jdmalaluan2@gmail.com\', \'None provided\')')
 2 SYSTEMPATH\Database\BaseConnection.php(607): CodeIgniter\Database\BaseConnection->simpleQuery('INSERT INTO `customers` (`firstname`, `lastname`, `email`, `phone`) VALUES (\'Jan Dyze\', \'Malaluan\', \'jdmalaluan2@gmail.com\', \'None provided\')')
=======
CRITICAL - 2024-04-13 11:44:27 --> [Caused by] CodeIgniter\Database\Exceptions\DatabaseException: Duplicate entry 'mercadopatrickkristoffer@gmail.com' for key 'customers.email'
in SYSTEMPATH\Database\MySQLi\Connection.php on line 311.
 1 SYSTEMPATH\Database\BaseConnection.php(693): CodeIgniter\Database\MySQLi\Connection->execute('INSERT INTO `customers` (`firstname`, `lastname`, `email`, `phone`) VALUES (\'Patrick Kristoffer C.\', \'Mercado\', \'mercadopatrickkristoffer@gmail.com\', \'None provided\')')
 2 SYSTEMPATH\Database\BaseConnection.php(607): CodeIgniter\Database\BaseConnection->simpleQuery('INSERT INTO `customers` (`firstname`, `lastname`, `email`, `phone`) VALUES (\'Patrick Kristoffer C.\', \'Mercado\', \'mercadopatrickkristoffer@gmail.com\', \'None provided\')')
>>>>>>> 18dd30f934338967642a312e5d6b81e15c344f52
 3 SYSTEMPATH\Database\BaseBuilder.php(2307): CodeIgniter\Database\BaseConnection->query('INSERT INTO `customers` (`firstname`, `lastname`, `email`, `phone`) VALUES (:firstname:, :lastname:, :email:, :phone:)', [...], false)
 4 SYSTEMPATH\Model.php(326): CodeIgniter\Database\BaseBuilder->insert()
 5 SYSTEMPATH\BaseModel.php(802): CodeIgniter\Model->doInsert([...])
 6 SYSTEMPATH\Model.php(744): CodeIgniter\BaseModel->insert([...], true)
 7 APPPATH\Controllers\AccountController.php(42): CodeIgniter\Model->insert([...])
 8 SYSTEMPATH\CodeIgniter.php(941): App\Controllers\AccountController->createAccount()
 9 SYSTEMPATH\CodeIgniter.php(502): CodeIgniter\CodeIgniter->runController(Object(App\Controllers\AccountController))
10 SYSTEMPATH\CodeIgniter.php(361): CodeIgniter\CodeIgniter->handleRequest(null, Object(Config\Cache), false)
11 FCPATH\index.php(89): CodeIgniter\CodeIgniter->run()
<<<<<<< HEAD
CRITICAL - 2024-04-13 11:03:49 --> [Caused by] mysqli_sql_exception: Duplicate entry 'jdmalaluan2@gmail.com' for key 'customers.email'
in SYSTEMPATH\Database\MySQLi\Connection.php on line 306.
 1 SYSTEMPATH\Database\MySQLi\Connection.php(306): mysqli->query('INSERT INTO `customers` (`firstname`, `lastname`, `email`, `phone`) VALUES (\'Jan Dyze\', \'Malaluan\', \'jdmalaluan2@gmail.com\', \'None provided\')', 0)
 2 SYSTEMPATH\Database\BaseConnection.php(693): CodeIgniter\Database\MySQLi\Connection->execute('INSERT INTO `customers` (`firstname`, `lastname`, `email`, `phone`) VALUES (\'Jan Dyze\', \'Malaluan\', \'jdmalaluan2@gmail.com\', \'None provided\')')
 3 SYSTEMPATH\Database\BaseConnection.php(607): CodeIgniter\Database\BaseConnection->simpleQuery('INSERT INTO `customers` (`firstname`, `lastname`, `email`, `phone`) VALUES (\'Jan Dyze\', \'Malaluan\', \'jdmalaluan2@gmail.com\', \'None provided\')')
=======
CRITICAL - 2024-04-13 11:44:27 --> [Caused by] mysqli_sql_exception: Duplicate entry 'mercadopatrickkristoffer@gmail.com' for key 'customers.email'
in SYSTEMPATH\Database\MySQLi\Connection.php on line 306.
 1 SYSTEMPATH\Database\MySQLi\Connection.php(306): mysqli->query('INSERT INTO `customers` (`firstname`, `lastname`, `email`, `phone`) VALUES (\'Patrick Kristoffer C.\', \'Mercado\', \'mercadopatrickkristoffer@gmail.com\', \'None provided\')', 0)
 2 SYSTEMPATH\Database\BaseConnection.php(693): CodeIgniter\Database\MySQLi\Connection->execute('INSERT INTO `customers` (`firstname`, `lastname`, `email`, `phone`) VALUES (\'Patrick Kristoffer C.\', \'Mercado\', \'mercadopatrickkristoffer@gmail.com\', \'None provided\')')
 3 SYSTEMPATH\Database\BaseConnection.php(607): CodeIgniter\Database\BaseConnection->simpleQuery('INSERT INTO `customers` (`firstname`, `lastname`, `email`, `phone`) VALUES (\'Patrick Kristoffer C.\', \'Mercado\', \'mercadopatrickkristoffer@gmail.com\', \'None provided\')')
>>>>>>> 18dd30f934338967642a312e5d6b81e15c344f52
 4 SYSTEMPATH\Database\BaseBuilder.php(2307): CodeIgniter\Database\BaseConnection->query('INSERT INTO `customers` (`firstname`, `lastname`, `email`, `phone`) VALUES (:firstname:, :lastname:, :email:, :phone:)', [...], false)
 5 SYSTEMPATH\Model.php(326): CodeIgniter\Database\BaseBuilder->insert()
 6 SYSTEMPATH\BaseModel.php(802): CodeIgniter\Model->doInsert([...])
 7 SYSTEMPATH\Model.php(744): CodeIgniter\BaseModel->insert([...], true)
 8 APPPATH\Controllers\AccountController.php(42): CodeIgniter\Model->insert([...])
 9 SYSTEMPATH\CodeIgniter.php(941): App\Controllers\AccountController->createAccount()
10 SYSTEMPATH\CodeIgniter.php(502): CodeIgniter\CodeIgniter->runController(Object(App\Controllers\AccountController))
11 SYSTEMPATH\CodeIgniter.php(361): CodeIgniter\CodeIgniter->handleRequest(null, Object(Config\Cache), false)
12 FCPATH\index.php(89): CodeIgniter\CodeIgniter->run()
<<<<<<< HEAD
=======
CRITICAL - 2024-04-13 12:14:31 --> CodeIgniter\Database\Exceptions\DataException: There is no data to update.
in SYSTEMPATH\BaseModel.php on line 970.
 1 SYSTEMPATH\BaseModel.php(970): CodeIgniter\Database\Exceptions\DataException::forEmptyDataset('update')
 2 SYSTEMPATH\Model.php(807): CodeIgniter\BaseModel->update([...], [])
 3 APPPATH\Controllers\CustomerController.php(54): CodeIgniter\Model->update('1', [...])
 4 SYSTEMPATH\CodeIgniter.php(941): App\Controllers\CustomerController->archiveCustomer('1')
 5 SYSTEMPATH\CodeIgniter.php(502): CodeIgniter\CodeIgniter->runController(Object(App\Controllers\CustomerController))
 6 SYSTEMPATH\CodeIgniter.php(361): CodeIgniter\CodeIgniter->handleRequest(null, Object(Config\Cache), false)
 7 FCPATH\index.php(89): CodeIgniter\CodeIgniter->run()
ERROR - 2024-04-13 12:36:37 --> mysqli_sql_exception: Duplicate entry '' for key 'customers.email' in C:\laragon\www\Capstone\AnahawBE\system\Database\MySQLi\Connection.php:306
Stack trace:
#0 C:\laragon\www\Capstone\AnahawBE\system\Database\MySQLi\Connection.php(306): mysqli->query('INSERT INTO `cu...', 0)
#1 C:\laragon\www\Capstone\AnahawBE\system\Database\BaseConnection.php(693): CodeIgniter\Database\MySQLi\Connection->execute('INSERT INTO `cu...')
#2 C:\laragon\www\Capstone\AnahawBE\system\Database\BaseConnection.php(607): CodeIgniter\Database\BaseConnection->simpleQuery('INSERT INTO `cu...')
#3 C:\laragon\www\Capstone\AnahawBE\system\Database\BaseBuilder.php(2307): CodeIgniter\Database\BaseConnection->query('INSERT INTO `cu...', Array, false)
#4 C:\laragon\www\Capstone\AnahawBE\system\Model.php(326): CodeIgniter\Database\BaseBuilder->insert()
#5 C:\laragon\www\Capstone\AnahawBE\system\BaseModel.php(802): CodeIgniter\Model->doInsert(Array)
#6 C:\laragon\www\Capstone\AnahawBE\system\Model.php(744): CodeIgniter\BaseModel->insert(Array, false)
#7 C:\laragon\www\Capstone\AnahawBE\system\BaseModel.php(713): CodeIgniter\Model->insert(Array, false)
#8 C:\laragon\www\Capstone\AnahawBE\app\Controllers\CustomerController.php(34): CodeIgniter\BaseModel->save(Array)
#9 C:\laragon\www\Capstone\AnahawBE\system\CodeIgniter.php(941): App\Controllers\CustomerController->addCustomer()
#10 C:\laragon\www\Capstone\AnahawBE\system\CodeIgniter.php(502): CodeIgniter\CodeIgniter->runController(Object(App\Controllers\CustomerController))
#11 C:\laragon\www\Capstone\AnahawBE\system\CodeIgniter.php(361): CodeIgniter\CodeIgniter->handleRequest(NULL, Object(Config\Cache), false)
#12 C:\laragon\www\Capstone\AnahawBE\public\index.php(89): CodeIgniter\CodeIgniter->run()
#13 {main}
CRITICAL - 2024-04-13 12:36:37 --> CodeIgniter\Database\Exceptions\DatabaseException: Duplicate entry '' for key 'customers.email'
in SYSTEMPATH\Database\BaseConnection.php on line 647.
 1 SYSTEMPATH\Database\BaseBuilder.php(2307): CodeIgniter\Database\BaseConnection->query('INSERT INTO `customers` (`firstname`, `lastname`, `email`, `phone`) VALUES (:firstname:, :lastname:, :email:, :phone:)', [...], false)
 2 SYSTEMPATH\Model.php(326): CodeIgniter\Database\BaseBuilder->insert()
 3 SYSTEMPATH\BaseModel.php(802): CodeIgniter\Model->doInsert([...])
 4 SYSTEMPATH\Model.php(744): CodeIgniter\BaseModel->insert([...], false)
 5 SYSTEMPATH\BaseModel.php(713): CodeIgniter\Model->insert([...], false)
 6 APPPATH\Controllers\CustomerController.php(34): CodeIgniter\BaseModel->save([...])
 7 SYSTEMPATH\CodeIgniter.php(941): App\Controllers\CustomerController->addCustomer()
 8 SYSTEMPATH\CodeIgniter.php(502): CodeIgniter\CodeIgniter->runController(Object(App\Controllers\CustomerController))
 9 SYSTEMPATH\CodeIgniter.php(361): CodeIgniter\CodeIgniter->handleRequest(null, Object(Config\Cache), false)
10 FCPATH\index.php(89): CodeIgniter\CodeIgniter->run()
CRITICAL - 2024-04-13 12:36:37 --> [Caused by] CodeIgniter\Database\Exceptions\DatabaseException: Duplicate entry '' for key 'customers.email'
in SYSTEMPATH\Database\MySQLi\Connection.php on line 311.
 1 SYSTEMPATH\Database\BaseConnection.php(693): CodeIgniter\Database\MySQLi\Connection->execute('INSERT INTO `customers` (`firstname`, `lastname`, `email`, `phone`) VALUES (\'\', \'a\', \'\', \'\')')
 2 SYSTEMPATH\Database\BaseConnection.php(607): CodeIgniter\Database\BaseConnection->simpleQuery('INSERT INTO `customers` (`firstname`, `lastname`, `email`, `phone`) VALUES (\'\', \'a\', \'\', \'\')')
 3 SYSTEMPATH\Database\BaseBuilder.php(2307): CodeIgniter\Database\BaseConnection->query('INSERT INTO `customers` (`firstname`, `lastname`, `email`, `phone`) VALUES (:firstname:, :lastname:, :email:, :phone:)', [...], false)
 4 SYSTEMPATH\Model.php(326): CodeIgniter\Database\BaseBuilder->insert()
 5 SYSTEMPATH\BaseModel.php(802): CodeIgniter\Model->doInsert([...])
 6 SYSTEMPATH\Model.php(744): CodeIgniter\BaseModel->insert([...], false)
 7 SYSTEMPATH\BaseModel.php(713): CodeIgniter\Model->insert([...], false)
 8 APPPATH\Controllers\CustomerController.php(34): CodeIgniter\BaseModel->save([...])
 9 SYSTEMPATH\CodeIgniter.php(941): App\Controllers\CustomerController->addCustomer()
10 SYSTEMPATH\CodeIgniter.php(502): CodeIgniter\CodeIgniter->runController(Object(App\Controllers\CustomerController))
11 SYSTEMPATH\CodeIgniter.php(361): CodeIgniter\CodeIgniter->handleRequest(null, Object(Config\Cache), false)
12 FCPATH\index.php(89): CodeIgniter\CodeIgniter->run()
CRITICAL - 2024-04-13 12:36:37 --> [Caused by] mysqli_sql_exception: Duplicate entry '' for key 'customers.email'
in SYSTEMPATH\Database\MySQLi\Connection.php on line 306.
 1 SYSTEMPATH\Database\MySQLi\Connection.php(306): mysqli->query('INSERT INTO `customers` (`firstname`, `lastname`, `email`, `phone`) VALUES (\'\', \'a\', \'\', \'\')', 0)
 2 SYSTEMPATH\Database\BaseConnection.php(693): CodeIgniter\Database\MySQLi\Connection->execute('INSERT INTO `customers` (`firstname`, `lastname`, `email`, `phone`) VALUES (\'\', \'a\', \'\', \'\')')
 3 SYSTEMPATH\Database\BaseConnection.php(607): CodeIgniter\Database\BaseConnection->simpleQuery('INSERT INTO `customers` (`firstname`, `lastname`, `email`, `phone`) VALUES (\'\', \'a\', \'\', \'\')')
 4 SYSTEMPATH\Database\BaseBuilder.php(2307): CodeIgniter\Database\BaseConnection->query('INSERT INTO `customers` (`firstname`, `lastname`, `email`, `phone`) VALUES (:firstname:, :lastname:, :email:, :phone:)', [...], false)
 5 SYSTEMPATH\Model.php(326): CodeIgniter\Database\BaseBuilder->insert()
 6 SYSTEMPATH\BaseModel.php(802): CodeIgniter\Model->doInsert([...])
 7 SYSTEMPATH\Model.php(744): CodeIgniter\BaseModel->insert([...], false)
 8 SYSTEMPATH\BaseModel.php(713): CodeIgniter\Model->insert([...], false)
 9 APPPATH\Controllers\CustomerController.php(34): CodeIgniter\BaseModel->save([...])
10 SYSTEMPATH\CodeIgniter.php(941): App\Controllers\CustomerController->addCustomer()
11 SYSTEMPATH\CodeIgniter.php(502): CodeIgniter\CodeIgniter->runController(Object(App\Controllers\CustomerController))
12 SYSTEMPATH\CodeIgniter.php(361): CodeIgniter\CodeIgniter->handleRequest(null, Object(Config\Cache), false)
13 FCPATH\index.php(89): CodeIgniter\CodeIgniter->run()
ERROR - 2024-04-13 12:36:42 --> mysqli_sql_exception: Duplicate entry '' for key 'customers.email' in C:\laragon\www\Capstone\AnahawBE\system\Database\MySQLi\Connection.php:306
Stack trace:
#0 C:\laragon\www\Capstone\AnahawBE\system\Database\MySQLi\Connection.php(306): mysqli->query('INSERT INTO `cu...', 0)
#1 C:\laragon\www\Capstone\AnahawBE\system\Database\BaseConnection.php(693): CodeIgniter\Database\MySQLi\Connection->execute('INSERT INTO `cu...')
#2 C:\laragon\www\Capstone\AnahawBE\system\Database\BaseConnection.php(607): CodeIgniter\Database\BaseConnection->simpleQuery('INSERT INTO `cu...')
#3 C:\laragon\www\Capstone\AnahawBE\system\Database\BaseBuilder.php(2307): CodeIgniter\Database\BaseConnection->query('INSERT INTO `cu...', Array, false)
#4 C:\laragon\www\Capstone\AnahawBE\system\Model.php(326): CodeIgniter\Database\BaseBuilder->insert()
#5 C:\laragon\www\Capstone\AnahawBE\system\BaseModel.php(802): CodeIgniter\Model->doInsert(Array)
#6 C:\laragon\www\Capstone\AnahawBE\system\Model.php(744): CodeIgniter\BaseModel->insert(Array, false)
#7 C:\laragon\www\Capstone\AnahawBE\system\BaseModel.php(713): CodeIgniter\Model->insert(Array, false)
#8 C:\laragon\www\Capstone\AnahawBE\app\Controllers\CustomerController.php(34): CodeIgniter\BaseModel->save(Array)
#9 C:\laragon\www\Capstone\AnahawBE\system\CodeIgniter.php(941): App\Controllers\CustomerController->addCustomer()
#10 C:\laragon\www\Capstone\AnahawBE\system\CodeIgniter.php(502): CodeIgniter\CodeIgniter->runController(Object(App\Controllers\CustomerController))
#11 C:\laragon\www\Capstone\AnahawBE\system\CodeIgniter.php(361): CodeIgniter\CodeIgniter->handleRequest(NULL, Object(Config\Cache), false)
#12 C:\laragon\www\Capstone\AnahawBE\public\index.php(89): CodeIgniter\CodeIgniter->run()
#13 {main}
CRITICAL - 2024-04-13 12:36:42 --> CodeIgniter\Database\Exceptions\DatabaseException: Duplicate entry '' for key 'customers.email'
in SYSTEMPATH\Database\BaseConnection.php on line 647.
 1 SYSTEMPATH\Database\BaseBuilder.php(2307): CodeIgniter\Database\BaseConnection->query('INSERT INTO `customers` (`firstname`, `lastname`, `email`, `phone`) VALUES (:firstname:, :lastname:, :email:, :phone:)', [...], false)
 2 SYSTEMPATH\Model.php(326): CodeIgniter\Database\BaseBuilder->insert()
 3 SYSTEMPATH\BaseModel.php(802): CodeIgniter\Model->doInsert([...])
 4 SYSTEMPATH\Model.php(744): CodeIgniter\BaseModel->insert([...], false)
 5 SYSTEMPATH\BaseModel.php(713): CodeIgniter\Model->insert([...], false)
 6 APPPATH\Controllers\CustomerController.php(34): CodeIgniter\BaseModel->save([...])
 7 SYSTEMPATH\CodeIgniter.php(941): App\Controllers\CustomerController->addCustomer()
 8 SYSTEMPATH\CodeIgniter.php(502): CodeIgniter\CodeIgniter->runController(Object(App\Controllers\CustomerController))
 9 SYSTEMPATH\CodeIgniter.php(361): CodeIgniter\CodeIgniter->handleRequest(null, Object(Config\Cache), false)
10 FCPATH\index.php(89): CodeIgniter\CodeIgniter->run()
CRITICAL - 2024-04-13 12:36:42 --> [Caused by] CodeIgniter\Database\Exceptions\DatabaseException: Duplicate entry '' for key 'customers.email'
in SYSTEMPATH\Database\MySQLi\Connection.php on line 311.
 1 SYSTEMPATH\Database\BaseConnection.php(693): CodeIgniter\Database\MySQLi\Connection->execute('INSERT INTO `customers` (`firstname`, `lastname`, `email`, `phone`) VALUES (\'a\', \'a\', \'\', \'\')')
 2 SYSTEMPATH\Database\BaseConnection.php(607): CodeIgniter\Database\BaseConnection->simpleQuery('INSERT INTO `customers` (`firstname`, `lastname`, `email`, `phone`) VALUES (\'a\', \'a\', \'\', \'\')')
 3 SYSTEMPATH\Database\BaseBuilder.php(2307): CodeIgniter\Database\BaseConnection->query('INSERT INTO `customers` (`firstname`, `lastname`, `email`, `phone`) VALUES (:firstname:, :lastname:, :email:, :phone:)', [...], false)
 4 SYSTEMPATH\Model.php(326): CodeIgniter\Database\BaseBuilder->insert()
 5 SYSTEMPATH\BaseModel.php(802): CodeIgniter\Model->doInsert([...])
 6 SYSTEMPATH\Model.php(744): CodeIgniter\BaseModel->insert([...], false)
 7 SYSTEMPATH\BaseModel.php(713): CodeIgniter\Model->insert([...], false)
 8 APPPATH\Controllers\CustomerController.php(34): CodeIgniter\BaseModel->save([...])
 9 SYSTEMPATH\CodeIgniter.php(941): App\Controllers\CustomerController->addCustomer()
10 SYSTEMPATH\CodeIgniter.php(502): CodeIgniter\CodeIgniter->runController(Object(App\Controllers\CustomerController))
11 SYSTEMPATH\CodeIgniter.php(361): CodeIgniter\CodeIgniter->handleRequest(null, Object(Config\Cache), false)
12 FCPATH\index.php(89): CodeIgniter\CodeIgniter->run()
CRITICAL - 2024-04-13 12:36:42 --> [Caused by] mysqli_sql_exception: Duplicate entry '' for key 'customers.email'
in SYSTEMPATH\Database\MySQLi\Connection.php on line 306.
 1 SYSTEMPATH\Database\MySQLi\Connection.php(306): mysqli->query('INSERT INTO `customers` (`firstname`, `lastname`, `email`, `phone`) VALUES (\'a\', \'a\', \'\', \'\')', 0)
 2 SYSTEMPATH\Database\BaseConnection.php(693): CodeIgniter\Database\MySQLi\Connection->execute('INSERT INTO `customers` (`firstname`, `lastname`, `email`, `phone`) VALUES (\'a\', \'a\', \'\', \'\')')
 3 SYSTEMPATH\Database\BaseConnection.php(607): CodeIgniter\Database\BaseConnection->simpleQuery('INSERT INTO `customers` (`firstname`, `lastname`, `email`, `phone`) VALUES (\'a\', \'a\', \'\', \'\')')
 4 SYSTEMPATH\Database\BaseBuilder.php(2307): CodeIgniter\Database\BaseConnection->query('INSERT INTO `customers` (`firstname`, `lastname`, `email`, `phone`) VALUES (:firstname:, :lastname:, :email:, :phone:)', [...], false)
 5 SYSTEMPATH\Model.php(326): CodeIgniter\Database\BaseBuilder->insert()
 6 SYSTEMPATH\BaseModel.php(802): CodeIgniter\Model->doInsert([...])
 7 SYSTEMPATH\Model.php(744): CodeIgniter\BaseModel->insert([...], false)
 8 SYSTEMPATH\BaseModel.php(713): CodeIgniter\Model->insert([...], false)
 9 APPPATH\Controllers\CustomerController.php(34): CodeIgniter\BaseModel->save([...])
10 SYSTEMPATH\CodeIgniter.php(941): App\Controllers\CustomerController->addCustomer()
11 SYSTEMPATH\CodeIgniter.php(502): CodeIgniter\CodeIgniter->runController(Object(App\Controllers\CustomerController))
12 SYSTEMPATH\CodeIgniter.php(361): CodeIgniter\CodeIgniter->handleRequest(null, Object(Config\Cache), false)
13 FCPATH\index.php(89): CodeIgniter\CodeIgniter->run()
>>>>>>> 18dd30f934338967642a312e5d6b81e15c344f52
