ERROR - 2024-04-11 01:59:52 --> mysqli_sql_exception: Table 'aivr.customers' doesn't exist in C:\laragon\www\Capstone\AnahawBE\system\Database\MySQLi\Connection.php:306
Stack trace:
#0 C:\laragon\www\Capstone\AnahawBE\system\Database\MySQLi\Connection.php(306): mysqli->query('SELECT CONCAT(f...', 0)
#1 C:\laragon\www\Capstone\AnahawBE\system\Database\BaseConnection.php(693): CodeIgniter\Database\MySQLi\Connection->execute('SELECT CONCAT(f...')
#2 C:\laragon\www\Capstone\AnahawBE\system\Database\BaseConnection.php(607): CodeIgniter\Database\BaseConnection->simpleQuery('SELECT CONCAT(f...')
#3 C:\laragon\www\Capstone\AnahawBE\system\Database\BaseBuilder.php(1616): CodeIgniter\Database\BaseConnection->query('SELECT CONCAT(f...', Array, false)
#4 C:\laragon\www\Capstone\AnahawBE\system\Model.php(242): CodeIgniter\Database\BaseBuilder->get()
#5 C:\laragon\www\Capstone\AnahawBE\system\BaseModel.php(638): CodeIgniter\Model->doFindAll(0, 0)
#6 C:\laragon\www\Capstone\AnahawBE\app\Controllers\CustomerController.php(15): CodeIgniter\BaseModel->findAll()
#7 C:\laragon\www\Capstone\AnahawBE\system\CodeIgniter.php(941): App\Controllers\CustomerController->getAllCustomers()
#8 C:\laragon\www\Capstone\AnahawBE\system\CodeIgniter.php(502): CodeIgniter\CodeIgniter->runController(Object(App\Controllers\CustomerController))
#9 C:\laragon\www\Capstone\AnahawBE\system\CodeIgniter.php(361): CodeIgniter\CodeIgniter->handleRequest(NULL, Object(Config\Cache), false)
#10 C:\laragon\www\Capstone\AnahawBE\public\index.php(89): CodeIgniter\CodeIgniter->run()
#11 {main}
CRITICAL - 2024-04-11 01:59:52 --> CodeIgniter\Database\Exceptions\DatabaseException: Table 'aivr.customers' doesn't exist
in SYSTEMPATH\Database\BaseConnection.php on line 647.
 1 SYSTEMPATH\Database\BaseBuilder.php(1616): CodeIgniter\Database\BaseConnection->query('SELECT CONCAT(firstname, " ", lastname) as name, `email`, `phone`, `id`
FROM `customers`', [], false)
 2 SYSTEMPATH\Model.php(242): CodeIgniter\Database\BaseBuilder->get()
 3 SYSTEMPATH\BaseModel.php(638): CodeIgniter\Model->doFindAll(0, 0)
 4 APPPATH\Controllers\CustomerController.php(15): CodeIgniter\BaseModel->findAll()
 5 SYSTEMPATH\CodeIgniter.php(941): App\Controllers\CustomerController->getAllCustomers()
 6 SYSTEMPATH\CodeIgniter.php(502): CodeIgniter\CodeIgniter->runController(Object(App\Controllers\CustomerController))
 7 SYSTEMPATH\CodeIgniter.php(361): CodeIgniter\CodeIgniter->handleRequest(null, Object(Config\Cache), false)
 8 FCPATH\index.php(89): CodeIgniter\CodeIgniter->run()
CRITICAL - 2024-04-11 01:59:52 --> [Caused by] CodeIgniter\Database\Exceptions\DatabaseException: Table 'aivr.customers' doesn't exist
in SYSTEMPATH\Database\MySQLi\Connection.php on line 311.
 1 SYSTEMPATH\Database\BaseConnection.php(693): CodeIgniter\Database\MySQLi\Connection->execute('SELECT CONCAT(firstname, " ", lastname) as name, `email`, `phone`, `id`
FROM `customers`')
 2 SYSTEMPATH\Database\BaseConnection.php(607): CodeIgniter\Database\BaseConnection->simpleQuery('SELECT CONCAT(firstname, " ", lastname) as name, `email`, `phone`, `id`
FROM `customers`')
 3 SYSTEMPATH\Database\BaseBuilder.php(1616): CodeIgniter\Database\BaseConnection->query('SELECT CONCAT(firstname, " ", lastname) as name, `email`, `phone`, `id`
FROM `customers`', [], false)
 4 SYSTEMPATH\Model.php(242): CodeIgniter\Database\BaseBuilder->get()
 5 SYSTEMPATH\BaseModel.php(638): CodeIgniter\Model->doFindAll(0, 0)
 6 APPPATH\Controllers\CustomerController.php(15): CodeIgniter\BaseModel->findAll()
 7 SYSTEMPATH\CodeIgniter.php(941): App\Controllers\CustomerController->getAllCustomers()
 8 SYSTEMPATH\CodeIgniter.php(502): CodeIgniter\CodeIgniter->runController(Object(App\Controllers\CustomerController))
 9 SYSTEMPATH\CodeIgniter.php(361): CodeIgniter\CodeIgniter->handleRequest(null, Object(Config\Cache), false)
10 FCPATH\index.php(89): CodeIgniter\CodeIgniter->run()
CRITICAL - 2024-04-11 01:59:52 --> [Caused by] mysqli_sql_exception: Table 'aivr.customers' doesn't exist
in SYSTEMPATH\Database\MySQLi\Connection.php on line 306.
 1 SYSTEMPATH\Database\MySQLi\Connection.php(306): mysqli->query('SELECT CONCAT(firstname, " ", lastname) as name, `email`, `phone`, `id`
FROM `customers`', 0)
 2 SYSTEMPATH\Database\BaseConnection.php(693): CodeIgniter\Database\MySQLi\Connection->execute('SELECT CONCAT(firstname, " ", lastname) as name, `email`, `phone`, `id`
FROM `customers`')
 3 SYSTEMPATH\Database\BaseConnection.php(607): CodeIgniter\Database\BaseConnection->simpleQuery('SELECT CONCAT(firstname, " ", lastname) as name, `email`, `phone`, `id`
FROM `customers`')
 4 SYSTEMPATH\Database\BaseBuilder.php(1616): CodeIgniter\Database\BaseConnection->query('SELECT CONCAT(firstname, " ", lastname) as name, `email`, `phone`, `id`
FROM `customers`', [], false)
 5 SYSTEMPATH\Model.php(242): CodeIgniter\Database\BaseBuilder->get()
 6 SYSTEMPATH\BaseModel.php(638): CodeIgniter\Model->doFindAll(0, 0)
 7 APPPATH\Controllers\CustomerController.php(15): CodeIgniter\BaseModel->findAll()
 8 SYSTEMPATH\CodeIgniter.php(941): App\Controllers\CustomerController->getAllCustomers()
 9 SYSTEMPATH\CodeIgniter.php(502): CodeIgniter\CodeIgniter->runController(Object(App\Controllers\CustomerController))
10 SYSTEMPATH\CodeIgniter.php(361): CodeIgniter\CodeIgniter->handleRequest(null, Object(Config\Cache), false)
11 FCPATH\index.php(89): CodeIgniter\CodeIgniter->run()
ERROR - 2024-04-11 02:14:27 --> mysqli_sql_exception: Duplicate entry 'jdmalaluan2@gmail.com' for key 'customers.email' in C:\laragon\www\Capstone\AnahawBE\system\Database\MySQLi\Connection.php:306
Stack trace:
#0 C:\laragon\www\Capstone\AnahawBE\system\Database\MySQLi\Connection.php(306): mysqli->query('INSERT INTO `cu...', 0)
#1 C:\laragon\www\Capstone\AnahawBE\system\Database\BaseConnection.php(693): CodeIgniter\Database\MySQLi\Connection->execute('INSERT INTO `cu...')
#2 C:\laragon\www\Capstone\AnahawBE\system\Database\BaseConnection.php(607): CodeIgniter\Database\BaseConnection->simpleQuery('INSERT INTO `cu...')
#3 C:\laragon\www\Capstone\AnahawBE\system\Database\BaseBuilder.php(2307): CodeIgniter\Database\BaseConnection->query('INSERT INTO `cu...', Array, false)
#4 C:\laragon\www\Capstone\AnahawBE\system\Model.php(326): CodeIgniter\Database\BaseBuilder->insert()
#5 C:\laragon\www\Capstone\AnahawBE\system\BaseModel.php(802): CodeIgniter\Model->doInsert(Array)
#6 C:\laragon\www\Capstone\AnahawBE\system\Model.php(744): CodeIgniter\BaseModel->insert(Array, true)
#7 C:\laragon\www\Capstone\AnahawBE\app\Controllers\AccountController.php(42): CodeIgniter\Model->insert(Array)
#8 C:\laragon\www\Capstone\AnahawBE\system\CodeIgniter.php(941): App\Controllers\AccountController->createAccount()
#9 C:\laragon\www\Capstone\AnahawBE\system\CodeIgniter.php(502): CodeIgniter\CodeIgniter->runController(Object(App\Controllers\AccountController))
#10 C:\laragon\www\Capstone\AnahawBE\system\CodeIgniter.php(361): CodeIgniter\CodeIgniter->handleRequest(NULL, Object(Config\Cache), false)
#11 C:\laragon\www\Capstone\AnahawBE\public\index.php(89): CodeIgniter\CodeIgniter->run()
#12 {main}
ERROR - 2024-04-11 02:14:27 --> mysqli_sql_exception: Duplicate entry 'jdmalaluan2@gmail.com' for key 'customers.email' in C:\laragon\www\Capstone\AnahawBE\system\Database\MySQLi\Connection.php:306
Stack trace:
#0 C:\laragon\www\Capstone\AnahawBE\system\Database\MySQLi\Connection.php(306): mysqli->query('INSERT INTO `cu...', 0)
#1 C:\laragon\www\Capstone\AnahawBE\system\Database\BaseConnection.php(693): CodeIgniter\Database\MySQLi\Connection->execute('INSERT INTO `cu...')
#2 C:\laragon\www\Capstone\AnahawBE\system\Database\BaseConnection.php(607): CodeIgniter\Database\BaseConnection->simpleQuery('INSERT INTO `cu...')
#3 C:\laragon\www\Capstone\AnahawBE\system\Database\BaseBuilder.php(2307): CodeIgniter\Database\BaseConnection->query('INSERT INTO `cu...', Array, false)
#4 C:\laragon\www\Capstone\AnahawBE\system\Model.php(326): CodeIgniter\Database\BaseBuilder->insert()
#5 C:\laragon\www\Capstone\AnahawBE\system\BaseModel.php(802): CodeIgniter\Model->doInsert(Array)
#6 C:\laragon\www\Capstone\AnahawBE\system\Model.php(744): CodeIgniter\BaseModel->insert(Array, true)
#7 C:\laragon\www\Capstone\AnahawBE\app\Controllers\AccountController.php(42): CodeIgniter\Model->insert(Array)
#8 C:\laragon\www\Capstone\AnahawBE\system\CodeIgniter.php(941): App\Controllers\AccountController->createAccount()
#9 C:\laragon\www\Capstone\AnahawBE\system\CodeIgniter.php(502): CodeIgniter\CodeIgniter->runController(Object(App\Controllers\AccountController))
#10 C:\laragon\www\Capstone\AnahawBE\system\CodeIgniter.php(361): CodeIgniter\CodeIgniter->handleRequest(NULL, Object(Config\Cache), false)
#11 C:\laragon\www\Capstone\AnahawBE\public\index.php(89): CodeIgniter\CodeIgniter->run()
#12 {main}
ERROR - 2024-04-11 02:14:27 --> mysqli_sql_exception: Duplicate entry 'jdmalaluan2@gmail.com' for key 'customers.email' in C:\laragon\www\Capstone\AnahawBE\system\Database\MySQLi\Connection.php:306
Stack trace:
#0 C:\laragon\www\Capstone\AnahawBE\system\Database\MySQLi\Connection.php(306): mysqli->query('INSERT INTO `cu...', 0)
#1 C:\laragon\www\Capstone\AnahawBE\system\Database\BaseConnection.php(693): CodeIgniter\Database\MySQLi\Connection->execute('INSERT INTO `cu...')
#2 C:\laragon\www\Capstone\AnahawBE\system\Database\BaseConnection.php(607): CodeIgniter\Database\BaseConnection->simpleQuery('INSERT INTO `cu...')
#3 C:\laragon\www\Capstone\AnahawBE\system\Database\BaseBuilder.php(2307): CodeIgniter\Database\BaseConnection->query('INSERT INTO `cu...', Array, false)
#4 C:\laragon\www\Capstone\AnahawBE\system\Model.php(326): CodeIgniter\Database\BaseBuilder->insert()
#5 C:\laragon\www\Capstone\AnahawBE\system\BaseModel.php(802): CodeIgniter\Model->doInsert(Array)
#6 C:\laragon\www\Capstone\AnahawBE\system\Model.php(744): CodeIgniter\BaseModel->insert(Array, true)
#7 C:\laragon\www\Capstone\AnahawBE\app\Controllers\AccountController.php(42): CodeIgniter\Model->insert(Array)
#8 C:\laragon\www\Capstone\AnahawBE\system\CodeIgniter.php(941): App\Controllers\AccountController->createAccount()
#9 C:\laragon\www\Capstone\AnahawBE\system\CodeIgniter.php(502): CodeIgniter\CodeIgniter->runController(Object(App\Controllers\AccountController))
#10 C:\laragon\www\Capstone\AnahawBE\system\CodeIgniter.php(361): CodeIgniter\CodeIgniter->handleRequest(NULL, Object(Config\Cache), false)
#11 C:\laragon\www\Capstone\AnahawBE\public\index.php(89): CodeIgniter\CodeIgniter->run()
#12 {main}
CRITICAL - 2024-04-11 02:14:27 --> CodeIgniter\Database\Exceptions\DatabaseException: Duplicate entry 'jdmalaluan2@gmail.com' for key 'customers.email'
in SYSTEMPATH\Database\BaseConnection.php on line 647.
 1 SYSTEMPATH\Database\BaseBuilder.php(2307): CodeIgniter\Database\BaseConnection->query('INSERT INTO `customers` (`firstname`, `lastname`, `email`, `phone`) VALUES (:firstname:, :lastname:, :email:, :phone:)', [...], false)
 2 SYSTEMPATH\Model.php(326): CodeIgniter\Database\BaseBuilder->insert()
 3 SYSTEMPATH\BaseModel.php(802): CodeIgniter\Model->doInsert([...])
 4 SYSTEMPATH\Model.php(744): CodeIgniter\BaseModel->insert([...], true)
 5 APPPATH\Controllers\AccountController.php(42): CodeIgniter\Model->insert([...])
 6 SYSTEMPATH\CodeIgniter.php(941): App\Controllers\AccountController->createAccount()
 7 SYSTEMPATH\CodeIgniter.php(502): CodeIgniter\CodeIgniter->runController(Object(App\Controllers\AccountController))
 8 SYSTEMPATH\CodeIgniter.php(361): CodeIgniter\CodeIgniter->handleRequest(null, Object(Config\Cache), false)
 9 FCPATH\index.php(89): CodeIgniter\CodeIgniter->run()
CRITICAL - 2024-04-11 02:14:27 --> CodeIgniter\Database\Exceptions\DatabaseException: Duplicate entry 'jdmalaluan2@gmail.com' for key 'customers.email'
in SYSTEMPATH\Database\BaseConnection.php on line 647.
 1 SYSTEMPATH\Database\BaseBuilder.php(2307): CodeIgniter\Database\BaseConnection->query('INSERT INTO `customers` (`firstname`, `lastname`, `email`, `phone`) VALUES (:firstname:, :lastname:, :email:, :phone:)', [...], false)
 2 SYSTEMPATH\Model.php(326): CodeIgniter\Database\BaseBuilder->insert()
 3 SYSTEMPATH\BaseModel.php(802): CodeIgniter\Model->doInsert([...])
 4 SYSTEMPATH\Model.php(744): CodeIgniter\BaseModel->insert([...], true)
 5 APPPATH\Controllers\AccountController.php(42): CodeIgniter\Model->insert([...])
 6 SYSTEMPATH\CodeIgniter.php(941): App\Controllers\AccountController->createAccount()
 7 SYSTEMPATH\CodeIgniter.php(502): CodeIgniter\CodeIgniter->runController(Object(App\Controllers\AccountController))
 8 SYSTEMPATH\CodeIgniter.php(361): CodeIgniter\CodeIgniter->handleRequest(null, Object(Config\Cache), false)
 9 FCPATH\index.php(89): CodeIgniter\CodeIgniter->run()
CRITICAL - 2024-04-11 02:14:27 --> CodeIgniter\Database\Exceptions\DatabaseException: Duplicate entry 'jdmalaluan2@gmail.com' for key 'customers.email'
in SYSTEMPATH\Database\BaseConnection.php on line 647.
 1 SYSTEMPATH\Database\BaseBuilder.php(2307): CodeIgniter\Database\BaseConnection->query('INSERT INTO `customers` (`firstname`, `lastname`, `email`, `phone`) VALUES (:firstname:, :lastname:, :email:, :phone:)', [...], false)
 2 SYSTEMPATH\Model.php(326): CodeIgniter\Database\BaseBuilder->insert()
 3 SYSTEMPATH\BaseModel.php(802): CodeIgniter\Model->doInsert([...])
 4 SYSTEMPATH\Model.php(744): CodeIgniter\BaseModel->insert([...], true)
 5 APPPATH\Controllers\AccountController.php(42): CodeIgniter\Model->insert([...])
 6 SYSTEMPATH\CodeIgniter.php(941): App\Controllers\AccountController->createAccount()
 7 SYSTEMPATH\CodeIgniter.php(502): CodeIgniter\CodeIgniter->runController(Object(App\Controllers\AccountController))
 8 SYSTEMPATH\CodeIgniter.php(361): CodeIgniter\CodeIgniter->handleRequest(null, Object(Config\Cache), false)
 9 FCPATH\index.php(89): CodeIgniter\CodeIgniter->run()
CRITICAL - 2024-04-11 02:14:27 --> [Caused by] CodeIgniter\Database\Exceptions\DatabaseException: Duplicate entry 'jdmalaluan2@gmail.com' for key 'customers.email'
in SYSTEMPATH\Database\MySQLi\Connection.php on line 311.
 1 SYSTEMPATH\Database\BaseConnection.php(693): CodeIgniter\Database\MySQLi\Connection->execute('INSERT INTO `customers` (`firstname`, `lastname`, `email`, `phone`) VALUES (\'Jan Dyze\', \'Malaluan\', \'jdmalaluan2@gmail.com\', \'09924103295\')')
 2 SYSTEMPATH\Database\BaseConnection.php(607): CodeIgniter\Database\BaseConnection->simpleQuery('INSERT INTO `customers` (`firstname`, `lastname`, `email`, `phone`) VALUES (\'Jan Dyze\', \'Malaluan\', \'jdmalaluan2@gmail.com\', \'09924103295\')')
 3 SYSTEMPATH\Database\BaseBuilder.php(2307): CodeIgniter\Database\BaseConnection->query('INSERT INTO `customers` (`firstname`, `lastname`, `email`, `phone`) VALUES (:firstname:, :lastname:, :email:, :phone:)', [...], false)
 4 SYSTEMPATH\Model.php(326): CodeIgniter\Database\BaseBuilder->insert()
 5 SYSTEMPATH\BaseModel.php(802): CodeIgniter\Model->doInsert([...])
 6 SYSTEMPATH\Model.php(744): CodeIgniter\BaseModel->insert([...], true)
 7 APPPATH\Controllers\AccountController.php(42): CodeIgniter\Model->insert([...])
 8 SYSTEMPATH\CodeIgniter.php(941): App\Controllers\AccountController->createAccount()
 9 SYSTEMPATH\CodeIgniter.php(502): CodeIgniter\CodeIgniter->runController(Object(App\Controllers\AccountController))
10 SYSTEMPATH\CodeIgniter.php(361): CodeIgniter\CodeIgniter->handleRequest(null, Object(Config\Cache), false)
11 FCPATH\index.php(89): CodeIgniter\CodeIgniter->run()
CRITICAL - 2024-04-11 02:14:27 --> [Caused by] CodeIgniter\Database\Exceptions\DatabaseException: Duplicate entry 'jdmalaluan2@gmail.com' for key 'customers.email'
in SYSTEMPATH\Database\MySQLi\Connection.php on line 311.
 1 SYSTEMPATH\Database\BaseConnection.php(693): CodeIgniter\Database\MySQLi\Connection->execute('INSERT INTO `customers` (`firstname`, `lastname`, `email`, `phone`) VALUES (\'Jan Dyze\', \'Malaluan\', \'jdmalaluan2@gmail.com\', \'09924103295\')')
 2 SYSTEMPATH\Database\BaseConnection.php(607): CodeIgniter\Database\BaseConnection->simpleQuery('INSERT INTO `customers` (`firstname`, `lastname`, `email`, `phone`) VALUES (\'Jan Dyze\', \'Malaluan\', \'jdmalaluan2@gmail.com\', \'09924103295\')')
 3 SYSTEMPATH\Database\BaseBuilder.php(2307): CodeIgniter\Database\BaseConnection->query('INSERT INTO `customers` (`firstname`, `lastname`, `email`, `phone`) VALUES (:firstname:, :lastname:, :email:, :phone:)', [...], false)
 4 SYSTEMPATH\Model.php(326): CodeIgniter\Database\BaseBuilder->insert()
 5 SYSTEMPATH\BaseModel.php(802): CodeIgniter\Model->doInsert([...])
 6 SYSTEMPATH\Model.php(744): CodeIgniter\BaseModel->insert([...], true)
 7 APPPATH\Controllers\AccountController.php(42): CodeIgniter\Model->insert([...])
 8 SYSTEMPATH\CodeIgniter.php(941): App\Controllers\AccountController->createAccount()
 9 SYSTEMPATH\CodeIgniter.php(502): CodeIgniter\CodeIgniter->runController(Object(App\Controllers\AccountController))
10 SYSTEMPATH\CodeIgniter.php(361): CodeIgniter\CodeIgniter->handleRequest(null, Object(Config\Cache), false)
11 FCPATH\index.php(89): CodeIgniter\CodeIgniter->run()
CRITICAL - 2024-04-11 02:14:27 --> [Caused by] CodeIgniter\Database\Exceptions\DatabaseException: Duplicate entry 'jdmalaluan2@gmail.com' for key 'customers.email'
in SYSTEMPATH\Database\MySQLi\Connection.php on line 311.
 1 SYSTEMPATH\Database\BaseConnection.php(693): CodeIgniter\Database\MySQLi\Connection->execute('INSERT INTO `customers` (`firstname`, `lastname`, `email`, `phone`) VALUES (\'Jan Dyze\', \'Malaluan\', \'jdmalaluan2@gmail.com\', \'09924103295\')')
 2 SYSTEMPATH\Database\BaseConnection.php(607): CodeIgniter\Database\BaseConnection->simpleQuery('INSERT INTO `customers` (`firstname`, `lastname`, `email`, `phone`) VALUES (\'Jan Dyze\', \'Malaluan\', \'jdmalaluan2@gmail.com\', \'09924103295\')')
 3 SYSTEMPATH\Database\BaseBuilder.php(2307): CodeIgniter\Database\BaseConnection->query('INSERT INTO `customers` (`firstname`, `lastname`, `email`, `phone`) VALUES (:firstname:, :lastname:, :email:, :phone:)', [...], false)
 4 SYSTEMPATH\Model.php(326): CodeIgniter\Database\BaseBuilder->insert()
 5 SYSTEMPATH\BaseModel.php(802): CodeIgniter\Model->doInsert([...])
 6 SYSTEMPATH\Model.php(744): CodeIgniter\BaseModel->insert([...], true)
 7 APPPATH\Controllers\AccountController.php(42): CodeIgniter\Model->insert([...])
 8 SYSTEMPATH\CodeIgniter.php(941): App\Controllers\AccountController->createAccount()
 9 SYSTEMPATH\CodeIgniter.php(502): CodeIgniter\CodeIgniter->runController(Object(App\Controllers\AccountController))
10 SYSTEMPATH\CodeIgniter.php(361): CodeIgniter\CodeIgniter->handleRequest(null, Object(Config\Cache), false)
11 FCPATH\index.php(89): CodeIgniter\CodeIgniter->run()
CRITICAL - 2024-04-11 02:14:27 --> [Caused by] mysqli_sql_exception: Duplicate entry 'jdmalaluan2@gmail.com' for key 'customers.email'
in SYSTEMPATH\Database\MySQLi\Connection.php on line 306.
 1 SYSTEMPATH\Database\MySQLi\Connection.php(306): mysqli->query('INSERT INTO `customers` (`firstname`, `lastname`, `email`, `phone`) VALUES (\'Jan Dyze\', \'Malaluan\', \'jdmalaluan2@gmail.com\', \'09924103295\')', 0)
 2 SYSTEMPATH\Database\BaseConnection.php(693): CodeIgniter\Database\MySQLi\Connection->execute('INSERT INTO `customers` (`firstname`, `lastname`, `email`, `phone`) VALUES (\'Jan Dyze\', \'Malaluan\', \'jdmalaluan2@gmail.com\', \'09924103295\')')
 3 SYSTEMPATH\Database\BaseConnection.php(607): CodeIgniter\Database\BaseConnection->simpleQuery('INSERT INTO `customers` (`firstname`, `lastname`, `email`, `phone`) VALUES (\'Jan Dyze\', \'Malaluan\', \'jdmalaluan2@gmail.com\', \'09924103295\')')
 4 SYSTEMPATH\Database\BaseBuilder.php(2307): CodeIgniter\Database\BaseConnection->query('INSERT INTO `customers` (`firstname`, `lastname`, `email`, `phone`) VALUES (:firstname:, :lastname:, :email:, :phone:)', [...], false)
 5 SYSTEMPATH\Model.php(326): CodeIgniter\Database\BaseBuilder->insert()
 6 SYSTEMPATH\BaseModel.php(802): CodeIgniter\Model->doInsert([...])
 7 SYSTEMPATH\Model.php(744): CodeIgniter\BaseModel->insert([...], true)
 8 APPPATH\Controllers\AccountController.php(42): CodeIgniter\Model->insert([...])
 9 SYSTEMPATH\CodeIgniter.php(941): App\Controllers\AccountController->createAccount()
10 SYSTEMPATH\CodeIgniter.php(502): CodeIgniter\CodeIgniter->runController(Object(App\Controllers\AccountController))
11 SYSTEMPATH\CodeIgniter.php(361): CodeIgniter\CodeIgniter->handleRequest(null, Object(Config\Cache), false)
12 FCPATH\index.php(89): CodeIgniter\CodeIgniter->run()
CRITICAL - 2024-04-11 02:14:27 --> [Caused by] mysqli_sql_exception: Duplicate entry 'jdmalaluan2@gmail.com' for key 'customers.email'
in SYSTEMPATH\Database\MySQLi\Connection.php on line 306.
 1 SYSTEMPATH\Database\MySQLi\Connection.php(306): mysqli->query('INSERT INTO `customers` (`firstname`, `lastname`, `email`, `phone`) VALUES (\'Jan Dyze\', \'Malaluan\', \'jdmalaluan2@gmail.com\', \'09924103295\')', 0)
 2 SYSTEMPATH\Database\BaseConnection.php(693): CodeIgniter\Database\MySQLi\Connection->execute('INSERT INTO `customers` (`firstname`, `lastname`, `email`, `phone`) VALUES (\'Jan Dyze\', \'Malaluan\', \'jdmalaluan2@gmail.com\', \'09924103295\')')
 3 SYSTEMPATH\Database\BaseConnection.php(607): CodeIgniter\Database\BaseConnection->simpleQuery('INSERT INTO `customers` (`firstname`, `lastname`, `email`, `phone`) VALUES (\'Jan Dyze\', \'Malaluan\', \'jdmalaluan2@gmail.com\', \'09924103295\')')
 4 SYSTEMPATH\Database\BaseBuilder.php(2307): CodeIgniter\Database\BaseConnection->query('INSERT INTO `customers` (`firstname`, `lastname`, `email`, `phone`) VALUES (:firstname:, :lastname:, :email:, :phone:)', [...], false)
 5 SYSTEMPATH\Model.php(326): CodeIgniter\Database\BaseBuilder->insert()
 6 SYSTEMPATH\BaseModel.php(802): CodeIgniter\Model->doInsert([...])
 7 SYSTEMPATH\Model.php(744): CodeIgniter\BaseModel->insert([...], true)
 8 APPPATH\Controllers\AccountController.php(42): CodeIgniter\Model->insert([...])
 9 SYSTEMPATH\CodeIgniter.php(941): App\Controllers\AccountController->createAccount()
10 SYSTEMPATH\CodeIgniter.php(502): CodeIgniter\CodeIgniter->runController(Object(App\Controllers\AccountController))
11 SYSTEMPATH\CodeIgniter.php(361): CodeIgniter\CodeIgniter->handleRequest(null, Object(Config\Cache), false)
12 FCPATH\index.php(89): CodeIgniter\CodeIgniter->run()
CRITICAL - 2024-04-11 02:14:27 --> [Caused by] mysqli_sql_exception: Duplicate entry 'jdmalaluan2@gmail.com' for key 'customers.email'
in SYSTEMPATH\Database\MySQLi\Connection.php on line 306.
 1 SYSTEMPATH\Database\MySQLi\Connection.php(306): mysqli->query('INSERT INTO `customers` (`firstname`, `lastname`, `email`, `phone`) VALUES (\'Jan Dyze\', \'Malaluan\', \'jdmalaluan2@gmail.com\', \'09924103295\')', 0)
 2 SYSTEMPATH\Database\BaseConnection.php(693): CodeIgniter\Database\MySQLi\Connection->execute('INSERT INTO `customers` (`firstname`, `lastname`, `email`, `phone`) VALUES (\'Jan Dyze\', \'Malaluan\', \'jdmalaluan2@gmail.com\', \'09924103295\')')
 3 SYSTEMPATH\Database\BaseConnection.php(607): CodeIgniter\Database\BaseConnection->simpleQuery('INSERT INTO `customers` (`firstname`, `lastname`, `email`, `phone`) VALUES (\'Jan Dyze\', \'Malaluan\', \'jdmalaluan2@gmail.com\', \'09924103295\')')
 4 SYSTEMPATH\Database\BaseBuilder.php(2307): CodeIgniter\Database\BaseConnection->query('INSERT INTO `customers` (`firstname`, `lastname`, `email`, `phone`) VALUES (:firstname:, :lastname:, :email:, :phone:)', [...], false)
 5 SYSTEMPATH\Model.php(326): CodeIgniter\Database\BaseBuilder->insert()
 6 SYSTEMPATH\BaseModel.php(802): CodeIgniter\Model->doInsert([...])
 7 SYSTEMPATH\Model.php(744): CodeIgniter\BaseModel->insert([...], true)
 8 APPPATH\Controllers\AccountController.php(42): CodeIgniter\Model->insert([...])
 9 SYSTEMPATH\CodeIgniter.php(941): App\Controllers\AccountController->createAccount()
10 SYSTEMPATH\CodeIgniter.php(502): CodeIgniter\CodeIgniter->runController(Object(App\Controllers\AccountController))
11 SYSTEMPATH\CodeIgniter.php(361): CodeIgniter\CodeIgniter->handleRequest(null, Object(Config\Cache), false)
12 FCPATH\index.php(89): CodeIgniter\CodeIgniter->run()
CRITICAL - 2024-04-11 02:17:14 --> ErrorException: Undefined property: stdClass::$category_id
in APPPATH\Controllers\MenuController.php on line 36.
 1 APPPATH\Controllers\MenuController.php(36): CodeIgniter\Debug\Exceptions->errorHandler(2, 'Undefined property: stdClass::$category_id', 'C:\\laragon\\www\\Capstone\\AnahawBE\\app\\Controllers\\MenuController.php', 36)
 2 SYSTEMPATH\CodeIgniter.php(941): App\Controllers\MenuController->addMenuItem()
 3 SYSTEMPATH\CodeIgniter.php(502): CodeIgniter\CodeIgniter->runController(Object(App\Controllers\MenuController))
 4 SYSTEMPATH\CodeIgniter.php(361): CodeIgniter\CodeIgniter->handleRequest(null, Object(Config\Cache), false)
 5 FCPATH\index.php(89): CodeIgniter\CodeIgniter->run()
CRITICAL - 2024-04-11 03:10:23 --> ErrorException: Undefined property: stdClass::$service
in APPPATH\Controllers\OrderController.php on line 84.
 1 APPPATH\Controllers\OrderController.php(84): CodeIgniter\Debug\Exceptions->errorHandler(2, 'Undefined property: stdClass::$service', 'C:\\laragon\\www\\Capstone\\AnahawBE\\app\\Controllers\\OrderController.php', 84)
 2 SYSTEMPATH\CodeIgniter.php(941): App\Controllers\OrderController->changeService('7')
 3 SYSTEMPATH\CodeIgniter.php(502): CodeIgniter\CodeIgniter->runController(Object(App\Controllers\OrderController))
 4 SYSTEMPATH\CodeIgniter.php(361): CodeIgniter\CodeIgniter->handleRequest(null, Object(Config\Cache), false)
 5 FCPATH\index.php(89): CodeIgniter\CodeIgniter->run()
CRITICAL - 2024-04-11 08:34:54 --> ParseError: syntax error, unexpected token "public", expecting end of file
in APPPATH\Controllers\OrderController.php on line 173.
 1 SYSTEMPATH\Autoloader\Autoloader.php(290): CodeIgniter\Autoloader\Autoloader->includeFile('C:\\laragon\\www\\Capstone\\AnahawBE\\app\\Controllers\\OrderController.php')
 2 SYSTEMPATH\Autoloader\Autoloader.php(266): CodeIgniter\Autoloader\Autoloader->loadInNamespace('App\\Controllers\\OrderController')
 3 [internal function]: CodeIgniter\Autoloader\Autoloader->loadClass('App\\Controllers\\OrderController')
 4 SYSTEMPATH\CodeIgniter.php(899): class_exists('\\App\\Controllers\\OrderController', true)
 5 SYSTEMPATH\CodeIgniter.php(489): CodeIgniter\CodeIgniter->startController()
 6 SYSTEMPATH\CodeIgniter.php(361): CodeIgniter\CodeIgniter->handleRequest(null, Object(Config\Cache), false)
 7 FCPATH\index.php(89): CodeIgniter\CodeIgniter->run()
ERROR - 2024-04-11 08:51:48 --> mysqli_sql_exception: Column 'cashier_id' cannot be null in C:\laragon\www\Capstone\AnahawBE\system\Database\MySQLi\Connection.php:306
Stack trace:
#0 C:\laragon\www\Capstone\AnahawBE\system\Database\MySQLi\Connection.php(306): mysqli->query('INSERT INTO `se...', 0)
#1 C:\laragon\www\Capstone\AnahawBE\system\Database\BaseConnection.php(693): CodeIgniter\Database\MySQLi\Connection->execute('INSERT INTO `se...')
#2 C:\laragon\www\Capstone\AnahawBE\system\Database\BaseConnection.php(607): CodeIgniter\Database\BaseConnection->simpleQuery('INSERT INTO `se...')
#3 C:\laragon\www\Capstone\AnahawBE\system\Database\BaseBuilder.php(2307): CodeIgniter\Database\BaseConnection->query('INSERT INTO `se...', Array, false)
#4 C:\laragon\www\Capstone\AnahawBE\system\Model.php(326): CodeIgniter\Database\BaseBuilder->insert()
#5 C:\laragon\www\Capstone\AnahawBE\system\BaseModel.php(802): CodeIgniter\Model->doInsert(Array)
#6 C:\laragon\www\Capstone\AnahawBE\system\Model.php(744): CodeIgniter\BaseModel->insert(Array, false)
#7 C:\laragon\www\Capstone\AnahawBE\system\BaseModel.php(713): CodeIgniter\Model->insert(Array, false)
#8 C:\laragon\www\Capstone\AnahawBE\app\Controllers\SessionController.php(37): CodeIgniter\BaseModel->save(Array)
#9 C:\laragon\www\Capstone\AnahawBE\system\CodeIgniter.php(941): App\Controllers\SessionController->addSession()
#10 C:\laragon\www\Capstone\AnahawBE\system\CodeIgniter.php(502): CodeIgniter\CodeIgniter->runController(Object(App\Controllers\SessionController))
#11 C:\laragon\www\Capstone\AnahawBE\system\CodeIgniter.php(361): CodeIgniter\CodeIgniter->handleRequest(NULL, Object(Config\Cache), false)
#12 C:\laragon\www\Capstone\AnahawBE\public\index.php(89): CodeIgniter\CodeIgniter->run()
#13 {main}
CRITICAL - 2024-04-11 08:51:48 --> CodeIgniter\Database\Exceptions\DatabaseException: Column 'cashier_id' cannot be null
in SYSTEMPATH\Database\BaseConnection.php on line 647.
 1 SYSTEMPATH\Database\BaseBuilder.php(2307): CodeIgniter\Database\BaseConnection->query('INSERT INTO `sessions` (`opening_cash`, `note`, `cashier_id`) VALUES (:opening_cash:, :note:, :cashier_id:)', [...], false)
 2 SYSTEMPATH\Model.php(326): CodeIgniter\Database\BaseBuilder->insert()
 3 SYSTEMPATH\BaseModel.php(802): CodeIgniter\Model->doInsert([...])
 4 SYSTEMPATH\Model.php(744): CodeIgniter\BaseModel->insert([...], false)
 5 SYSTEMPATH\BaseModel.php(713): CodeIgniter\Model->insert([...], false)
 6 APPPATH\Controllers\SessionController.php(37): CodeIgniter\BaseModel->save([...])
 7 SYSTEMPATH\CodeIgniter.php(941): App\Controllers\SessionController->addSession()
 8 SYSTEMPATH\CodeIgniter.php(502): CodeIgniter\CodeIgniter->runController(Object(App\Controllers\SessionController))
 9 SYSTEMPATH\CodeIgniter.php(361): CodeIgniter\CodeIgniter->handleRequest(null, Object(Config\Cache), false)
10 FCPATH\index.php(89): CodeIgniter\CodeIgniter->run()
CRITICAL - 2024-04-11 08:51:48 --> [Caused by] CodeIgniter\Database\Exceptions\DatabaseException: Column 'cashier_id' cannot be null
in SYSTEMPATH\Database\MySQLi\Connection.php on line 311.
 1 SYSTEMPATH\Database\BaseConnection.php(693): CodeIgniter\Database\MySQLi\Connection->execute('INSERT INTO `sessions` (`opening_cash`, `note`, `cashier_id`) VALUES (\'2000\', \'\', NULL)')
 2 SYSTEMPATH\Database\BaseConnection.php(607): CodeIgniter\Database\BaseConnection->simpleQuery('INSERT INTO `sessions` (`opening_cash`, `note`, `cashier_id`) VALUES (\'2000\', \'\', NULL)')
 3 SYSTEMPATH\Database\BaseBuilder.php(2307): CodeIgniter\Database\BaseConnection->query('INSERT INTO `sessions` (`opening_cash`, `note`, `cashier_id`) VALUES (:opening_cash:, :note:, :cashier_id:)', [...], false)
 4 SYSTEMPATH\Model.php(326): CodeIgniter\Database\BaseBuilder->insert()
 5 SYSTEMPATH\BaseModel.php(802): CodeIgniter\Model->doInsert([...])
 6 SYSTEMPATH\Model.php(744): CodeIgniter\BaseModel->insert([...], false)
 7 SYSTEMPATH\BaseModel.php(713): CodeIgniter\Model->insert([...], false)
 8 APPPATH\Controllers\SessionController.php(37): CodeIgniter\BaseModel->save([...])
 9 SYSTEMPATH\CodeIgniter.php(941): App\Controllers\SessionController->addSession()
10 SYSTEMPATH\CodeIgniter.php(502): CodeIgniter\CodeIgniter->runController(Object(App\Controllers\SessionController))
11 SYSTEMPATH\CodeIgniter.php(361): CodeIgniter\CodeIgniter->handleRequest(null, Object(Config\Cache), false)
12 FCPATH\index.php(89): CodeIgniter\CodeIgniter->run()
CRITICAL - 2024-04-11 08:51:48 --> [Caused by] mysqli_sql_exception: Column 'cashier_id' cannot be null
in SYSTEMPATH\Database\MySQLi\Connection.php on line 306.
 1 SYSTEMPATH\Database\MySQLi\Connection.php(306): mysqli->query('INSERT INTO `sessions` (`opening_cash`, `note`, `cashier_id`) VALUES (\'2000\', \'\', NULL)', 0)
 2 SYSTEMPATH\Database\BaseConnection.php(693): CodeIgniter\Database\MySQLi\Connection->execute('INSERT INTO `sessions` (`opening_cash`, `note`, `cashier_id`) VALUES (\'2000\', \'\', NULL)')
 3 SYSTEMPATH\Database\BaseConnection.php(607): CodeIgniter\Database\BaseConnection->simpleQuery('INSERT INTO `sessions` (`opening_cash`, `note`, `cashier_id`) VALUES (\'2000\', \'\', NULL)')
 4 SYSTEMPATH\Database\BaseBuilder.php(2307): CodeIgniter\Database\BaseConnection->query('INSERT INTO `sessions` (`opening_cash`, `note`, `cashier_id`) VALUES (:opening_cash:, :note:, :cashier_id:)', [...], false)
 5 SYSTEMPATH\Model.php(326): CodeIgniter\Database\BaseBuilder->insert()
 6 SYSTEMPATH\BaseModel.php(802): CodeIgniter\Model->doInsert([...])
 7 SYSTEMPATH\Model.php(744): CodeIgniter\BaseModel->insert([...], false)
 8 SYSTEMPATH\BaseModel.php(713): CodeIgniter\Model->insert([...], false)
 9 APPPATH\Controllers\SessionController.php(37): CodeIgniter\BaseModel->save([...])
10 SYSTEMPATH\CodeIgniter.php(941): App\Controllers\SessionController->addSession()
11 SYSTEMPATH\CodeIgniter.php(502): CodeIgniter\CodeIgniter->runController(Object(App\Controllers\SessionController))
12 SYSTEMPATH\CodeIgniter.php(361): CodeIgniter\CodeIgniter->handleRequest(null, Object(Config\Cache), false)
13 FCPATH\index.php(89): CodeIgniter\CodeIgniter->run()
ERROR - 2024-04-11 08:51:54 --> mysqli_sql_exception: Column 'cashier_id' cannot be null in C:\laragon\www\Capstone\AnahawBE\system\Database\MySQLi\Connection.php:306
Stack trace:
#0 C:\laragon\www\Capstone\AnahawBE\system\Database\MySQLi\Connection.php(306): mysqli->query('INSERT INTO `se...', 0)
#1 C:\laragon\www\Capstone\AnahawBE\system\Database\BaseConnection.php(693): CodeIgniter\Database\MySQLi\Connection->execute('INSERT INTO `se...')
#2 C:\laragon\www\Capstone\AnahawBE\system\Database\BaseConnection.php(607): CodeIgniter\Database\BaseConnection->simpleQuery('INSERT INTO `se...')
#3 C:\laragon\www\Capstone\AnahawBE\system\Database\BaseBuilder.php(2307): CodeIgniter\Database\BaseConnection->query('INSERT INTO `se...', Array, false)
#4 C:\laragon\www\Capstone\AnahawBE\system\Model.php(326): CodeIgniter\Database\BaseBuilder->insert()
#5 C:\laragon\www\Capstone\AnahawBE\system\BaseModel.php(802): CodeIgniter\Model->doInsert(Array)
#6 C:\laragon\www\Capstone\AnahawBE\system\Model.php(744): CodeIgniter\BaseModel->insert(Array, false)
#7 C:\laragon\www\Capstone\AnahawBE\system\BaseModel.php(713): CodeIgniter\Model->insert(Array, false)
#8 C:\laragon\www\Capstone\AnahawBE\app\Controllers\SessionController.php(37): CodeIgniter\BaseModel->save(Array)
#9 C:\laragon\www\Capstone\AnahawBE\system\CodeIgniter.php(941): App\Controllers\SessionController->addSession()
#10 C:\laragon\www\Capstone\AnahawBE\system\CodeIgniter.php(502): CodeIgniter\CodeIgniter->runController(Object(App\Controllers\SessionController))
#11 C:\laragon\www\Capstone\AnahawBE\system\CodeIgniter.php(361): CodeIgniter\CodeIgniter->handleRequest(NULL, Object(Config\Cache), false)
#12 C:\laragon\www\Capstone\AnahawBE\public\index.php(89): CodeIgniter\CodeIgniter->run()
#13 {main}
CRITICAL - 2024-04-11 08:51:54 --> CodeIgniter\Database\Exceptions\DatabaseException: Column 'cashier_id' cannot be null
in SYSTEMPATH\Database\BaseConnection.php on line 647.
 1 SYSTEMPATH\Database\BaseBuilder.php(2307): CodeIgniter\Database\BaseConnection->query('INSERT INTO `sessions` (`opening_cash`, `note`, `cashier_id`) VALUES (:opening_cash:, :note:, :cashier_id:)', [...], false)
 2 SYSTEMPATH\Model.php(326): CodeIgniter\Database\BaseBuilder->insert()
 3 SYSTEMPATH\BaseModel.php(802): CodeIgniter\Model->doInsert([...])
 4 SYSTEMPATH\Model.php(744): CodeIgniter\BaseModel->insert([...], false)
 5 SYSTEMPATH\BaseModel.php(713): CodeIgniter\Model->insert([...], false)
 6 APPPATH\Controllers\SessionController.php(37): CodeIgniter\BaseModel->save([...])
 7 SYSTEMPATH\CodeIgniter.php(941): App\Controllers\SessionController->addSession()
 8 SYSTEMPATH\CodeIgniter.php(502): CodeIgniter\CodeIgniter->runController(Object(App\Controllers\SessionController))
 9 SYSTEMPATH\CodeIgniter.php(361): CodeIgniter\CodeIgniter->handleRequest(null, Object(Config\Cache), false)
10 FCPATH\index.php(89): CodeIgniter\CodeIgniter->run()
CRITICAL - 2024-04-11 08:51:54 --> [Caused by] CodeIgniter\Database\Exceptions\DatabaseException: Column 'cashier_id' cannot be null
in SYSTEMPATH\Database\MySQLi\Connection.php on line 311.
 1 SYSTEMPATH\Database\BaseConnection.php(693): CodeIgniter\Database\MySQLi\Connection->execute('INSERT INTO `sessions` (`opening_cash`, `note`, `cashier_id`) VALUES (\'2000\', \'adsdas\', NULL)')
 2 SYSTEMPATH\Database\BaseConnection.php(607): CodeIgniter\Database\BaseConnection->simpleQuery('INSERT INTO `sessions` (`opening_cash`, `note`, `cashier_id`) VALUES (\'2000\', \'adsdas\', NULL)')
 3 SYSTEMPATH\Database\BaseBuilder.php(2307): CodeIgniter\Database\BaseConnection->query('INSERT INTO `sessions` (`opening_cash`, `note`, `cashier_id`) VALUES (:opening_cash:, :note:, :cashier_id:)', [...], false)
 4 SYSTEMPATH\Model.php(326): CodeIgniter\Database\BaseBuilder->insert()
 5 SYSTEMPATH\BaseModel.php(802): CodeIgniter\Model->doInsert([...])
 6 SYSTEMPATH\Model.php(744): CodeIgniter\BaseModel->insert([...], false)
 7 SYSTEMPATH\BaseModel.php(713): CodeIgniter\Model->insert([...], false)
 8 APPPATH\Controllers\SessionController.php(37): CodeIgniter\BaseModel->save([...])
 9 SYSTEMPATH\CodeIgniter.php(941): App\Controllers\SessionController->addSession()
10 SYSTEMPATH\CodeIgniter.php(502): CodeIgniter\CodeIgniter->runController(Object(App\Controllers\SessionController))
11 SYSTEMPATH\CodeIgniter.php(361): CodeIgniter\CodeIgniter->handleRequest(null, Object(Config\Cache), false)
12 FCPATH\index.php(89): CodeIgniter\CodeIgniter->run()
CRITICAL - 2024-04-11 08:51:54 --> [Caused by] mysqli_sql_exception: Column 'cashier_id' cannot be null
in SYSTEMPATH\Database\MySQLi\Connection.php on line 306.
 1 SYSTEMPATH\Database\MySQLi\Connection.php(306): mysqli->query('INSERT INTO `sessions` (`opening_cash`, `note`, `cashier_id`) VALUES (\'2000\', \'adsdas\', NULL)', 0)
 2 SYSTEMPATH\Database\BaseConnection.php(693): CodeIgniter\Database\MySQLi\Connection->execute('INSERT INTO `sessions` (`opening_cash`, `note`, `cashier_id`) VALUES (\'2000\', \'adsdas\', NULL)')
 3 SYSTEMPATH\Database\BaseConnection.php(607): CodeIgniter\Database\BaseConnection->simpleQuery('INSERT INTO `sessions` (`opening_cash`, `note`, `cashier_id`) VALUES (\'2000\', \'adsdas\', NULL)')
 4 SYSTEMPATH\Database\BaseBuilder.php(2307): CodeIgniter\Database\BaseConnection->query('INSERT INTO `sessions` (`opening_cash`, `note`, `cashier_id`) VALUES (:opening_cash:, :note:, :cashier_id:)', [...], false)
 5 SYSTEMPATH\Model.php(326): CodeIgniter\Database\BaseBuilder->insert()
 6 SYSTEMPATH\BaseModel.php(802): CodeIgniter\Model->doInsert([...])
 7 SYSTEMPATH\Model.php(744): CodeIgniter\BaseModel->insert([...], false)
 8 SYSTEMPATH\BaseModel.php(713): CodeIgniter\Model->insert([...], false)
 9 APPPATH\Controllers\SessionController.php(37): CodeIgniter\BaseModel->save([...])
10 SYSTEMPATH\CodeIgniter.php(941): App\Controllers\SessionController->addSession()
11 SYSTEMPATH\CodeIgniter.php(502): CodeIgniter\CodeIgniter->runController(Object(App\Controllers\SessionController))
12 SYSTEMPATH\CodeIgniter.php(361): CodeIgniter\CodeIgniter->handleRequest(null, Object(Config\Cache), false)
13 FCPATH\index.php(89): CodeIgniter\CodeIgniter->run()
ERROR - 2024-04-11 08:52:01 --> mysqli_sql_exception: Column 'cashier_id' cannot be null in C:\laragon\www\Capstone\AnahawBE\system\Database\MySQLi\Connection.php:306
Stack trace:
#0 C:\laragon\www\Capstone\AnahawBE\system\Database\MySQLi\Connection.php(306): mysqli->query('INSERT INTO `se...', 0)
#1 C:\laragon\www\Capstone\AnahawBE\system\Database\BaseConnection.php(693): CodeIgniter\Database\MySQLi\Connection->execute('INSERT INTO `se...')
#2 C:\laragon\www\Capstone\AnahawBE\system\Database\BaseConnection.php(607): CodeIgniter\Database\BaseConnection->simpleQuery('INSERT INTO `se...')
#3 C:\laragon\www\Capstone\AnahawBE\system\Database\BaseBuilder.php(2307): CodeIgniter\Database\BaseConnection->query('INSERT INTO `se...', Array, false)
#4 C:\laragon\www\Capstone\AnahawBE\system\Model.php(326): CodeIgniter\Database\BaseBuilder->insert()
#5 C:\laragon\www\Capstone\AnahawBE\system\BaseModel.php(802): CodeIgniter\Model->doInsert(Array)
#6 C:\laragon\www\Capstone\AnahawBE\system\Model.php(744): CodeIgniter\BaseModel->insert(Array, false)
#7 C:\laragon\www\Capstone\AnahawBE\system\BaseModel.php(713): CodeIgniter\Model->insert(Array, false)
#8 C:\laragon\www\Capstone\AnahawBE\app\Controllers\SessionController.php(37): CodeIgniter\BaseModel->save(Array)
#9 C:\laragon\www\Capstone\AnahawBE\system\CodeIgniter.php(941): App\Controllers\SessionController->addSession()
#10 C:\laragon\www\Capstone\AnahawBE\system\CodeIgniter.php(502): CodeIgniter\CodeIgniter->runController(Object(App\Controllers\SessionController))
#11 C:\laragon\www\Capstone\AnahawBE\system\CodeIgniter.php(361): CodeIgniter\CodeIgniter->handleRequest(NULL, Object(Config\Cache), false)
#12 C:\laragon\www\Capstone\AnahawBE\public\index.php(89): CodeIgniter\CodeIgniter->run()
#13 {main}
CRITICAL - 2024-04-11 08:52:01 --> CodeIgniter\Database\Exceptions\DatabaseException: Column 'cashier_id' cannot be null
in SYSTEMPATH\Database\BaseConnection.php on line 647.
 1 SYSTEMPATH\Database\BaseBuilder.php(2307): CodeIgniter\Database\BaseConnection->query('INSERT INTO `sessions` (`opening_cash`, `note`, `cashier_id`) VALUES (:opening_cash:, :note:, :cashier_id:)', [...], false)
 2 SYSTEMPATH\Model.php(326): CodeIgniter\Database\BaseBuilder->insert()
 3 SYSTEMPATH\BaseModel.php(802): CodeIgniter\Model->doInsert([...])
 4 SYSTEMPATH\Model.php(744): CodeIgniter\BaseModel->insert([...], false)
 5 SYSTEMPATH\BaseModel.php(713): CodeIgniter\Model->insert([...], false)
 6 APPPATH\Controllers\SessionController.php(37): CodeIgniter\BaseModel->save([...])
 7 SYSTEMPATH\CodeIgniter.php(941): App\Controllers\SessionController->addSession()
 8 SYSTEMPATH\CodeIgniter.php(502): CodeIgniter\CodeIgniter->runController(Object(App\Controllers\SessionController))
 9 SYSTEMPATH\CodeIgniter.php(361): CodeIgniter\CodeIgniter->handleRequest(null, Object(Config\Cache), false)
10 FCPATH\index.php(89): CodeIgniter\CodeIgniter->run()
CRITICAL - 2024-04-11 08:52:01 --> [Caused by] CodeIgniter\Database\Exceptions\DatabaseException: Column 'cashier_id' cannot be null
in SYSTEMPATH\Database\MySQLi\Connection.php on line 311.
 1 SYSTEMPATH\Database\BaseConnection.php(693): CodeIgniter\Database\MySQLi\Connection->execute('INSERT INTO `sessions` (`opening_cash`, `note`, `cashier_id`) VALUES (\'2000\', \'adsdas\', NULL)')
 2 SYSTEMPATH\Database\BaseConnection.php(607): CodeIgniter\Database\BaseConnection->simpleQuery('INSERT INTO `sessions` (`opening_cash`, `note`, `cashier_id`) VALUES (\'2000\', \'adsdas\', NULL)')
 3 SYSTEMPATH\Database\BaseBuilder.php(2307): CodeIgniter\Database\BaseConnection->query('INSERT INTO `sessions` (`opening_cash`, `note`, `cashier_id`) VALUES (:opening_cash:, :note:, :cashier_id:)', [...], false)
 4 SYSTEMPATH\Model.php(326): CodeIgniter\Database\BaseBuilder->insert()
 5 SYSTEMPATH\BaseModel.php(802): CodeIgniter\Model->doInsert([...])
 6 SYSTEMPATH\Model.php(744): CodeIgniter\BaseModel->insert([...], false)
 7 SYSTEMPATH\BaseModel.php(713): CodeIgniter\Model->insert([...], false)
 8 APPPATH\Controllers\SessionController.php(37): CodeIgniter\BaseModel->save([...])
 9 SYSTEMPATH\CodeIgniter.php(941): App\Controllers\SessionController->addSession()
10 SYSTEMPATH\CodeIgniter.php(502): CodeIgniter\CodeIgniter->runController(Object(App\Controllers\SessionController))
11 SYSTEMPATH\CodeIgniter.php(361): CodeIgniter\CodeIgniter->handleRequest(null, Object(Config\Cache), false)
12 FCPATH\index.php(89): CodeIgniter\CodeIgniter->run()
CRITICAL - 2024-04-11 08:52:01 --> [Caused by] mysqli_sql_exception: Column 'cashier_id' cannot be null
in SYSTEMPATH\Database\MySQLi\Connection.php on line 306.
 1 SYSTEMPATH\Database\MySQLi\Connection.php(306): mysqli->query('INSERT INTO `sessions` (`opening_cash`, `note`, `cashier_id`) VALUES (\'2000\', \'adsdas\', NULL)', 0)
 2 SYSTEMPATH\Database\BaseConnection.php(693): CodeIgniter\Database\MySQLi\Connection->execute('INSERT INTO `sessions` (`opening_cash`, `note`, `cashier_id`) VALUES (\'2000\', \'adsdas\', NULL)')
 3 SYSTEMPATH\Database\BaseConnection.php(607): CodeIgniter\Database\BaseConnection->simpleQuery('INSERT INTO `sessions` (`opening_cash`, `note`, `cashier_id`) VALUES (\'2000\', \'adsdas\', NULL)')
 4 SYSTEMPATH\Database\BaseBuilder.php(2307): CodeIgniter\Database\BaseConnection->query('INSERT INTO `sessions` (`opening_cash`, `note`, `cashier_id`) VALUES (:opening_cash:, :note:, :cashier_id:)', [...], false)
 5 SYSTEMPATH\Model.php(326): CodeIgniter\Database\BaseBuilder->insert()
 6 SYSTEMPATH\BaseModel.php(802): CodeIgniter\Model->doInsert([...])
 7 SYSTEMPATH\Model.php(744): CodeIgniter\BaseModel->insert([...], false)
 8 SYSTEMPATH\BaseModel.php(713): CodeIgniter\Model->insert([...], false)
 9 APPPATH\Controllers\SessionController.php(37): CodeIgniter\BaseModel->save([...])
10 SYSTEMPATH\CodeIgniter.php(941): App\Controllers\SessionController->addSession()
11 SYSTEMPATH\CodeIgniter.php(502): CodeIgniter\CodeIgniter->runController(Object(App\Controllers\SessionController))
12 SYSTEMPATH\CodeIgniter.php(361): CodeIgniter\CodeIgniter->handleRequest(null, Object(Config\Cache), false)
13 FCPATH\index.php(89): CodeIgniter\CodeIgniter->run()
ERROR - 2024-04-11 08:52:20 --> mysqli_sql_exception: Column 'cashier_id' cannot be null in C:\laragon\www\Capstone\AnahawBE\system\Database\MySQLi\Connection.php:306
Stack trace:
#0 C:\laragon\www\Capstone\AnahawBE\system\Database\MySQLi\Connection.php(306): mysqli->query('INSERT INTO `se...', 0)
#1 C:\laragon\www\Capstone\AnahawBE\system\Database\BaseConnection.php(693): CodeIgniter\Database\MySQLi\Connection->execute('INSERT INTO `se...')
#2 C:\laragon\www\Capstone\AnahawBE\system\Database\BaseConnection.php(607): CodeIgniter\Database\BaseConnection->simpleQuery('INSERT INTO `se...')
#3 C:\laragon\www\Capstone\AnahawBE\system\Database\BaseBuilder.php(2307): CodeIgniter\Database\BaseConnection->query('INSERT INTO `se...', Array, false)
#4 C:\laragon\www\Capstone\AnahawBE\system\Model.php(326): CodeIgniter\Database\BaseBuilder->insert()
#5 C:\laragon\www\Capstone\AnahawBE\system\BaseModel.php(802): CodeIgniter\Model->doInsert(Array)
#6 C:\laragon\www\Capstone\AnahawBE\system\Model.php(744): CodeIgniter\BaseModel->insert(Array, false)
#7 C:\laragon\www\Capstone\AnahawBE\system\BaseModel.php(713): CodeIgniter\Model->insert(Array, false)
#8 C:\laragon\www\Capstone\AnahawBE\app\Controllers\SessionController.php(37): CodeIgniter\BaseModel->save(Array)
#9 C:\laragon\www\Capstone\AnahawBE\system\CodeIgniter.php(941): App\Controllers\SessionController->addSession()
#10 C:\laragon\www\Capstone\AnahawBE\system\CodeIgniter.php(502): CodeIgniter\CodeIgniter->runController(Object(App\Controllers\SessionController))
#11 C:\laragon\www\Capstone\AnahawBE\system\CodeIgniter.php(361): CodeIgniter\CodeIgniter->handleRequest(NULL, Object(Config\Cache), false)
#12 C:\laragon\www\Capstone\AnahawBE\public\index.php(89): CodeIgniter\CodeIgniter->run()
#13 {main}
CRITICAL - 2024-04-11 08:52:20 --> CodeIgniter\Database\Exceptions\DatabaseException: Column 'cashier_id' cannot be null
in SYSTEMPATH\Database\BaseConnection.php on line 647.
 1 SYSTEMPATH\Database\BaseBuilder.php(2307): CodeIgniter\Database\BaseConnection->query('INSERT INTO `sessions` (`opening_cash`, `note`, `cashier_id`) VALUES (:opening_cash:, :note:, :cashier_id:)', [...], false)
 2 SYSTEMPATH\Model.php(326): CodeIgniter\Database\BaseBuilder->insert()
 3 SYSTEMPATH\BaseModel.php(802): CodeIgniter\Model->doInsert([...])
 4 SYSTEMPATH\Model.php(744): CodeIgniter\BaseModel->insert([...], false)
 5 SYSTEMPATH\BaseModel.php(713): CodeIgniter\Model->insert([...], false)
 6 APPPATH\Controllers\SessionController.php(37): CodeIgniter\BaseModel->save([...])
 7 SYSTEMPATH\CodeIgniter.php(941): App\Controllers\SessionController->addSession()
 8 SYSTEMPATH\CodeIgniter.php(502): CodeIgniter\CodeIgniter->runController(Object(App\Controllers\SessionController))
 9 SYSTEMPATH\CodeIgniter.php(361): CodeIgniter\CodeIgniter->handleRequest(null, Object(Config\Cache), false)
10 FCPATH\index.php(89): CodeIgniter\CodeIgniter->run()
CRITICAL - 2024-04-11 08:52:20 --> [Caused by] CodeIgniter\Database\Exceptions\DatabaseException: Column 'cashier_id' cannot be null
in SYSTEMPATH\Database\MySQLi\Connection.php on line 311.
 1 SYSTEMPATH\Database\BaseConnection.php(693): CodeIgniter\Database\MySQLi\Connection->execute('INSERT INTO `sessions` (`opening_cash`, `note`, `cashier_id`) VALUES (\'2000\', \'adsdas\', NULL)')
 2 SYSTEMPATH\Database\BaseConnection.php(607): CodeIgniter\Database\BaseConnection->simpleQuery('INSERT INTO `sessions` (`opening_cash`, `note`, `cashier_id`) VALUES (\'2000\', \'adsdas\', NULL)')
 3 SYSTEMPATH\Database\BaseBuilder.php(2307): CodeIgniter\Database\BaseConnection->query('INSERT INTO `sessions` (`opening_cash`, `note`, `cashier_id`) VALUES (:opening_cash:, :note:, :cashier_id:)', [...], false)
 4 SYSTEMPATH\Model.php(326): CodeIgniter\Database\BaseBuilder->insert()
 5 SYSTEMPATH\BaseModel.php(802): CodeIgniter\Model->doInsert([...])
 6 SYSTEMPATH\Model.php(744): CodeIgniter\BaseModel->insert([...], false)
 7 SYSTEMPATH\BaseModel.php(713): CodeIgniter\Model->insert([...], false)
 8 APPPATH\Controllers\SessionController.php(37): CodeIgniter\BaseModel->save([...])
 9 SYSTEMPATH\CodeIgniter.php(941): App\Controllers\SessionController->addSession()
10 SYSTEMPATH\CodeIgniter.php(502): CodeIgniter\CodeIgniter->runController(Object(App\Controllers\SessionController))
11 SYSTEMPATH\CodeIgniter.php(361): CodeIgniter\CodeIgniter->handleRequest(null, Object(Config\Cache), false)
12 FCPATH\index.php(89): CodeIgniter\CodeIgniter->run()
CRITICAL - 2024-04-11 08:52:20 --> [Caused by] mysqli_sql_exception: Column 'cashier_id' cannot be null
in SYSTEMPATH\Database\MySQLi\Connection.php on line 306.
 1 SYSTEMPATH\Database\MySQLi\Connection.php(306): mysqli->query('INSERT INTO `sessions` (`opening_cash`, `note`, `cashier_id`) VALUES (\'2000\', \'adsdas\', NULL)', 0)
 2 SYSTEMPATH\Database\BaseConnection.php(693): CodeIgniter\Database\MySQLi\Connection->execute('INSERT INTO `sessions` (`opening_cash`, `note`, `cashier_id`) VALUES (\'2000\', \'adsdas\', NULL)')
 3 SYSTEMPATH\Database\BaseConnection.php(607): CodeIgniter\Database\BaseConnection->simpleQuery('INSERT INTO `sessions` (`opening_cash`, `note`, `cashier_id`) VALUES (\'2000\', \'adsdas\', NULL)')
 4 SYSTEMPATH\Database\BaseBuilder.php(2307): CodeIgniter\Database\BaseConnection->query('INSERT INTO `sessions` (`opening_cash`, `note`, `cashier_id`) VALUES (:opening_cash:, :note:, :cashier_id:)', [...], false)
 5 SYSTEMPATH\Model.php(326): CodeIgniter\Database\BaseBuilder->insert()
 6 SYSTEMPATH\BaseModel.php(802): CodeIgniter\Model->doInsert([...])
 7 SYSTEMPATH\Model.php(744): CodeIgniter\BaseModel->insert([...], false)
 8 SYSTEMPATH\BaseModel.php(713): CodeIgniter\Model->insert([...], false)
 9 APPPATH\Controllers\SessionController.php(37): CodeIgniter\BaseModel->save([...])
10 SYSTEMPATH\CodeIgniter.php(941): App\Controllers\SessionController->addSession()
11 SYSTEMPATH\CodeIgniter.php(502): CodeIgniter\CodeIgniter->runController(Object(App\Controllers\SessionController))
12 SYSTEMPATH\CodeIgniter.php(361): CodeIgniter\CodeIgniter->handleRequest(null, Object(Config\Cache), false)
13 FCPATH\index.php(89): CodeIgniter\CodeIgniter->run()
ERROR - 2024-04-11 08:54:41 --> mysqli_sql_exception: Column 'cashier_id' cannot be null in C:\laragon\www\Capstone\AnahawBE\system\Database\MySQLi\Connection.php:306
Stack trace:
#0 C:\laragon\www\Capstone\AnahawBE\system\Database\MySQLi\Connection.php(306): mysqli->query('INSERT INTO `se...', 0)
#1 C:\laragon\www\Capstone\AnahawBE\system\Database\BaseConnection.php(693): CodeIgniter\Database\MySQLi\Connection->execute('INSERT INTO `se...')
#2 C:\laragon\www\Capstone\AnahawBE\system\Database\BaseConnection.php(607): CodeIgniter\Database\BaseConnection->simpleQuery('INSERT INTO `se...')
#3 C:\laragon\www\Capstone\AnahawBE\system\Database\BaseBuilder.php(2307): CodeIgniter\Database\BaseConnection->query('INSERT INTO `se...', Array, false)
#4 C:\laragon\www\Capstone\AnahawBE\system\Model.php(326): CodeIgniter\Database\BaseBuilder->insert()
#5 C:\laragon\www\Capstone\AnahawBE\system\BaseModel.php(802): CodeIgniter\Model->doInsert(Array)
#6 C:\laragon\www\Capstone\AnahawBE\system\Model.php(744): CodeIgniter\BaseModel->insert(Array, false)
#7 C:\laragon\www\Capstone\AnahawBE\system\BaseModel.php(713): CodeIgniter\Model->insert(Array, false)
#8 C:\laragon\www\Capstone\AnahawBE\app\Controllers\SessionController.php(37): CodeIgniter\BaseModel->save(Array)
#9 C:\laragon\www\Capstone\AnahawBE\system\CodeIgniter.php(941): App\Controllers\SessionController->addSession()
#10 C:\laragon\www\Capstone\AnahawBE\system\CodeIgniter.php(502): CodeIgniter\CodeIgniter->runController(Object(App\Controllers\SessionController))
#11 C:\laragon\www\Capstone\AnahawBE\system\CodeIgniter.php(361): CodeIgniter\CodeIgniter->handleRequest(NULL, Object(Config\Cache), false)
#12 C:\laragon\www\Capstone\AnahawBE\public\index.php(89): CodeIgniter\CodeIgniter->run()
#13 {main}
CRITICAL - 2024-04-11 08:54:41 --> CodeIgniter\Database\Exceptions\DatabaseException: Column 'cashier_id' cannot be null
in SYSTEMPATH\Database\BaseConnection.php on line 647.
 1 SYSTEMPATH\Database\BaseBuilder.php(2307): CodeIgniter\Database\BaseConnection->query('INSERT INTO `sessions` (`opening_cash`, `note`, `cashier_id`) VALUES (:opening_cash:, :note:, :cashier_id:)', [...], false)
 2 SYSTEMPATH\Model.php(326): CodeIgniter\Database\BaseBuilder->insert()
 3 SYSTEMPATH\BaseModel.php(802): CodeIgniter\Model->doInsert([...])
 4 SYSTEMPATH\Model.php(744): CodeIgniter\BaseModel->insert([...], false)
 5 SYSTEMPATH\BaseModel.php(713): CodeIgniter\Model->insert([...], false)
 6 APPPATH\Controllers\SessionController.php(37): CodeIgniter\BaseModel->save([...])
 7 SYSTEMPATH\CodeIgniter.php(941): App\Controllers\SessionController->addSession()
 8 SYSTEMPATH\CodeIgniter.php(502): CodeIgniter\CodeIgniter->runController(Object(App\Controllers\SessionController))
 9 SYSTEMPATH\CodeIgniter.php(361): CodeIgniter\CodeIgniter->handleRequest(null, Object(Config\Cache), false)
10 FCPATH\index.php(89): CodeIgniter\CodeIgniter->run()
CRITICAL - 2024-04-11 08:54:41 --> [Caused by] CodeIgniter\Database\Exceptions\DatabaseException: Column 'cashier_id' cannot be null
in SYSTEMPATH\Database\MySQLi\Connection.php on line 311.
 1 SYSTEMPATH\Database\BaseConnection.php(693): CodeIgniter\Database\MySQLi\Connection->execute('INSERT INTO `sessions` (`opening_cash`, `note`, `cashier_id`) VALUES (\'2313\', \'21321\', NULL)')
 2 SYSTEMPATH\Database\BaseConnection.php(607): CodeIgniter\Database\BaseConnection->simpleQuery('INSERT INTO `sessions` (`opening_cash`, `note`, `cashier_id`) VALUES (\'2313\', \'21321\', NULL)')
 3 SYSTEMPATH\Database\BaseBuilder.php(2307): CodeIgniter\Database\BaseConnection->query('INSERT INTO `sessions` (`opening_cash`, `note`, `cashier_id`) VALUES (:opening_cash:, :note:, :cashier_id:)', [...], false)
 4 SYSTEMPATH\Model.php(326): CodeIgniter\Database\BaseBuilder->insert()
 5 SYSTEMPATH\BaseModel.php(802): CodeIgniter\Model->doInsert([...])
 6 SYSTEMPATH\Model.php(744): CodeIgniter\BaseModel->insert([...], false)
 7 SYSTEMPATH\BaseModel.php(713): CodeIgniter\Model->insert([...], false)
 8 APPPATH\Controllers\SessionController.php(37): CodeIgniter\BaseModel->save([...])
 9 SYSTEMPATH\CodeIgniter.php(941): App\Controllers\SessionController->addSession()
10 SYSTEMPATH\CodeIgniter.php(502): CodeIgniter\CodeIgniter->runController(Object(App\Controllers\SessionController))
11 SYSTEMPATH\CodeIgniter.php(361): CodeIgniter\CodeIgniter->handleRequest(null, Object(Config\Cache), false)
12 FCPATH\index.php(89): CodeIgniter\CodeIgniter->run()
CRITICAL - 2024-04-11 08:54:41 --> [Caused by] mysqli_sql_exception: Column 'cashier_id' cannot be null
in SYSTEMPATH\Database\MySQLi\Connection.php on line 306.
 1 SYSTEMPATH\Database\MySQLi\Connection.php(306): mysqli->query('INSERT INTO `sessions` (`opening_cash`, `note`, `cashier_id`) VALUES (\'2313\', \'21321\', NULL)', 0)
 2 SYSTEMPATH\Database\BaseConnection.php(693): CodeIgniter\Database\MySQLi\Connection->execute('INSERT INTO `sessions` (`opening_cash`, `note`, `cashier_id`) VALUES (\'2313\', \'21321\', NULL)')
 3 SYSTEMPATH\Database\BaseConnection.php(607): CodeIgniter\Database\BaseConnection->simpleQuery('INSERT INTO `sessions` (`opening_cash`, `note`, `cashier_id`) VALUES (\'2313\', \'21321\', NULL)')
 4 SYSTEMPATH\Database\BaseBuilder.php(2307): CodeIgniter\Database\BaseConnection->query('INSERT INTO `sessions` (`opening_cash`, `note`, `cashier_id`) VALUES (:opening_cash:, :note:, :cashier_id:)', [...], false)
 5 SYSTEMPATH\Model.php(326): CodeIgniter\Database\BaseBuilder->insert()
 6 SYSTEMPATH\BaseModel.php(802): CodeIgniter\Model->doInsert([...])
 7 SYSTEMPATH\Model.php(744): CodeIgniter\BaseModel->insert([...], false)
 8 SYSTEMPATH\BaseModel.php(713): CodeIgniter\Model->insert([...], false)
 9 APPPATH\Controllers\SessionController.php(37): CodeIgniter\BaseModel->save([...])
10 SYSTEMPATH\CodeIgniter.php(941): App\Controllers\SessionController->addSession()
11 SYSTEMPATH\CodeIgniter.php(502): CodeIgniter\CodeIgniter->runController(Object(App\Controllers\SessionController))
12 SYSTEMPATH\CodeIgniter.php(361): CodeIgniter\CodeIgniter->handleRequest(null, Object(Config\Cache), false)
13 FCPATH\index.php(89): CodeIgniter\CodeIgniter->run()
ERROR - 2024-04-11 08:54:55 --> mysqli_sql_exception: Column 'cashier_id' cannot be null in C:\laragon\www\Capstone\AnahawBE\system\Database\MySQLi\Connection.php:306
Stack trace:
#0 C:\laragon\www\Capstone\AnahawBE\system\Database\MySQLi\Connection.php(306): mysqli->query('INSERT INTO `se...', 0)
#1 C:\laragon\www\Capstone\AnahawBE\system\Database\BaseConnection.php(693): CodeIgniter\Database\MySQLi\Connection->execute('INSERT INTO `se...')
#2 C:\laragon\www\Capstone\AnahawBE\system\Database\BaseConnection.php(607): CodeIgniter\Database\BaseConnection->simpleQuery('INSERT INTO `se...')
#3 C:\laragon\www\Capstone\AnahawBE\system\Database\BaseBuilder.php(2307): CodeIgniter\Database\BaseConnection->query('INSERT INTO `se...', Array, false)
#4 C:\laragon\www\Capstone\AnahawBE\system\Model.php(326): CodeIgniter\Database\BaseBuilder->insert()
#5 C:\laragon\www\Capstone\AnahawBE\system\BaseModel.php(802): CodeIgniter\Model->doInsert(Array)
#6 C:\laragon\www\Capstone\AnahawBE\system\Model.php(744): CodeIgniter\BaseModel->insert(Array, false)
#7 C:\laragon\www\Capstone\AnahawBE\system\BaseModel.php(713): CodeIgniter\Model->insert(Array, false)
#8 C:\laragon\www\Capstone\AnahawBE\app\Controllers\SessionController.php(37): CodeIgniter\BaseModel->save(Array)
#9 C:\laragon\www\Capstone\AnahawBE\system\CodeIgniter.php(941): App\Controllers\SessionController->addSession()
#10 C:\laragon\www\Capstone\AnahawBE\system\CodeIgniter.php(502): CodeIgniter\CodeIgniter->runController(Object(App\Controllers\SessionController))
#11 C:\laragon\www\Capstone\AnahawBE\system\CodeIgniter.php(361): CodeIgniter\CodeIgniter->handleRequest(NULL, Object(Config\Cache), false)
#12 C:\laragon\www\Capstone\AnahawBE\public\index.php(89): CodeIgniter\CodeIgniter->run()
#13 {main}
CRITICAL - 2024-04-11 08:54:55 --> CodeIgniter\Database\Exceptions\DatabaseException: Column 'cashier_id' cannot be null
in SYSTEMPATH\Database\BaseConnection.php on line 647.
 1 SYSTEMPATH\Database\BaseBuilder.php(2307): CodeIgniter\Database\BaseConnection->query('INSERT INTO `sessions` (`opening_cash`, `note`, `cashier_id`) VALUES (:opening_cash:, :note:, :cashier_id:)', [...], false)
 2 SYSTEMPATH\Model.php(326): CodeIgniter\Database\BaseBuilder->insert()
 3 SYSTEMPATH\BaseModel.php(802): CodeIgniter\Model->doInsert([...])
 4 SYSTEMPATH\Model.php(744): CodeIgniter\BaseModel->insert([...], false)
 5 SYSTEMPATH\BaseModel.php(713): CodeIgniter\Model->insert([...], false)
 6 APPPATH\Controllers\SessionController.php(37): CodeIgniter\BaseModel->save([...])
 7 SYSTEMPATH\CodeIgniter.php(941): App\Controllers\SessionController->addSession()
 8 SYSTEMPATH\CodeIgniter.php(502): CodeIgniter\CodeIgniter->runController(Object(App\Controllers\SessionController))
 9 SYSTEMPATH\CodeIgniter.php(361): CodeIgniter\CodeIgniter->handleRequest(null, Object(Config\Cache), false)
10 FCPATH\index.php(89): CodeIgniter\CodeIgniter->run()
CRITICAL - 2024-04-11 08:54:55 --> [Caused by] CodeIgniter\Database\Exceptions\DatabaseException: Column 'cashier_id' cannot be null
in SYSTEMPATH\Database\MySQLi\Connection.php on line 311.
 1 SYSTEMPATH\Database\BaseConnection.php(693): CodeIgniter\Database\MySQLi\Connection->execute('INSERT INTO `sessions` (`opening_cash`, `note`, `cashier_id`) VALUES (\'12313\', \'12312\', NULL)')
 2 SYSTEMPATH\Database\BaseConnection.php(607): CodeIgniter\Database\BaseConnection->simpleQuery('INSERT INTO `sessions` (`opening_cash`, `note`, `cashier_id`) VALUES (\'12313\', \'12312\', NULL)')
 3 SYSTEMPATH\Database\BaseBuilder.php(2307): CodeIgniter\Database\BaseConnection->query('INSERT INTO `sessions` (`opening_cash`, `note`, `cashier_id`) VALUES (:opening_cash:, :note:, :cashier_id:)', [...], false)
 4 SYSTEMPATH\Model.php(326): CodeIgniter\Database\BaseBuilder->insert()
 5 SYSTEMPATH\BaseModel.php(802): CodeIgniter\Model->doInsert([...])
 6 SYSTEMPATH\Model.php(744): CodeIgniter\BaseModel->insert([...], false)
 7 SYSTEMPATH\BaseModel.php(713): CodeIgniter\Model->insert([...], false)
 8 APPPATH\Controllers\SessionController.php(37): CodeIgniter\BaseModel->save([...])
 9 SYSTEMPATH\CodeIgniter.php(941): App\Controllers\SessionController->addSession()
10 SYSTEMPATH\CodeIgniter.php(502): CodeIgniter\CodeIgniter->runController(Object(App\Controllers\SessionController))
11 SYSTEMPATH\CodeIgniter.php(361): CodeIgniter\CodeIgniter->handleRequest(null, Object(Config\Cache), false)
12 FCPATH\index.php(89): CodeIgniter\CodeIgniter->run()
CRITICAL - 2024-04-11 08:54:55 --> [Caused by] mysqli_sql_exception: Column 'cashier_id' cannot be null
in SYSTEMPATH\Database\MySQLi\Connection.php on line 306.
 1 SYSTEMPATH\Database\MySQLi\Connection.php(306): mysqli->query('INSERT INTO `sessions` (`opening_cash`, `note`, `cashier_id`) VALUES (\'12313\', \'12312\', NULL)', 0)
 2 SYSTEMPATH\Database\BaseConnection.php(693): CodeIgniter\Database\MySQLi\Connection->execute('INSERT INTO `sessions` (`opening_cash`, `note`, `cashier_id`) VALUES (\'12313\', \'12312\', NULL)')
 3 SYSTEMPATH\Database\BaseConnection.php(607): CodeIgniter\Database\BaseConnection->simpleQuery('INSERT INTO `sessions` (`opening_cash`, `note`, `cashier_id`) VALUES (\'12313\', \'12312\', NULL)')
 4 SYSTEMPATH\Database\BaseBuilder.php(2307): CodeIgniter\Database\BaseConnection->query('INSERT INTO `sessions` (`opening_cash`, `note`, `cashier_id`) VALUES (:opening_cash:, :note:, :cashier_id:)', [...], false)
 5 SYSTEMPATH\Model.php(326): CodeIgniter\Database\BaseBuilder->insert()
 6 SYSTEMPATH\BaseModel.php(802): CodeIgniter\Model->doInsert([...])
 7 SYSTEMPATH\Model.php(744): CodeIgniter\BaseModel->insert([...], false)
 8 SYSTEMPATH\BaseModel.php(713): CodeIgniter\Model->insert([...], false)
 9 APPPATH\Controllers\SessionController.php(37): CodeIgniter\BaseModel->save([...])
10 SYSTEMPATH\CodeIgniter.php(941): App\Controllers\SessionController->addSession()
11 SYSTEMPATH\CodeIgniter.php(502): CodeIgniter\CodeIgniter->runController(Object(App\Controllers\SessionController))
12 SYSTEMPATH\CodeIgniter.php(361): CodeIgniter\CodeIgniter->handleRequest(null, Object(Config\Cache), false)
13 FCPATH\index.php(89): CodeIgniter\CodeIgniter->run()
