ERROR - 2024-04-10 04:26:08 --> mysqli_sql_exception: Cannot add or update a child row: a foreign key constraint fails (`aivr`.`orders`, CONSTRAINT `orders_session_id_foreign` FOREIGN KEY (`session_id`) REFERENCES `sessions` (`id`)) in C:\laragon\www\Capstone\AnahawBE\system\Database\MySQLi\Connection.php:306
Stack trace:
#0 C:\laragon\www\Capstone\AnahawBE\system\Database\MySQLi\Connection.php(306): mysqli->query('INSERT INTO `or...', 0)
#1 C:\laragon\www\Capstone\AnahawBE\system\Database\BaseConnection.php(693): CodeIgniter\Database\MySQLi\Connection->execute('INSERT INTO `or...')
#2 C:\laragon\www\Capstone\AnahawBE\system\Database\BaseConnection.php(607): CodeIgniter\Database\BaseConnection->simpleQuery('INSERT INTO `or...')
#3 C:\laragon\www\Capstone\AnahawBE\system\Database\BaseBuilder.php(2307): CodeIgniter\Database\BaseConnection->query('INSERT INTO `or...', Array, false)
#4 C:\laragon\www\Capstone\AnahawBE\system\Model.php(326): CodeIgniter\Database\BaseBuilder->insert()
#5 C:\laragon\www\Capstone\AnahawBE\system\BaseModel.php(802): CodeIgniter\Model->doInsert(Array)
#6 C:\laragon\www\Capstone\AnahawBE\system\Model.php(744): CodeIgniter\BaseModel->insert(Array, true)
#7 C:\laragon\www\Capstone\AnahawBE\app\Controllers\OrderController.php(35): CodeIgniter\Model->insert(Array)
#8 C:\laragon\www\Capstone\AnahawBE\system\CodeIgniter.php(941): App\Controllers\OrderController->createNewOrder()
#9 C:\laragon\www\Capstone\AnahawBE\system\CodeIgniter.php(502): CodeIgniter\CodeIgniter->runController(Object(App\Controllers\OrderController))
#10 C:\laragon\www\Capstone\AnahawBE\system\CodeIgniter.php(361): CodeIgniter\CodeIgniter->handleRequest(NULL, Object(Config\Cache), false)
#11 C:\laragon\www\Capstone\AnahawBE\public\index.php(89): CodeIgniter\CodeIgniter->run()
#12 {main}
CRITICAL - 2024-04-10 04:26:08 --> CodeIgniter\Database\Exceptions\DatabaseException: Cannot add or update a child row: a foreign key constraint fails (`aivr`.`orders`, CONSTRAINT `orders_session_id_foreign` FOREIGN KEY (`session_id`) REFERENCES `sessions` (`id`))
in SYSTEMPATH\Database\BaseConnection.php on line 647.
 1 SYSTEMPATH\Database\BaseBuilder.php(2307): CodeIgniter\Database\BaseConnection->query('INSERT INTO `orders` (`session_id`) VALUES (:session_id:)', [...], false)
 2 SYSTEMPATH\Model.php(326): CodeIgniter\Database\BaseBuilder->insert()
 3 SYSTEMPATH\BaseModel.php(802): CodeIgniter\Model->doInsert([...])
 4 SYSTEMPATH\Model.php(744): CodeIgniter\BaseModel->insert([...], true)
 5 APPPATH\Controllers\OrderController.php(35): CodeIgniter\Model->insert([...])
 6 SYSTEMPATH\CodeIgniter.php(941): App\Controllers\OrderController->createNewOrder()
 7 SYSTEMPATH\CodeIgniter.php(502): CodeIgniter\CodeIgniter->runController(Object(App\Controllers\OrderController))
 8 SYSTEMPATH\CodeIgniter.php(361): CodeIgniter\CodeIgniter->handleRequest(null, Object(Config\Cache), false)
 9 FCPATH\index.php(89): CodeIgniter\CodeIgniter->run()
CRITICAL - 2024-04-10 04:26:08 --> [Caused by] CodeIgniter\Database\Exceptions\DatabaseException: Cannot add or update a child row: a foreign key constraint fails (`aivr`.`orders`, CONSTRAINT `orders_session_id_foreign` FOREIGN KEY (`session_id`) REFERENCES `sessions` (`id`))
in SYSTEMPATH\Database\MySQLi\Connection.php on line 311.
 1 SYSTEMPATH\Database\BaseConnection.php(693): CodeIgniter\Database\MySQLi\Connection->execute('INSERT INTO `orders` (`session_id`) VALUES (\'2\')')
 2 SYSTEMPATH\Database\BaseConnection.php(607): CodeIgniter\Database\BaseConnection->simpleQuery('INSERT INTO `orders` (`session_id`) VALUES (\'2\')')
 3 SYSTEMPATH\Database\BaseBuilder.php(2307): CodeIgniter\Database\BaseConnection->query('INSERT INTO `orders` (`session_id`) VALUES (:session_id:)', [...], false)
 4 SYSTEMPATH\Model.php(326): CodeIgniter\Database\BaseBuilder->insert()
 5 SYSTEMPATH\BaseModel.php(802): CodeIgniter\Model->doInsert([...])
 6 SYSTEMPATH\Model.php(744): CodeIgniter\BaseModel->insert([...], true)
 7 APPPATH\Controllers\OrderController.php(35): CodeIgniter\Model->insert([...])
 8 SYSTEMPATH\CodeIgniter.php(941): App\Controllers\OrderController->createNewOrder()
 9 SYSTEMPATH\CodeIgniter.php(502): CodeIgniter\CodeIgniter->runController(Object(App\Controllers\OrderController))
10 SYSTEMPATH\CodeIgniter.php(361): CodeIgniter\CodeIgniter->handleRequest(null, Object(Config\Cache), false)
11 FCPATH\index.php(89): CodeIgniter\CodeIgniter->run()
CRITICAL - 2024-04-10 04:26:08 --> [Caused by] mysqli_sql_exception: Cannot add or update a child row: a foreign key constraint fails (`aivr`.`orders`, CONSTRAINT `orders_session_id_foreign` FOREIGN KEY (`session_id`) REFERENCES `sessions` (`id`))
in SYSTEMPATH\Database\MySQLi\Connection.php on line 306.
 1 SYSTEMPATH\Database\MySQLi\Connection.php(306): mysqli->query('INSERT INTO `orders` (`session_id`) VALUES (\'2\')', 0)
 2 SYSTEMPATH\Database\BaseConnection.php(693): CodeIgniter\Database\MySQLi\Connection->execute('INSERT INTO `orders` (`session_id`) VALUES (\'2\')')
 3 SYSTEMPATH\Database\BaseConnection.php(607): CodeIgniter\Database\BaseConnection->simpleQuery('INSERT INTO `orders` (`session_id`) VALUES (\'2\')')
 4 SYSTEMPATH\Database\BaseBuilder.php(2307): CodeIgniter\Database\BaseConnection->query('INSERT INTO `orders` (`session_id`) VALUES (:session_id:)', [...], false)
 5 SYSTEMPATH\Model.php(326): CodeIgniter\Database\BaseBuilder->insert()
 6 SYSTEMPATH\BaseModel.php(802): CodeIgniter\Model->doInsert([...])
 7 SYSTEMPATH\Model.php(744): CodeIgniter\BaseModel->insert([...], true)
 8 APPPATH\Controllers\OrderController.php(35): CodeIgniter\Model->insert([...])
 9 SYSTEMPATH\CodeIgniter.php(941): App\Controllers\OrderController->createNewOrder()
10 SYSTEMPATH\CodeIgniter.php(502): CodeIgniter\CodeIgniter->runController(Object(App\Controllers\OrderController))
11 SYSTEMPATH\CodeIgniter.php(361): CodeIgniter\CodeIgniter->handleRequest(null, Object(Config\Cache), false)
12 FCPATH\index.php(89): CodeIgniter\CodeIgniter->run()
ERROR - 2024-04-10 04:26:14 --> mysqli_sql_exception: Column 'order_id' cannot be null in C:\laragon\www\Capstone\AnahawBE\system\Database\MySQLi\Connection.php:306
Stack trace:
#0 C:\laragon\www\Capstone\AnahawBE\system\Database\MySQLi\Connection.php(306): mysqli->query('INSERT INTO `or...', 0)
#1 C:\laragon\www\Capstone\AnahawBE\system\Database\BaseConnection.php(693): CodeIgniter\Database\MySQLi\Connection->execute('INSERT INTO `or...')
#2 C:\laragon\www\Capstone\AnahawBE\system\Database\BaseConnection.php(607): CodeIgniter\Database\BaseConnection->simpleQuery('INSERT INTO `or...')
#3 C:\laragon\www\Capstone\AnahawBE\system\Database\BaseBuilder.php(2307): CodeIgniter\Database\BaseConnection->query('INSERT INTO `or...', Array, false)
#4 C:\laragon\www\Capstone\AnahawBE\system\Model.php(326): CodeIgniter\Database\BaseBuilder->insert()
#5 C:\laragon\www\Capstone\AnahawBE\system\BaseModel.php(802): CodeIgniter\Model->doInsert(Array)
#6 C:\laragon\www\Capstone\AnahawBE\system\Model.php(744): CodeIgniter\BaseModel->insert(Array, true)
#7 C:\laragon\www\Capstone\AnahawBE\app\Controllers\OrderDetailsController.php(45): CodeIgniter\Model->insert(Array)
#8 C:\laragon\www\Capstone\AnahawBE\system\CodeIgniter.php(941): App\Controllers\OrderDetailsController->addMenuItemToOrder()
#9 C:\laragon\www\Capstone\AnahawBE\system\CodeIgniter.php(502): CodeIgniter\CodeIgniter->runController(Object(App\Controllers\OrderDetailsController))
#10 C:\laragon\www\Capstone\AnahawBE\system\CodeIgniter.php(361): CodeIgniter\CodeIgniter->handleRequest(NULL, Object(Config\Cache), false)
#11 C:\laragon\www\Capstone\AnahawBE\public\index.php(89): CodeIgniter\CodeIgniter->run()
#12 {main}
CRITICAL - 2024-04-10 04:26:14 --> CodeIgniter\Database\Exceptions\DatabaseException: Column 'order_id' cannot be null
in SYSTEMPATH\Database\BaseConnection.php on line 647.
 1 SYSTEMPATH\Database\BaseBuilder.php(2307): CodeIgniter\Database\BaseConnection->query('INSERT INTO `order_details` (`quantity`, `menu_item_id`, `order_id`, `subtotal`) VALUES (:quantity:, :menu_item_id:, :order_id:, :subtotal:)', [...], false)
 2 SYSTEMPATH\Model.php(326): CodeIgniter\Database\BaseBuilder->insert()
 3 SYSTEMPATH\BaseModel.php(802): CodeIgniter\Model->doInsert([...])
 4 SYSTEMPATH\Model.php(744): CodeIgniter\BaseModel->insert([...], true)
 5 APPPATH\Controllers\OrderDetailsController.php(45): CodeIgniter\Model->insert([...])
 6 SYSTEMPATH\CodeIgniter.php(941): App\Controllers\OrderDetailsController->addMenuItemToOrder()
 7 SYSTEMPATH\CodeIgniter.php(502): CodeIgniter\CodeIgniter->runController(Object(App\Controllers\OrderDetailsController))
 8 SYSTEMPATH\CodeIgniter.php(361): CodeIgniter\CodeIgniter->handleRequest(null, Object(Config\Cache), false)
 9 FCPATH\index.php(89): CodeIgniter\CodeIgniter->run()
CRITICAL - 2024-04-10 04:26:14 --> [Caused by] CodeIgniter\Database\Exceptions\DatabaseException: Column 'order_id' cannot be null
in SYSTEMPATH\Database\MySQLi\Connection.php on line 311.
 1 SYSTEMPATH\Database\BaseConnection.php(693): CodeIgniter\Database\MySQLi\Connection->execute('INSERT INTO `order_details` (`quantity`, `menu_item_id`, `order_id`, `subtotal`) VALUES (1, \'3\', NULL, 40)')
 2 SYSTEMPATH\Database\BaseConnection.php(607): CodeIgniter\Database\BaseConnection->simpleQuery('INSERT INTO `order_details` (`quantity`, `menu_item_id`, `order_id`, `subtotal`) VALUES (1, \'3\', NULL, 40)')
 3 SYSTEMPATH\Database\BaseBuilder.php(2307): CodeIgniter\Database\BaseConnection->query('INSERT INTO `order_details` (`quantity`, `menu_item_id`, `order_id`, `subtotal`) VALUES (:quantity:, :menu_item_id:, :order_id:, :subtotal:)', [...], false)
 4 SYSTEMPATH\Model.php(326): CodeIgniter\Database\BaseBuilder->insert()
 5 SYSTEMPATH\BaseModel.php(802): CodeIgniter\Model->doInsert([...])
 6 SYSTEMPATH\Model.php(744): CodeIgniter\BaseModel->insert([...], true)
 7 APPPATH\Controllers\OrderDetailsController.php(45): CodeIgniter\Model->insert([...])
 8 SYSTEMPATH\CodeIgniter.php(941): App\Controllers\OrderDetailsController->addMenuItemToOrder()
 9 SYSTEMPATH\CodeIgniter.php(502): CodeIgniter\CodeIgniter->runController(Object(App\Controllers\OrderDetailsController))
10 SYSTEMPATH\CodeIgniter.php(361): CodeIgniter\CodeIgniter->handleRequest(null, Object(Config\Cache), false)
11 FCPATH\index.php(89): CodeIgniter\CodeIgniter->run()
CRITICAL - 2024-04-10 04:26:14 --> [Caused by] mysqli_sql_exception: Column 'order_id' cannot be null
in SYSTEMPATH\Database\MySQLi\Connection.php on line 306.
 1 SYSTEMPATH\Database\MySQLi\Connection.php(306): mysqli->query('INSERT INTO `order_details` (`quantity`, `menu_item_id`, `order_id`, `subtotal`) VALUES (1, \'3\', NULL, 40)', 0)
 2 SYSTEMPATH\Database\BaseConnection.php(693): CodeIgniter\Database\MySQLi\Connection->execute('INSERT INTO `order_details` (`quantity`, `menu_item_id`, `order_id`, `subtotal`) VALUES (1, \'3\', NULL, 40)')
 3 SYSTEMPATH\Database\BaseConnection.php(607): CodeIgniter\Database\BaseConnection->simpleQuery('INSERT INTO `order_details` (`quantity`, `menu_item_id`, `order_id`, `subtotal`) VALUES (1, \'3\', NULL, 40)')
 4 SYSTEMPATH\Database\BaseBuilder.php(2307): CodeIgniter\Database\BaseConnection->query('INSERT INTO `order_details` (`quantity`, `menu_item_id`, `order_id`, `subtotal`) VALUES (:quantity:, :menu_item_id:, :order_id:, :subtotal:)', [...], false)
 5 SYSTEMPATH\Model.php(326): CodeIgniter\Database\BaseBuilder->insert()
 6 SYSTEMPATH\BaseModel.php(802): CodeIgniter\Model->doInsert([...])
 7 SYSTEMPATH\Model.php(744): CodeIgniter\BaseModel->insert([...], true)
 8 APPPATH\Controllers\OrderDetailsController.php(45): CodeIgniter\Model->insert([...])
 9 SYSTEMPATH\CodeIgniter.php(941): App\Controllers\OrderDetailsController->addMenuItemToOrder()
10 SYSTEMPATH\CodeIgniter.php(502): CodeIgniter\CodeIgniter->runController(Object(App\Controllers\OrderDetailsController))
11 SYSTEMPATH\CodeIgniter.php(361): CodeIgniter\CodeIgniter->handleRequest(null, Object(Config\Cache), false)
12 FCPATH\index.php(89): CodeIgniter\CodeIgniter->run()
ERROR - 2024-04-10 04:28:09 --> mysqli_sql_exception: Column 'menu_item_id' cannot be null in C:\laragon\www\Capstone\AnahawBE\system\Database\MySQLi\Connection.php:306
Stack trace:
#0 C:\laragon\www\Capstone\AnahawBE\system\Database\MySQLi\Connection.php(306): mysqli->query('INSERT INTO `or...', 0)
#1 C:\laragon\www\Capstone\AnahawBE\system\Database\BaseConnection.php(693): CodeIgniter\Database\MySQLi\Connection->execute('INSERT INTO `or...')
#2 C:\laragon\www\Capstone\AnahawBE\system\Database\BaseConnection.php(607): CodeIgniter\Database\BaseConnection->simpleQuery('INSERT INTO `or...')
#3 C:\laragon\www\Capstone\AnahawBE\system\Database\BaseBuilder.php(2307): CodeIgniter\Database\BaseConnection->query('INSERT INTO `or...', Array, false)
#4 C:\laragon\www\Capstone\AnahawBE\system\Model.php(326): CodeIgniter\Database\BaseBuilder->insert()
#5 C:\laragon\www\Capstone\AnahawBE\system\BaseModel.php(802): CodeIgniter\Model->doInsert(Array)
#6 C:\laragon\www\Capstone\AnahawBE\system\Model.php(744): CodeIgniter\BaseModel->insert(Array, true)
#7 C:\laragon\www\Capstone\AnahawBE\app\Controllers\OrderDetailsController.php(45): CodeIgniter\Model->insert(Array)
#8 C:\laragon\www\Capstone\AnahawBE\system\CodeIgniter.php(941): App\Controllers\OrderDetailsController->addMenuItemToOrder()
#9 C:\laragon\www\Capstone\AnahawBE\system\CodeIgniter.php(502): CodeIgniter\CodeIgniter->runController(Object(App\Controllers\OrderDetailsController))
#10 C:\laragon\www\Capstone\AnahawBE\system\CodeIgniter.php(361): CodeIgniter\CodeIgniter->handleRequest(NULL, Object(Config\Cache), false)
#11 C:\laragon\www\Capstone\AnahawBE\public\index.php(89): CodeIgniter\CodeIgniter->run()
#12 {main}
CRITICAL - 2024-04-10 04:28:09 --> CodeIgniter\Database\Exceptions\DatabaseException: Column 'menu_item_id' cannot be null
in SYSTEMPATH\Database\BaseConnection.php on line 647.
 1 SYSTEMPATH\Database\BaseBuilder.php(2307): CodeIgniter\Database\BaseConnection->query('INSERT INTO `order_details` (`quantity`, `menu_item_id`, `order_id`, `subtotal`) VALUES (:quantity:, :menu_item_id:, :order_id:, :subtotal:)', [...], false)
 2 SYSTEMPATH\Model.php(326): CodeIgniter\Database\BaseBuilder->insert()
 3 SYSTEMPATH\BaseModel.php(802): CodeIgniter\Model->doInsert([...])
 4 SYSTEMPATH\Model.php(744): CodeIgniter\BaseModel->insert([...], true)
 5 APPPATH\Controllers\OrderDetailsController.php(45): CodeIgniter\Model->insert([...])
 6 SYSTEMPATH\CodeIgniter.php(941): App\Controllers\OrderDetailsController->addMenuItemToOrder()
 7 SYSTEMPATH\CodeIgniter.php(502): CodeIgniter\CodeIgniter->runController(Object(App\Controllers\OrderDetailsController))
 8 SYSTEMPATH\CodeIgniter.php(361): CodeIgniter\CodeIgniter->handleRequest(null, Object(Config\Cache), false)
 9 FCPATH\index.php(89): CodeIgniter\CodeIgniter->run()
CRITICAL - 2024-04-10 04:28:09 --> [Caused by] CodeIgniter\Database\Exceptions\DatabaseException: Column 'menu_item_id' cannot be null
in SYSTEMPATH\Database\MySQLi\Connection.php on line 311.
 1 SYSTEMPATH\Database\BaseConnection.php(693): CodeIgniter\Database\MySQLi\Connection->execute('INSERT INTO `order_details` (`quantity`, `menu_item_id`, `order_id`, `subtotal`) VALUES (1, NULL, NULL, 0)')
 2 SYSTEMPATH\Database\BaseConnection.php(607): CodeIgniter\Database\BaseConnection->simpleQuery('INSERT INTO `order_details` (`quantity`, `menu_item_id`, `order_id`, `subtotal`) VALUES (1, NULL, NULL, 0)')
 3 SYSTEMPATH\Database\BaseBuilder.php(2307): CodeIgniter\Database\BaseConnection->query('INSERT INTO `order_details` (`quantity`, `menu_item_id`, `order_id`, `subtotal`) VALUES (:quantity:, :menu_item_id:, :order_id:, :subtotal:)', [...], false)
 4 SYSTEMPATH\Model.php(326): CodeIgniter\Database\BaseBuilder->insert()
 5 SYSTEMPATH\BaseModel.php(802): CodeIgniter\Model->doInsert([...])
 6 SYSTEMPATH\Model.php(744): CodeIgniter\BaseModel->insert([...], true)
 7 APPPATH\Controllers\OrderDetailsController.php(45): CodeIgniter\Model->insert([...])
 8 SYSTEMPATH\CodeIgniter.php(941): App\Controllers\OrderDetailsController->addMenuItemToOrder()
 9 SYSTEMPATH\CodeIgniter.php(502): CodeIgniter\CodeIgniter->runController(Object(App\Controllers\OrderDetailsController))
10 SYSTEMPATH\CodeIgniter.php(361): CodeIgniter\CodeIgniter->handleRequest(null, Object(Config\Cache), false)
11 FCPATH\index.php(89): CodeIgniter\CodeIgniter->run()
CRITICAL - 2024-04-10 04:28:09 --> [Caused by] mysqli_sql_exception: Column 'menu_item_id' cannot be null
in SYSTEMPATH\Database\MySQLi\Connection.php on line 306.
 1 SYSTEMPATH\Database\MySQLi\Connection.php(306): mysqli->query('INSERT INTO `order_details` (`quantity`, `menu_item_id`, `order_id`, `subtotal`) VALUES (1, NULL, NULL, 0)', 0)
 2 SYSTEMPATH\Database\BaseConnection.php(693): CodeIgniter\Database\MySQLi\Connection->execute('INSERT INTO `order_details` (`quantity`, `menu_item_id`, `order_id`, `subtotal`) VALUES (1, NULL, NULL, 0)')
 3 SYSTEMPATH\Database\BaseConnection.php(607): CodeIgniter\Database\BaseConnection->simpleQuery('INSERT INTO `order_details` (`quantity`, `menu_item_id`, `order_id`, `subtotal`) VALUES (1, NULL, NULL, 0)')
 4 SYSTEMPATH\Database\BaseBuilder.php(2307): CodeIgniter\Database\BaseConnection->query('INSERT INTO `order_details` (`quantity`, `menu_item_id`, `order_id`, `subtotal`) VALUES (:quantity:, :menu_item_id:, :order_id:, :subtotal:)', [...], false)
 5 SYSTEMPATH\Model.php(326): CodeIgniter\Database\BaseBuilder->insert()
 6 SYSTEMPATH\BaseModel.php(802): CodeIgniter\Model->doInsert([...])
 7 SYSTEMPATH\Model.php(744): CodeIgniter\BaseModel->insert([...], true)
 8 APPPATH\Controllers\OrderDetailsController.php(45): CodeIgniter\Model->insert([...])
 9 SYSTEMPATH\CodeIgniter.php(941): App\Controllers\OrderDetailsController->addMenuItemToOrder()
10 SYSTEMPATH\CodeIgniter.php(502): CodeIgniter\CodeIgniter->runController(Object(App\Controllers\OrderDetailsController))
11 SYSTEMPATH\CodeIgniter.php(361): CodeIgniter\CodeIgniter->handleRequest(null, Object(Config\Cache), false)
12 FCPATH\index.php(89): CodeIgniter\CodeIgniter->run()
ERROR - 2024-04-10 04:28:26 --> mysqli_sql_exception: Column 'order_id' cannot be null in C:\laragon\www\Capstone\AnahawBE\system\Database\MySQLi\Connection.php:306
Stack trace:
#0 C:\laragon\www\Capstone\AnahawBE\system\Database\MySQLi\Connection.php(306): mysqli->query('INSERT INTO `or...', 0)
#1 C:\laragon\www\Capstone\AnahawBE\system\Database\BaseConnection.php(693): CodeIgniter\Database\MySQLi\Connection->execute('INSERT INTO `or...')
#2 C:\laragon\www\Capstone\AnahawBE\system\Database\BaseConnection.php(607): CodeIgniter\Database\BaseConnection->simpleQuery('INSERT INTO `or...')
#3 C:\laragon\www\Capstone\AnahawBE\system\Database\BaseBuilder.php(2307): CodeIgniter\Database\BaseConnection->query('INSERT INTO `or...', Array, false)
#4 C:\laragon\www\Capstone\AnahawBE\system\Model.php(326): CodeIgniter\Database\BaseBuilder->insert()
#5 C:\laragon\www\Capstone\AnahawBE\system\BaseModel.php(802): CodeIgniter\Model->doInsert(Array)
#6 C:\laragon\www\Capstone\AnahawBE\system\Model.php(744): CodeIgniter\BaseModel->insert(Array, true)
#7 C:\laragon\www\Capstone\AnahawBE\app\Controllers\OrderDetailsController.php(45): CodeIgniter\Model->insert(Array)
#8 C:\laragon\www\Capstone\AnahawBE\system\CodeIgniter.php(941): App\Controllers\OrderDetailsController->addMenuItemToOrder()
#9 C:\laragon\www\Capstone\AnahawBE\system\CodeIgniter.php(502): CodeIgniter\CodeIgniter->runController(Object(App\Controllers\OrderDetailsController))
#10 C:\laragon\www\Capstone\AnahawBE\system\CodeIgniter.php(361): CodeIgniter\CodeIgniter->handleRequest(NULL, Object(Config\Cache), false)
#11 C:\laragon\www\Capstone\AnahawBE\public\index.php(89): CodeIgniter\CodeIgniter->run()
#12 {main}
ERROR - 2024-04-10 04:28:26 --> mysqli_sql_exception: Column 'order_id' cannot be null in C:\laragon\www\Capstone\AnahawBE\system\Database\MySQLi\Connection.php:306
Stack trace:
#0 C:\laragon\www\Capstone\AnahawBE\system\Database\MySQLi\Connection.php(306): mysqli->query('INSERT INTO `or...', 0)
#1 C:\laragon\www\Capstone\AnahawBE\system\Database\BaseConnection.php(693): CodeIgniter\Database\MySQLi\Connection->execute('INSERT INTO `or...')
#2 C:\laragon\www\Capstone\AnahawBE\system\Database\BaseConnection.php(607): CodeIgniter\Database\BaseConnection->simpleQuery('INSERT INTO `or...')
#3 C:\laragon\www\Capstone\AnahawBE\system\Database\BaseBuilder.php(2307): CodeIgniter\Database\BaseConnection->query('INSERT INTO `or...', Array, false)
#4 C:\laragon\www\Capstone\AnahawBE\system\Model.php(326): CodeIgniter\Database\BaseBuilder->insert()
#5 C:\laragon\www\Capstone\AnahawBE\system\BaseModel.php(802): CodeIgniter\Model->doInsert(Array)
#6 C:\laragon\www\Capstone\AnahawBE\system\Model.php(744): CodeIgniter\BaseModel->insert(Array, true)
#7 C:\laragon\www\Capstone\AnahawBE\app\Controllers\OrderDetailsController.php(45): CodeIgniter\Model->insert(Array)
#8 C:\laragon\www\Capstone\AnahawBE\system\CodeIgniter.php(941): App\Controllers\OrderDetailsController->addMenuItemToOrder()
#9 C:\laragon\www\Capstone\AnahawBE\system\CodeIgniter.php(502): CodeIgniter\CodeIgniter->runController(Object(App\Controllers\OrderDetailsController))
#10 C:\laragon\www\Capstone\AnahawBE\system\CodeIgniter.php(361): CodeIgniter\CodeIgniter->handleRequest(NULL, Object(Config\Cache), false)
#11 C:\laragon\www\Capstone\AnahawBE\public\index.php(89): CodeIgniter\CodeIgniter->run()
#12 {main}
CRITICAL - 2024-04-10 04:28:26 --> CodeIgniter\Database\Exceptions\DatabaseException: Column 'order_id' cannot be null
in SYSTEMPATH\Database\BaseConnection.php on line 647.
 1 SYSTEMPATH\Database\BaseBuilder.php(2307): CodeIgniter\Database\BaseConnection->query('INSERT INTO `order_details` (`quantity`, `menu_item_id`, `order_id`, `subtotal`) VALUES (:quantity:, :menu_item_id:, :order_id:, :subtotal:)', [...], false)
 2 SYSTEMPATH\Model.php(326): CodeIgniter\Database\BaseBuilder->insert()
 3 SYSTEMPATH\BaseModel.php(802): CodeIgniter\Model->doInsert([...])
 4 SYSTEMPATH\Model.php(744): CodeIgniter\BaseModel->insert([...], true)
 5 APPPATH\Controllers\OrderDetailsController.php(45): CodeIgniter\Model->insert([...])
 6 SYSTEMPATH\CodeIgniter.php(941): App\Controllers\OrderDetailsController->addMenuItemToOrder()
 7 SYSTEMPATH\CodeIgniter.php(502): CodeIgniter\CodeIgniter->runController(Object(App\Controllers\OrderDetailsController))
 8 SYSTEMPATH\CodeIgniter.php(361): CodeIgniter\CodeIgniter->handleRequest(null, Object(Config\Cache), false)
 9 FCPATH\index.php(89): CodeIgniter\CodeIgniter->run()
CRITICAL - 2024-04-10 04:28:26 --> CodeIgniter\Database\Exceptions\DatabaseException: Column 'order_id' cannot be null
in SYSTEMPATH\Database\BaseConnection.php on line 647.
 1 SYSTEMPATH\Database\BaseBuilder.php(2307): CodeIgniter\Database\BaseConnection->query('INSERT INTO `order_details` (`quantity`, `menu_item_id`, `order_id`, `subtotal`) VALUES (:quantity:, :menu_item_id:, :order_id:, :subtotal:)', [...], false)
 2 SYSTEMPATH\Model.php(326): CodeIgniter\Database\BaseBuilder->insert()
 3 SYSTEMPATH\BaseModel.php(802): CodeIgniter\Model->doInsert([...])
 4 SYSTEMPATH\Model.php(744): CodeIgniter\BaseModel->insert([...], true)
 5 APPPATH\Controllers\OrderDetailsController.php(45): CodeIgniter\Model->insert([...])
 6 SYSTEMPATH\CodeIgniter.php(941): App\Controllers\OrderDetailsController->addMenuItemToOrder()
 7 SYSTEMPATH\CodeIgniter.php(502): CodeIgniter\CodeIgniter->runController(Object(App\Controllers\OrderDetailsController))
 8 SYSTEMPATH\CodeIgniter.php(361): CodeIgniter\CodeIgniter->handleRequest(null, Object(Config\Cache), false)
 9 FCPATH\index.php(89): CodeIgniter\CodeIgniter->run()
CRITICAL - 2024-04-10 04:28:26 --> [Caused by] CodeIgniter\Database\Exceptions\DatabaseException: Column 'order_id' cannot be null
in SYSTEMPATH\Database\MySQLi\Connection.php on line 311.
 1 SYSTEMPATH\Database\BaseConnection.php(693): CodeIgniter\Database\MySQLi\Connection->execute('INSERT INTO `order_details` (`quantity`, `menu_item_id`, `order_id`, `subtotal`) VALUES (1, \'2\', NULL, 200)')
 2 SYSTEMPATH\Database\BaseConnection.php(607): CodeIgniter\Database\BaseConnection->simpleQuery('INSERT INTO `order_details` (`quantity`, `menu_item_id`, `order_id`, `subtotal`) VALUES (1, \'2\', NULL, 200)')
 3 SYSTEMPATH\Database\BaseBuilder.php(2307): CodeIgniter\Database\BaseConnection->query('INSERT INTO `order_details` (`quantity`, `menu_item_id`, `order_id`, `subtotal`) VALUES (:quantity:, :menu_item_id:, :order_id:, :subtotal:)', [...], false)
 4 SYSTEMPATH\Model.php(326): CodeIgniter\Database\BaseBuilder->insert()
 5 SYSTEMPATH\BaseModel.php(802): CodeIgniter\Model->doInsert([...])
 6 SYSTEMPATH\Model.php(744): CodeIgniter\BaseModel->insert([...], true)
 7 APPPATH\Controllers\OrderDetailsController.php(45): CodeIgniter\Model->insert([...])
 8 SYSTEMPATH\CodeIgniter.php(941): App\Controllers\OrderDetailsController->addMenuItemToOrder()
 9 SYSTEMPATH\CodeIgniter.php(502): CodeIgniter\CodeIgniter->runController(Object(App\Controllers\OrderDetailsController))
10 SYSTEMPATH\CodeIgniter.php(361): CodeIgniter\CodeIgniter->handleRequest(null, Object(Config\Cache), false)
11 FCPATH\index.php(89): CodeIgniter\CodeIgniter->run()
CRITICAL - 2024-04-10 04:28:26 --> [Caused by] CodeIgniter\Database\Exceptions\DatabaseException: Column 'order_id' cannot be null
in SYSTEMPATH\Database\MySQLi\Connection.php on line 311.
 1 SYSTEMPATH\Database\BaseConnection.php(693): CodeIgniter\Database\MySQLi\Connection->execute('INSERT INTO `order_details` (`quantity`, `menu_item_id`, `order_id`, `subtotal`) VALUES (1, \'2\', NULL, 200)')
 2 SYSTEMPATH\Database\BaseConnection.php(607): CodeIgniter\Database\BaseConnection->simpleQuery('INSERT INTO `order_details` (`quantity`, `menu_item_id`, `order_id`, `subtotal`) VALUES (1, \'2\', NULL, 200)')
 3 SYSTEMPATH\Database\BaseBuilder.php(2307): CodeIgniter\Database\BaseConnection->query('INSERT INTO `order_details` (`quantity`, `menu_item_id`, `order_id`, `subtotal`) VALUES (:quantity:, :menu_item_id:, :order_id:, :subtotal:)', [...], false)
 4 SYSTEMPATH\Model.php(326): CodeIgniter\Database\BaseBuilder->insert()
 5 SYSTEMPATH\BaseModel.php(802): CodeIgniter\Model->doInsert([...])
 6 SYSTEMPATH\Model.php(744): CodeIgniter\BaseModel->insert([...], true)
 7 APPPATH\Controllers\OrderDetailsController.php(45): CodeIgniter\Model->insert([...])
 8 SYSTEMPATH\CodeIgniter.php(941): App\Controllers\OrderDetailsController->addMenuItemToOrder()
 9 SYSTEMPATH\CodeIgniter.php(502): CodeIgniter\CodeIgniter->runController(Object(App\Controllers\OrderDetailsController))
10 SYSTEMPATH\CodeIgniter.php(361): CodeIgniter\CodeIgniter->handleRequest(null, Object(Config\Cache), false)
11 FCPATH\index.php(89): CodeIgniter\CodeIgniter->run()
CRITICAL - 2024-04-10 04:28:26 --> [Caused by] mysqli_sql_exception: Column 'order_id' cannot be null
in SYSTEMPATH\Database\MySQLi\Connection.php on line 306.
 1 SYSTEMPATH\Database\MySQLi\Connection.php(306): mysqli->query('INSERT INTO `order_details` (`quantity`, `menu_item_id`, `order_id`, `subtotal`) VALUES (1, \'2\', NULL, 200)', 0)
 2 SYSTEMPATH\Database\BaseConnection.php(693): CodeIgniter\Database\MySQLi\Connection->execute('INSERT INTO `order_details` (`quantity`, `menu_item_id`, `order_id`, `subtotal`) VALUES (1, \'2\', NULL, 200)')
 3 SYSTEMPATH\Database\BaseConnection.php(607): CodeIgniter\Database\BaseConnection->simpleQuery('INSERT INTO `order_details` (`quantity`, `menu_item_id`, `order_id`, `subtotal`) VALUES (1, \'2\', NULL, 200)')
 4 SYSTEMPATH\Database\BaseBuilder.php(2307): CodeIgniter\Database\BaseConnection->query('INSERT INTO `order_details` (`quantity`, `menu_item_id`, `order_id`, `subtotal`) VALUES (:quantity:, :menu_item_id:, :order_id:, :subtotal:)', [...], false)
 5 SYSTEMPATH\Model.php(326): CodeIgniter\Database\BaseBuilder->insert()
 6 SYSTEMPATH\BaseModel.php(802): CodeIgniter\Model->doInsert([...])
 7 SYSTEMPATH\Model.php(744): CodeIgniter\BaseModel->insert([...], true)
 8 APPPATH\Controllers\OrderDetailsController.php(45): CodeIgniter\Model->insert([...])
 9 SYSTEMPATH\CodeIgniter.php(941): App\Controllers\OrderDetailsController->addMenuItemToOrder()
10 SYSTEMPATH\CodeIgniter.php(502): CodeIgniter\CodeIgniter->runController(Object(App\Controllers\OrderDetailsController))
11 SYSTEMPATH\CodeIgniter.php(361): CodeIgniter\CodeIgniter->handleRequest(null, Object(Config\Cache), false)
12 FCPATH\index.php(89): CodeIgniter\CodeIgniter->run()
CRITICAL - 2024-04-10 04:28:26 --> [Caused by] mysqli_sql_exception: Column 'order_id' cannot be null
in SYSTEMPATH\Database\MySQLi\Connection.php on line 306.
 1 SYSTEMPATH\Database\MySQLi\Connection.php(306): mysqli->query('INSERT INTO `order_details` (`quantity`, `menu_item_id`, `order_id`, `subtotal`) VALUES (1, \'2\', NULL, 200)', 0)
 2 SYSTEMPATH\Database\BaseConnection.php(693): CodeIgniter\Database\MySQLi\Connection->execute('INSERT INTO `order_details` (`quantity`, `menu_item_id`, `order_id`, `subtotal`) VALUES (1, \'2\', NULL, 200)')
 3 SYSTEMPATH\Database\BaseConnection.php(607): CodeIgniter\Database\BaseConnection->simpleQuery('INSERT INTO `order_details` (`quantity`, `menu_item_id`, `order_id`, `subtotal`) VALUES (1, \'2\', NULL, 200)')
 4 SYSTEMPATH\Database\BaseBuilder.php(2307): CodeIgniter\Database\BaseConnection->query('INSERT INTO `order_details` (`quantity`, `menu_item_id`, `order_id`, `subtotal`) VALUES (:quantity:, :menu_item_id:, :order_id:, :subtotal:)', [...], false)
 5 SYSTEMPATH\Model.php(326): CodeIgniter\Database\BaseBuilder->insert()
 6 SYSTEMPATH\BaseModel.php(802): CodeIgniter\Model->doInsert([...])
 7 SYSTEMPATH\Model.php(744): CodeIgniter\BaseModel->insert([...], true)
 8 APPPATH\Controllers\OrderDetailsController.php(45): CodeIgniter\Model->insert([...])
 9 SYSTEMPATH\CodeIgniter.php(941): App\Controllers\OrderDetailsController->addMenuItemToOrder()
10 SYSTEMPATH\CodeIgniter.php(502): CodeIgniter\CodeIgniter->runController(Object(App\Controllers\OrderDetailsController))
11 SYSTEMPATH\CodeIgniter.php(361): CodeIgniter\CodeIgniter->handleRequest(null, Object(Config\Cache), false)
12 FCPATH\index.php(89): CodeIgniter\CodeIgniter->run()
ERROR - 2024-04-10 04:28:26 --> mysqli_sql_exception: Column 'order_id' cannot be null in C:\laragon\www\Capstone\AnahawBE\system\Database\MySQLi\Connection.php:306
Stack trace:
#0 C:\laragon\www\Capstone\AnahawBE\system\Database\MySQLi\Connection.php(306): mysqli->query('INSERT INTO `or...', 0)
#1 C:\laragon\www\Capstone\AnahawBE\system\Database\BaseConnection.php(693): CodeIgniter\Database\MySQLi\Connection->execute('INSERT INTO `or...')
#2 C:\laragon\www\Capstone\AnahawBE\system\Database\BaseConnection.php(607): CodeIgniter\Database\BaseConnection->simpleQuery('INSERT INTO `or...')
#3 C:\laragon\www\Capstone\AnahawBE\system\Database\BaseBuilder.php(2307): CodeIgniter\Database\BaseConnection->query('INSERT INTO `or...', Array, false)
#4 C:\laragon\www\Capstone\AnahawBE\system\Model.php(326): CodeIgniter\Database\BaseBuilder->insert()
#5 C:\laragon\www\Capstone\AnahawBE\system\BaseModel.php(802): CodeIgniter\Model->doInsert(Array)
#6 C:\laragon\www\Capstone\AnahawBE\system\Model.php(744): CodeIgniter\BaseModel->insert(Array, true)
#7 C:\laragon\www\Capstone\AnahawBE\app\Controllers\OrderDetailsController.php(45): CodeIgniter\Model->insert(Array)
#8 C:\laragon\www\Capstone\AnahawBE\system\CodeIgniter.php(941): App\Controllers\OrderDetailsController->addMenuItemToOrder()
#9 C:\laragon\www\Capstone\AnahawBE\system\CodeIgniter.php(502): CodeIgniter\CodeIgniter->runController(Object(App\Controllers\OrderDetailsController))
#10 C:\laragon\www\Capstone\AnahawBE\system\CodeIgniter.php(361): CodeIgniter\CodeIgniter->handleRequest(NULL, Object(Config\Cache), false)
#11 C:\laragon\www\Capstone\AnahawBE\public\index.php(89): CodeIgniter\CodeIgniter->run()
#12 {main}
CRITICAL - 2024-04-10 04:28:26 --> CodeIgniter\Database\Exceptions\DatabaseException: Column 'order_id' cannot be null
in SYSTEMPATH\Database\BaseConnection.php on line 647.
 1 SYSTEMPATH\Database\BaseBuilder.php(2307): CodeIgniter\Database\BaseConnection->query('INSERT INTO `order_details` (`quantity`, `menu_item_id`, `order_id`, `subtotal`) VALUES (:quantity:, :menu_item_id:, :order_id:, :subtotal:)', [...], false)
 2 SYSTEMPATH\Model.php(326): CodeIgniter\Database\BaseBuilder->insert()
 3 SYSTEMPATH\BaseModel.php(802): CodeIgniter\Model->doInsert([...])
 4 SYSTEMPATH\Model.php(744): CodeIgniter\BaseModel->insert([...], true)
 5 APPPATH\Controllers\OrderDetailsController.php(45): CodeIgniter\Model->insert([...])
 6 SYSTEMPATH\CodeIgniter.php(941): App\Controllers\OrderDetailsController->addMenuItemToOrder()
 7 SYSTEMPATH\CodeIgniter.php(502): CodeIgniter\CodeIgniter->runController(Object(App\Controllers\OrderDetailsController))
 8 SYSTEMPATH\CodeIgniter.php(361): CodeIgniter\CodeIgniter->handleRequest(null, Object(Config\Cache), false)
 9 FCPATH\index.php(89): CodeIgniter\CodeIgniter->run()
CRITICAL - 2024-04-10 04:28:26 --> [Caused by] CodeIgniter\Database\Exceptions\DatabaseException: Column 'order_id' cannot be null
in SYSTEMPATH\Database\MySQLi\Connection.php on line 311.
 1 SYSTEMPATH\Database\BaseConnection.php(693): CodeIgniter\Database\MySQLi\Connection->execute('INSERT INTO `order_details` (`quantity`, `menu_item_id`, `order_id`, `subtotal`) VALUES (1, \'2\', NULL, 200)')
 2 SYSTEMPATH\Database\BaseConnection.php(607): CodeIgniter\Database\BaseConnection->simpleQuery('INSERT INTO `order_details` (`quantity`, `menu_item_id`, `order_id`, `subtotal`) VALUES (1, \'2\', NULL, 200)')
 3 SYSTEMPATH\Database\BaseBuilder.php(2307): CodeIgniter\Database\BaseConnection->query('INSERT INTO `order_details` (`quantity`, `menu_item_id`, `order_id`, `subtotal`) VALUES (:quantity:, :menu_item_id:, :order_id:, :subtotal:)', [...], false)
 4 SYSTEMPATH\Model.php(326): CodeIgniter\Database\BaseBuilder->insert()
 5 SYSTEMPATH\BaseModel.php(802): CodeIgniter\Model->doInsert([...])
 6 SYSTEMPATH\Model.php(744): CodeIgniter\BaseModel->insert([...], true)
 7 APPPATH\Controllers\OrderDetailsController.php(45): CodeIgniter\Model->insert([...])
 8 SYSTEMPATH\CodeIgniter.php(941): App\Controllers\OrderDetailsController->addMenuItemToOrder()
 9 SYSTEMPATH\CodeIgniter.php(502): CodeIgniter\CodeIgniter->runController(Object(App\Controllers\OrderDetailsController))
10 SYSTEMPATH\CodeIgniter.php(361): CodeIgniter\CodeIgniter->handleRequest(null, Object(Config\Cache), false)
11 FCPATH\index.php(89): CodeIgniter\CodeIgniter->run()
CRITICAL - 2024-04-10 04:28:26 --> [Caused by] mysqli_sql_exception: Column 'order_id' cannot be null
in SYSTEMPATH\Database\MySQLi\Connection.php on line 306.
 1 SYSTEMPATH\Database\MySQLi\Connection.php(306): mysqli->query('INSERT INTO `order_details` (`quantity`, `menu_item_id`, `order_id`, `subtotal`) VALUES (1, \'2\', NULL, 200)', 0)
 2 SYSTEMPATH\Database\BaseConnection.php(693): CodeIgniter\Database\MySQLi\Connection->execute('INSERT INTO `order_details` (`quantity`, `menu_item_id`, `order_id`, `subtotal`) VALUES (1, \'2\', NULL, 200)')
 3 SYSTEMPATH\Database\BaseConnection.php(607): CodeIgniter\Database\BaseConnection->simpleQuery('INSERT INTO `order_details` (`quantity`, `menu_item_id`, `order_id`, `subtotal`) VALUES (1, \'2\', NULL, 200)')
 4 SYSTEMPATH\Database\BaseBuilder.php(2307): CodeIgniter\Database\BaseConnection->query('INSERT INTO `order_details` (`quantity`, `menu_item_id`, `order_id`, `subtotal`) VALUES (:quantity:, :menu_item_id:, :order_id:, :subtotal:)', [...], false)
 5 SYSTEMPATH\Model.php(326): CodeIgniter\Database\BaseBuilder->insert()
 6 SYSTEMPATH\BaseModel.php(802): CodeIgniter\Model->doInsert([...])
 7 SYSTEMPATH\Model.php(744): CodeIgniter\BaseModel->insert([...], true)
 8 APPPATH\Controllers\OrderDetailsController.php(45): CodeIgniter\Model->insert([...])
 9 SYSTEMPATH\CodeIgniter.php(941): App\Controllers\OrderDetailsController->addMenuItemToOrder()
10 SYSTEMPATH\CodeIgniter.php(502): CodeIgniter\CodeIgniter->runController(Object(App\Controllers\OrderDetailsController))
11 SYSTEMPATH\CodeIgniter.php(361): CodeIgniter\CodeIgniter->handleRequest(null, Object(Config\Cache), false)
12 FCPATH\index.php(89): CodeIgniter\CodeIgniter->run()
ERROR - 2024-04-10 04:28:32 --> mysqli_sql_exception: Column 'order_id' cannot be null in C:\laragon\www\Capstone\AnahawBE\system\Database\MySQLi\Connection.php:306
Stack trace:
#0 C:\laragon\www\Capstone\AnahawBE\system\Database\MySQLi\Connection.php(306): mysqli->query('INSERT INTO `or...', 0)
#1 C:\laragon\www\Capstone\AnahawBE\system\Database\BaseConnection.php(693): CodeIgniter\Database\MySQLi\Connection->execute('INSERT INTO `or...')
#2 C:\laragon\www\Capstone\AnahawBE\system\Database\BaseConnection.php(607): CodeIgniter\Database\BaseConnection->simpleQuery('INSERT INTO `or...')
#3 C:\laragon\www\Capstone\AnahawBE\system\Database\BaseBuilder.php(2307): CodeIgniter\Database\BaseConnection->query('INSERT INTO `or...', Array, false)
#4 C:\laragon\www\Capstone\AnahawBE\system\Model.php(326): CodeIgniter\Database\BaseBuilder->insert()
#5 C:\laragon\www\Capstone\AnahawBE\system\BaseModel.php(802): CodeIgniter\Model->doInsert(Array)
#6 C:\laragon\www\Capstone\AnahawBE\system\Model.php(744): CodeIgniter\BaseModel->insert(Array, true)
#7 C:\laragon\www\Capstone\AnahawBE\app\Controllers\OrderDetailsController.php(45): CodeIgniter\Model->insert(Array)
#8 C:\laragon\www\Capstone\AnahawBE\system\CodeIgniter.php(941): App\Controllers\OrderDetailsController->addMenuItemToOrder()
#9 C:\laragon\www\Capstone\AnahawBE\system\CodeIgniter.php(502): CodeIgniter\CodeIgniter->runController(Object(App\Controllers\OrderDetailsController))
#10 C:\laragon\www\Capstone\AnahawBE\system\CodeIgniter.php(361): CodeIgniter\CodeIgniter->handleRequest(NULL, Object(Config\Cache), false)
#11 C:\laragon\www\Capstone\AnahawBE\public\index.php(89): CodeIgniter\CodeIgniter->run()
#12 {main}
CRITICAL - 2024-04-10 04:28:32 --> CodeIgniter\Database\Exceptions\DatabaseException: Column 'order_id' cannot be null
in SYSTEMPATH\Database\BaseConnection.php on line 647.
 1 SYSTEMPATH\Database\BaseBuilder.php(2307): CodeIgniter\Database\BaseConnection->query('INSERT INTO `order_details` (`quantity`, `menu_item_id`, `order_id`, `subtotal`) VALUES (:quantity:, :menu_item_id:, :order_id:, :subtotal:)', [...], false)
 2 SYSTEMPATH\Model.php(326): CodeIgniter\Database\BaseBuilder->insert()
 3 SYSTEMPATH\BaseModel.php(802): CodeIgniter\Model->doInsert([...])
 4 SYSTEMPATH\Model.php(744): CodeIgniter\BaseModel->insert([...], true)
 5 APPPATH\Controllers\OrderDetailsController.php(45): CodeIgniter\Model->insert([...])
 6 SYSTEMPATH\CodeIgniter.php(941): App\Controllers\OrderDetailsController->addMenuItemToOrder()
 7 SYSTEMPATH\CodeIgniter.php(502): CodeIgniter\CodeIgniter->runController(Object(App\Controllers\OrderDetailsController))
 8 SYSTEMPATH\CodeIgniter.php(361): CodeIgniter\CodeIgniter->handleRequest(null, Object(Config\Cache), false)
 9 FCPATH\index.php(89): CodeIgniter\CodeIgniter->run()
CRITICAL - 2024-04-10 04:28:32 --> [Caused by] CodeIgniter\Database\Exceptions\DatabaseException: Column 'order_id' cannot be null
in SYSTEMPATH\Database\MySQLi\Connection.php on line 311.
 1 SYSTEMPATH\Database\BaseConnection.php(693): CodeIgniter\Database\MySQLi\Connection->execute('INSERT INTO `order_details` (`quantity`, `menu_item_id`, `order_id`, `subtotal`) VALUES (1, \'2\', NULL, 200)')
 2 SYSTEMPATH\Database\BaseConnection.php(607): CodeIgniter\Database\BaseConnection->simpleQuery('INSERT INTO `order_details` (`quantity`, `menu_item_id`, `order_id`, `subtotal`) VALUES (1, \'2\', NULL, 200)')
 3 SYSTEMPATH\Database\BaseBuilder.php(2307): CodeIgniter\Database\BaseConnection->query('INSERT INTO `order_details` (`quantity`, `menu_item_id`, `order_id`, `subtotal`) VALUES (:quantity:, :menu_item_id:, :order_id:, :subtotal:)', [...], false)
 4 SYSTEMPATH\Model.php(326): CodeIgniter\Database\BaseBuilder->insert()
 5 SYSTEMPATH\BaseModel.php(802): CodeIgniter\Model->doInsert([...])
 6 SYSTEMPATH\Model.php(744): CodeIgniter\BaseModel->insert([...], true)
 7 APPPATH\Controllers\OrderDetailsController.php(45): CodeIgniter\Model->insert([...])
 8 SYSTEMPATH\CodeIgniter.php(941): App\Controllers\OrderDetailsController->addMenuItemToOrder()
 9 SYSTEMPATH\CodeIgniter.php(502): CodeIgniter\CodeIgniter->runController(Object(App\Controllers\OrderDetailsController))
10 SYSTEMPATH\CodeIgniter.php(361): CodeIgniter\CodeIgniter->handleRequest(null, Object(Config\Cache), false)
11 FCPATH\index.php(89): CodeIgniter\CodeIgniter->run()
CRITICAL - 2024-04-10 04:28:32 --> [Caused by] mysqli_sql_exception: Column 'order_id' cannot be null
in SYSTEMPATH\Database\MySQLi\Connection.php on line 306.
 1 SYSTEMPATH\Database\MySQLi\Connection.php(306): mysqli->query('INSERT INTO `order_details` (`quantity`, `menu_item_id`, `order_id`, `subtotal`) VALUES (1, \'2\', NULL, 200)', 0)
 2 SYSTEMPATH\Database\BaseConnection.php(693): CodeIgniter\Database\MySQLi\Connection->execute('INSERT INTO `order_details` (`quantity`, `menu_item_id`, `order_id`, `subtotal`) VALUES (1, \'2\', NULL, 200)')
 3 SYSTEMPATH\Database\BaseConnection.php(607): CodeIgniter\Database\BaseConnection->simpleQuery('INSERT INTO `order_details` (`quantity`, `menu_item_id`, `order_id`, `subtotal`) VALUES (1, \'2\', NULL, 200)')
 4 SYSTEMPATH\Database\BaseBuilder.php(2307): CodeIgniter\Database\BaseConnection->query('INSERT INTO `order_details` (`quantity`, `menu_item_id`, `order_id`, `subtotal`) VALUES (:quantity:, :menu_item_id:, :order_id:, :subtotal:)', [...], false)
 5 SYSTEMPATH\Model.php(326): CodeIgniter\Database\BaseBuilder->insert()
 6 SYSTEMPATH\BaseModel.php(802): CodeIgniter\Model->doInsert([...])
 7 SYSTEMPATH\Model.php(744): CodeIgniter\BaseModel->insert([...], true)
 8 APPPATH\Controllers\OrderDetailsController.php(45): CodeIgniter\Model->insert([...])
 9 SYSTEMPATH\CodeIgniter.php(941): App\Controllers\OrderDetailsController->addMenuItemToOrder()
10 SYSTEMPATH\CodeIgniter.php(502): CodeIgniter\CodeIgniter->runController(Object(App\Controllers\OrderDetailsController))
11 SYSTEMPATH\CodeIgniter.php(361): CodeIgniter\CodeIgniter->handleRequest(null, Object(Config\Cache), false)
12 FCPATH\index.php(89): CodeIgniter\CodeIgniter->run()
ERROR - 2024-04-10 04:28:56 --> mysqli_sql_exception: Column 'order_id' cannot be null in C:\laragon\www\Capstone\AnahawBE\system\Database\MySQLi\Connection.php:306
Stack trace:
#0 C:\laragon\www\Capstone\AnahawBE\system\Database\MySQLi\Connection.php(306): mysqli->query('INSERT INTO `or...', 0)
#1 C:\laragon\www\Capstone\AnahawBE\system\Database\BaseConnection.php(693): CodeIgniter\Database\MySQLi\Connection->execute('INSERT INTO `or...')
#2 C:\laragon\www\Capstone\AnahawBE\system\Database\BaseConnection.php(607): CodeIgniter\Database\BaseConnection->simpleQuery('INSERT INTO `or...')
#3 C:\laragon\www\Capstone\AnahawBE\system\Database\BaseBuilder.php(2307): CodeIgniter\Database\BaseConnection->query('INSERT INTO `or...', Array, false)
#4 C:\laragon\www\Capstone\AnahawBE\system\Model.php(326): CodeIgniter\Database\BaseBuilder->insert()
#5 C:\laragon\www\Capstone\AnahawBE\system\BaseModel.php(802): CodeIgniter\Model->doInsert(Array)
#6 C:\laragon\www\Capstone\AnahawBE\system\Model.php(744): CodeIgniter\BaseModel->insert(Array, true)
#7 C:\laragon\www\Capstone\AnahawBE\app\Controllers\OrderDetailsController.php(45): CodeIgniter\Model->insert(Array)
#8 C:\laragon\www\Capstone\AnahawBE\system\CodeIgniter.php(941): App\Controllers\OrderDetailsController->addMenuItemToOrder()
#9 C:\laragon\www\Capstone\AnahawBE\system\CodeIgniter.php(502): CodeIgniter\CodeIgniter->runController(Object(App\Controllers\OrderDetailsController))
#10 C:\laragon\www\Capstone\AnahawBE\system\CodeIgniter.php(361): CodeIgniter\CodeIgniter->handleRequest(NULL, Object(Config\Cache), false)
#11 C:\laragon\www\Capstone\AnahawBE\public\index.php(89): CodeIgniter\CodeIgniter->run()
#12 {main}
CRITICAL - 2024-04-10 04:28:56 --> CodeIgniter\Database\Exceptions\DatabaseException: Column 'order_id' cannot be null
in SYSTEMPATH\Database\BaseConnection.php on line 647.
 1 SYSTEMPATH\Database\BaseBuilder.php(2307): CodeIgniter\Database\BaseConnection->query('INSERT INTO `order_details` (`quantity`, `menu_item_id`, `order_id`, `subtotal`) VALUES (:quantity:, :menu_item_id:, :order_id:, :subtotal:)', [...], false)
 2 SYSTEMPATH\Model.php(326): CodeIgniter\Database\BaseBuilder->insert()
 3 SYSTEMPATH\BaseModel.php(802): CodeIgniter\Model->doInsert([...])
 4 SYSTEMPATH\Model.php(744): CodeIgniter\BaseModel->insert([...], true)
 5 APPPATH\Controllers\OrderDetailsController.php(45): CodeIgniter\Model->insert([...])
 6 SYSTEMPATH\CodeIgniter.php(941): App\Controllers\OrderDetailsController->addMenuItemToOrder()
 7 SYSTEMPATH\CodeIgniter.php(502): CodeIgniter\CodeIgniter->runController(Object(App\Controllers\OrderDetailsController))
 8 SYSTEMPATH\CodeIgniter.php(361): CodeIgniter\CodeIgniter->handleRequest(null, Object(Config\Cache), false)
 9 FCPATH\index.php(89): CodeIgniter\CodeIgniter->run()
CRITICAL - 2024-04-10 04:28:56 --> [Caused by] CodeIgniter\Database\Exceptions\DatabaseException: Column 'order_id' cannot be null
in SYSTEMPATH\Database\MySQLi\Connection.php on line 311.
 1 SYSTEMPATH\Database\BaseConnection.php(693): CodeIgniter\Database\MySQLi\Connection->execute('INSERT INTO `order_details` (`quantity`, `menu_item_id`, `order_id`, `subtotal`) VALUES (1, \'2\', NULL, 200)')
 2 SYSTEMPATH\Database\BaseConnection.php(607): CodeIgniter\Database\BaseConnection->simpleQuery('INSERT INTO `order_details` (`quantity`, `menu_item_id`, `order_id`, `subtotal`) VALUES (1, \'2\', NULL, 200)')
 3 SYSTEMPATH\Database\BaseBuilder.php(2307): CodeIgniter\Database\BaseConnection->query('INSERT INTO `order_details` (`quantity`, `menu_item_id`, `order_id`, `subtotal`) VALUES (:quantity:, :menu_item_id:, :order_id:, :subtotal:)', [...], false)
 4 SYSTEMPATH\Model.php(326): CodeIgniter\Database\BaseBuilder->insert()
 5 SYSTEMPATH\BaseModel.php(802): CodeIgniter\Model->doInsert([...])
 6 SYSTEMPATH\Model.php(744): CodeIgniter\BaseModel->insert([...], true)
 7 APPPATH\Controllers\OrderDetailsController.php(45): CodeIgniter\Model->insert([...])
 8 SYSTEMPATH\CodeIgniter.php(941): App\Controllers\OrderDetailsController->addMenuItemToOrder()
 9 SYSTEMPATH\CodeIgniter.php(502): CodeIgniter\CodeIgniter->runController(Object(App\Controllers\OrderDetailsController))
10 SYSTEMPATH\CodeIgniter.php(361): CodeIgniter\CodeIgniter->handleRequest(null, Object(Config\Cache), false)
11 FCPATH\index.php(89): CodeIgniter\CodeIgniter->run()
CRITICAL - 2024-04-10 04:28:56 --> [Caused by] mysqli_sql_exception: Column 'order_id' cannot be null
in SYSTEMPATH\Database\MySQLi\Connection.php on line 306.
 1 SYSTEMPATH\Database\MySQLi\Connection.php(306): mysqli->query('INSERT INTO `order_details` (`quantity`, `menu_item_id`, `order_id`, `subtotal`) VALUES (1, \'2\', NULL, 200)', 0)
 2 SYSTEMPATH\Database\BaseConnection.php(693): CodeIgniter\Database\MySQLi\Connection->execute('INSERT INTO `order_details` (`quantity`, `menu_item_id`, `order_id`, `subtotal`) VALUES (1, \'2\', NULL, 200)')
 3 SYSTEMPATH\Database\BaseConnection.php(607): CodeIgniter\Database\BaseConnection->simpleQuery('INSERT INTO `order_details` (`quantity`, `menu_item_id`, `order_id`, `subtotal`) VALUES (1, \'2\', NULL, 200)')
 4 SYSTEMPATH\Database\BaseBuilder.php(2307): CodeIgniter\Database\BaseConnection->query('INSERT INTO `order_details` (`quantity`, `menu_item_id`, `order_id`, `subtotal`) VALUES (:quantity:, :menu_item_id:, :order_id:, :subtotal:)', [...], false)
 5 SYSTEMPATH\Model.php(326): CodeIgniter\Database\BaseBuilder->insert()
 6 SYSTEMPATH\BaseModel.php(802): CodeIgniter\Model->doInsert([...])
 7 SYSTEMPATH\Model.php(744): CodeIgniter\BaseModel->insert([...], true)
 8 APPPATH\Controllers\OrderDetailsController.php(45): CodeIgniter\Model->insert([...])
 9 SYSTEMPATH\CodeIgniter.php(941): App\Controllers\OrderDetailsController->addMenuItemToOrder()
10 SYSTEMPATH\CodeIgniter.php(502): CodeIgniter\CodeIgniter->runController(Object(App\Controllers\OrderDetailsController))
11 SYSTEMPATH\CodeIgniter.php(361): CodeIgniter\CodeIgniter->handleRequest(null, Object(Config\Cache), false)
12 FCPATH\index.php(89): CodeIgniter\CodeIgniter->run()
ERROR - 2024-04-10 04:30:13 --> mysqli_sql_exception: Column 'menu_item_id' cannot be null in C:\laragon\www\Capstone\AnahawBE\system\Database\MySQLi\Connection.php:306
Stack trace:
#0 C:\laragon\www\Capstone\AnahawBE\system\Database\MySQLi\Connection.php(306): mysqli->query('INSERT INTO `or...', 0)
#1 C:\laragon\www\Capstone\AnahawBE\system\Database\BaseConnection.php(693): CodeIgniter\Database\MySQLi\Connection->execute('INSERT INTO `or...')
#2 C:\laragon\www\Capstone\AnahawBE\system\Database\BaseConnection.php(607): CodeIgniter\Database\BaseConnection->simpleQuery('INSERT INTO `or...')
#3 C:\laragon\www\Capstone\AnahawBE\system\Database\BaseBuilder.php(2307): CodeIgniter\Database\BaseConnection->query('INSERT INTO `or...', Array, false)
#4 C:\laragon\www\Capstone\AnahawBE\system\Model.php(326): CodeIgniter\Database\BaseBuilder->insert()
#5 C:\laragon\www\Capstone\AnahawBE\system\BaseModel.php(802): CodeIgniter\Model->doInsert(Array)
#6 C:\laragon\www\Capstone\AnahawBE\system\Model.php(744): CodeIgniter\BaseModel->insert(Array, true)
#7 C:\laragon\www\Capstone\AnahawBE\app\Controllers\OrderDetailsController.php(45): CodeIgniter\Model->insert(Array)
#8 C:\laragon\www\Capstone\AnahawBE\system\CodeIgniter.php(941): App\Controllers\OrderDetailsController->addMenuItemToOrder()
#9 C:\laragon\www\Capstone\AnahawBE\system\CodeIgniter.php(502): CodeIgniter\CodeIgniter->runController(Object(App\Controllers\OrderDetailsController))
#10 C:\laragon\www\Capstone\AnahawBE\system\CodeIgniter.php(361): CodeIgniter\CodeIgniter->handleRequest(NULL, Object(Config\Cache), false)
#11 C:\laragon\www\Capstone\AnahawBE\public\index.php(89): CodeIgniter\CodeIgniter->run()
#12 {main}
CRITICAL - 2024-04-10 04:30:13 --> CodeIgniter\Database\Exceptions\DatabaseException: Column 'menu_item_id' cannot be null
in SYSTEMPATH\Database\BaseConnection.php on line 647.
 1 SYSTEMPATH\Database\BaseBuilder.php(2307): CodeIgniter\Database\BaseConnection->query('INSERT INTO `order_details` (`quantity`, `menu_item_id`, `order_id`, `subtotal`) VALUES (:quantity:, :menu_item_id:, :order_id:, :subtotal:)', [...], false)
 2 SYSTEMPATH\Model.php(326): CodeIgniter\Database\BaseBuilder->insert()
 3 SYSTEMPATH\BaseModel.php(802): CodeIgniter\Model->doInsert([...])
 4 SYSTEMPATH\Model.php(744): CodeIgniter\BaseModel->insert([...], true)
 5 APPPATH\Controllers\OrderDetailsController.php(45): CodeIgniter\Model->insert([...])
 6 SYSTEMPATH\CodeIgniter.php(941): App\Controllers\OrderDetailsController->addMenuItemToOrder()
 7 SYSTEMPATH\CodeIgniter.php(502): CodeIgniter\CodeIgniter->runController(Object(App\Controllers\OrderDetailsController))
 8 SYSTEMPATH\CodeIgniter.php(361): CodeIgniter\CodeIgniter->handleRequest(null, Object(Config\Cache), false)
 9 FCPATH\index.php(89): CodeIgniter\CodeIgniter->run()
CRITICAL - 2024-04-10 04:30:13 --> [Caused by] CodeIgniter\Database\Exceptions\DatabaseException: Column 'menu_item_id' cannot be null
in SYSTEMPATH\Database\MySQLi\Connection.php on line 311.
 1 SYSTEMPATH\Database\BaseConnection.php(693): CodeIgniter\Database\MySQLi\Connection->execute('INSERT INTO `order_details` (`quantity`, `menu_item_id`, `order_id`, `subtotal`) VALUES (1, NULL, 63, 0)')
 2 SYSTEMPATH\Database\BaseConnection.php(607): CodeIgniter\Database\BaseConnection->simpleQuery('INSERT INTO `order_details` (`quantity`, `menu_item_id`, `order_id`, `subtotal`) VALUES (1, NULL, 63, 0)')
 3 SYSTEMPATH\Database\BaseBuilder.php(2307): CodeIgniter\Database\BaseConnection->query('INSERT INTO `order_details` (`quantity`, `menu_item_id`, `order_id`, `subtotal`) VALUES (:quantity:, :menu_item_id:, :order_id:, :subtotal:)', [...], false)
 4 SYSTEMPATH\Model.php(326): CodeIgniter\Database\BaseBuilder->insert()
 5 SYSTEMPATH\BaseModel.php(802): CodeIgniter\Model->doInsert([...])
 6 SYSTEMPATH\Model.php(744): CodeIgniter\BaseModel->insert([...], true)
 7 APPPATH\Controllers\OrderDetailsController.php(45): CodeIgniter\Model->insert([...])
 8 SYSTEMPATH\CodeIgniter.php(941): App\Controllers\OrderDetailsController->addMenuItemToOrder()
 9 SYSTEMPATH\CodeIgniter.php(502): CodeIgniter\CodeIgniter->runController(Object(App\Controllers\OrderDetailsController))
10 SYSTEMPATH\CodeIgniter.php(361): CodeIgniter\CodeIgniter->handleRequest(null, Object(Config\Cache), false)
11 FCPATH\index.php(89): CodeIgniter\CodeIgniter->run()
CRITICAL - 2024-04-10 04:30:13 --> [Caused by] mysqli_sql_exception: Column 'menu_item_id' cannot be null
in SYSTEMPATH\Database\MySQLi\Connection.php on line 306.
 1 SYSTEMPATH\Database\MySQLi\Connection.php(306): mysqli->query('INSERT INTO `order_details` (`quantity`, `menu_item_id`, `order_id`, `subtotal`) VALUES (1, NULL, 63, 0)', 0)
 2 SYSTEMPATH\Database\BaseConnection.php(693): CodeIgniter\Database\MySQLi\Connection->execute('INSERT INTO `order_details` (`quantity`, `menu_item_id`, `order_id`, `subtotal`) VALUES (1, NULL, 63, 0)')
 3 SYSTEMPATH\Database\BaseConnection.php(607): CodeIgniter\Database\BaseConnection->simpleQuery('INSERT INTO `order_details` (`quantity`, `menu_item_id`, `order_id`, `subtotal`) VALUES (1, NULL, 63, 0)')
 4 SYSTEMPATH\Database\BaseBuilder.php(2307): CodeIgniter\Database\BaseConnection->query('INSERT INTO `order_details` (`quantity`, `menu_item_id`, `order_id`, `subtotal`) VALUES (:quantity:, :menu_item_id:, :order_id:, :subtotal:)', [...], false)
 5 SYSTEMPATH\Model.php(326): CodeIgniter\Database\BaseBuilder->insert()
 6 SYSTEMPATH\BaseModel.php(802): CodeIgniter\Model->doInsert([...])
 7 SYSTEMPATH\Model.php(744): CodeIgniter\BaseModel->insert([...], true)
 8 APPPATH\Controllers\OrderDetailsController.php(45): CodeIgniter\Model->insert([...])
 9 SYSTEMPATH\CodeIgniter.php(941): App\Controllers\OrderDetailsController->addMenuItemToOrder()
10 SYSTEMPATH\CodeIgniter.php(502): CodeIgniter\CodeIgniter->runController(Object(App\Controllers\OrderDetailsController))
11 SYSTEMPATH\CodeIgniter.php(361): CodeIgniter\CodeIgniter->handleRequest(null, Object(Config\Cache), false)
12 FCPATH\index.php(89): CodeIgniter\CodeIgniter->run()
ERROR - 2024-04-10 04:30:34 --> mysqli_sql_exception: Column 'menu_item_id' cannot be null in C:\laragon\www\Capstone\AnahawBE\system\Database\MySQLi\Connection.php:306
Stack trace:
#0 C:\laragon\www\Capstone\AnahawBE\system\Database\MySQLi\Connection.php(306): mysqli->query('INSERT INTO `or...', 0)
#1 C:\laragon\www\Capstone\AnahawBE\system\Database\BaseConnection.php(693): CodeIgniter\Database\MySQLi\Connection->execute('INSERT INTO `or...')
#2 C:\laragon\www\Capstone\AnahawBE\system\Database\BaseConnection.php(607): CodeIgniter\Database\BaseConnection->simpleQuery('INSERT INTO `or...')
#3 C:\laragon\www\Capstone\AnahawBE\system\Database\BaseBuilder.php(2307): CodeIgniter\Database\BaseConnection->query('INSERT INTO `or...', Array, false)
#4 C:\laragon\www\Capstone\AnahawBE\system\Model.php(326): CodeIgniter\Database\BaseBuilder->insert()
#5 C:\laragon\www\Capstone\AnahawBE\system\BaseModel.php(802): CodeIgniter\Model->doInsert(Array)
#6 C:\laragon\www\Capstone\AnahawBE\system\Model.php(744): CodeIgniter\BaseModel->insert(Array, true)
#7 C:\laragon\www\Capstone\AnahawBE\app\Controllers\OrderDetailsController.php(45): CodeIgniter\Model->insert(Array)
#8 C:\laragon\www\Capstone\AnahawBE\system\CodeIgniter.php(941): App\Controllers\OrderDetailsController->addMenuItemToOrder()
#9 C:\laragon\www\Capstone\AnahawBE\system\CodeIgniter.php(502): CodeIgniter\CodeIgniter->runController(Object(App\Controllers\OrderDetailsController))
#10 C:\laragon\www\Capstone\AnahawBE\system\CodeIgniter.php(361): CodeIgniter\CodeIgniter->handleRequest(NULL, Object(Config\Cache), false)
#11 C:\laragon\www\Capstone\AnahawBE\public\index.php(89): CodeIgniter\CodeIgniter->run()
#12 {main}
CRITICAL - 2024-04-10 04:30:34 --> CodeIgniter\Database\Exceptions\DatabaseException: Column 'menu_item_id' cannot be null
in SYSTEMPATH\Database\BaseConnection.php on line 647.
 1 SYSTEMPATH\Database\BaseBuilder.php(2307): CodeIgniter\Database\BaseConnection->query('INSERT INTO `order_details` (`quantity`, `menu_item_id`, `order_id`, `subtotal`) VALUES (:quantity:, :menu_item_id:, :order_id:, :subtotal:)', [...], false)
 2 SYSTEMPATH\Model.php(326): CodeIgniter\Database\BaseBuilder->insert()
 3 SYSTEMPATH\BaseModel.php(802): CodeIgniter\Model->doInsert([...])
 4 SYSTEMPATH\Model.php(744): CodeIgniter\BaseModel->insert([...], true)
 5 APPPATH\Controllers\OrderDetailsController.php(45): CodeIgniter\Model->insert([...])
 6 SYSTEMPATH\CodeIgniter.php(941): App\Controllers\OrderDetailsController->addMenuItemToOrder()
 7 SYSTEMPATH\CodeIgniter.php(502): CodeIgniter\CodeIgniter->runController(Object(App\Controllers\OrderDetailsController))
 8 SYSTEMPATH\CodeIgniter.php(361): CodeIgniter\CodeIgniter->handleRequest(null, Object(Config\Cache), false)
 9 FCPATH\index.php(89): CodeIgniter\CodeIgniter->run()
CRITICAL - 2024-04-10 04:30:34 --> [Caused by] CodeIgniter\Database\Exceptions\DatabaseException: Column 'menu_item_id' cannot be null
in SYSTEMPATH\Database\MySQLi\Connection.php on line 311.
 1 SYSTEMPATH\Database\BaseConnection.php(693): CodeIgniter\Database\MySQLi\Connection->execute('INSERT INTO `order_details` (`quantity`, `menu_item_id`, `order_id`, `subtotal`) VALUES (1, NULL, 64, 0)')
 2 SYSTEMPATH\Database\BaseConnection.php(607): CodeIgniter\Database\BaseConnection->simpleQuery('INSERT INTO `order_details` (`quantity`, `menu_item_id`, `order_id`, `subtotal`) VALUES (1, NULL, 64, 0)')
 3 SYSTEMPATH\Database\BaseBuilder.php(2307): CodeIgniter\Database\BaseConnection->query('INSERT INTO `order_details` (`quantity`, `menu_item_id`, `order_id`, `subtotal`) VALUES (:quantity:, :menu_item_id:, :order_id:, :subtotal:)', [...], false)
 4 SYSTEMPATH\Model.php(326): CodeIgniter\Database\BaseBuilder->insert()
 5 SYSTEMPATH\BaseModel.php(802): CodeIgniter\Model->doInsert([...])
 6 SYSTEMPATH\Model.php(744): CodeIgniter\BaseModel->insert([...], true)
 7 APPPATH\Controllers\OrderDetailsController.php(45): CodeIgniter\Model->insert([...])
 8 SYSTEMPATH\CodeIgniter.php(941): App\Controllers\OrderDetailsController->addMenuItemToOrder()
 9 SYSTEMPATH\CodeIgniter.php(502): CodeIgniter\CodeIgniter->runController(Object(App\Controllers\OrderDetailsController))
10 SYSTEMPATH\CodeIgniter.php(361): CodeIgniter\CodeIgniter->handleRequest(null, Object(Config\Cache), false)
11 FCPATH\index.php(89): CodeIgniter\CodeIgniter->run()
CRITICAL - 2024-04-10 04:30:34 --> [Caused by] mysqli_sql_exception: Column 'menu_item_id' cannot be null
in SYSTEMPATH\Database\MySQLi\Connection.php on line 306.
 1 SYSTEMPATH\Database\MySQLi\Connection.php(306): mysqli->query('INSERT INTO `order_details` (`quantity`, `menu_item_id`, `order_id`, `subtotal`) VALUES (1, NULL, 64, 0)', 0)
 2 SYSTEMPATH\Database\BaseConnection.php(693): CodeIgniter\Database\MySQLi\Connection->execute('INSERT INTO `order_details` (`quantity`, `menu_item_id`, `order_id`, `subtotal`) VALUES (1, NULL, 64, 0)')
 3 SYSTEMPATH\Database\BaseConnection.php(607): CodeIgniter\Database\BaseConnection->simpleQuery('INSERT INTO `order_details` (`quantity`, `menu_item_id`, `order_id`, `subtotal`) VALUES (1, NULL, 64, 0)')
 4 SYSTEMPATH\Database\BaseBuilder.php(2307): CodeIgniter\Database\BaseConnection->query('INSERT INTO `order_details` (`quantity`, `menu_item_id`, `order_id`, `subtotal`) VALUES (:quantity:, :menu_item_id:, :order_id:, :subtotal:)', [...], false)
 5 SYSTEMPATH\Model.php(326): CodeIgniter\Database\BaseBuilder->insert()
 6 SYSTEMPATH\BaseModel.php(802): CodeIgniter\Model->doInsert([...])
 7 SYSTEMPATH\Model.php(744): CodeIgniter\BaseModel->insert([...], true)
 8 APPPATH\Controllers\OrderDetailsController.php(45): CodeIgniter\Model->insert([...])
 9 SYSTEMPATH\CodeIgniter.php(941): App\Controllers\OrderDetailsController->addMenuItemToOrder()
10 SYSTEMPATH\CodeIgniter.php(502): CodeIgniter\CodeIgniter->runController(Object(App\Controllers\OrderDetailsController))
11 SYSTEMPATH\CodeIgniter.php(361): CodeIgniter\CodeIgniter->handleRequest(null, Object(Config\Cache), false)
12 FCPATH\index.php(89): CodeIgniter\CodeIgniter->run()
ERROR - 2024-04-10 04:31:21 --> mysqli_sql_exception: Column 'menu_item_id' cannot be null in C:\laragon\www\Capstone\AnahawBE\system\Database\MySQLi\Connection.php:306
Stack trace:
#0 C:\laragon\www\Capstone\AnahawBE\system\Database\MySQLi\Connection.php(306): mysqli->query('INSERT INTO `or...', 0)
#1 C:\laragon\www\Capstone\AnahawBE\system\Database\BaseConnection.php(693): CodeIgniter\Database\MySQLi\Connection->execute('INSERT INTO `or...')
#2 C:\laragon\www\Capstone\AnahawBE\system\Database\BaseConnection.php(607): CodeIgniter\Database\BaseConnection->simpleQuery('INSERT INTO `or...')
#3 C:\laragon\www\Capstone\AnahawBE\system\Database\BaseBuilder.php(2307): CodeIgniter\Database\BaseConnection->query('INSERT INTO `or...', Array, false)
#4 C:\laragon\www\Capstone\AnahawBE\system\Model.php(326): CodeIgniter\Database\BaseBuilder->insert()
#5 C:\laragon\www\Capstone\AnahawBE\system\BaseModel.php(802): CodeIgniter\Model->doInsert(Array)
#6 C:\laragon\www\Capstone\AnahawBE\system\Model.php(744): CodeIgniter\BaseModel->insert(Array, true)
#7 C:\laragon\www\Capstone\AnahawBE\app\Controllers\OrderDetailsController.php(45): CodeIgniter\Model->insert(Array)
#8 C:\laragon\www\Capstone\AnahawBE\system\CodeIgniter.php(941): App\Controllers\OrderDetailsController->addMenuItemToOrder()
#9 C:\laragon\www\Capstone\AnahawBE\system\CodeIgniter.php(502): CodeIgniter\CodeIgniter->runController(Object(App\Controllers\OrderDetailsController))
#10 C:\laragon\www\Capstone\AnahawBE\system\CodeIgniter.php(361): CodeIgniter\CodeIgniter->handleRequest(NULL, Object(Config\Cache), false)
#11 C:\laragon\www\Capstone\AnahawBE\public\index.php(89): CodeIgniter\CodeIgniter->run()
#12 {main}
CRITICAL - 2024-04-10 04:31:21 --> CodeIgniter\Database\Exceptions\DatabaseException: Column 'menu_item_id' cannot be null
in SYSTEMPATH\Database\BaseConnection.php on line 647.
 1 SYSTEMPATH\Database\BaseBuilder.php(2307): CodeIgniter\Database\BaseConnection->query('INSERT INTO `order_details` (`quantity`, `menu_item_id`, `order_id`, `subtotal`) VALUES (:quantity:, :menu_item_id:, :order_id:, :subtotal:)', [...], false)
 2 SYSTEMPATH\Model.php(326): CodeIgniter\Database\BaseBuilder->insert()
 3 SYSTEMPATH\BaseModel.php(802): CodeIgniter\Model->doInsert([...])
 4 SYSTEMPATH\Model.php(744): CodeIgniter\BaseModel->insert([...], true)
 5 APPPATH\Controllers\OrderDetailsController.php(45): CodeIgniter\Model->insert([...])
 6 SYSTEMPATH\CodeIgniter.php(941): App\Controllers\OrderDetailsController->addMenuItemToOrder()
 7 SYSTEMPATH\CodeIgniter.php(502): CodeIgniter\CodeIgniter->runController(Object(App\Controllers\OrderDetailsController))
 8 SYSTEMPATH\CodeIgniter.php(361): CodeIgniter\CodeIgniter->handleRequest(null, Object(Config\Cache), false)
 9 FCPATH\index.php(89): CodeIgniter\CodeIgniter->run()
CRITICAL - 2024-04-10 04:31:21 --> [Caused by] CodeIgniter\Database\Exceptions\DatabaseException: Column 'menu_item_id' cannot be null
in SYSTEMPATH\Database\MySQLi\Connection.php on line 311.
 1 SYSTEMPATH\Database\BaseConnection.php(693): CodeIgniter\Database\MySQLi\Connection->execute('INSERT INTO `order_details` (`quantity`, `menu_item_id`, `order_id`, `subtotal`) VALUES (1, NULL, 65, 0)')
 2 SYSTEMPATH\Database\BaseConnection.php(607): CodeIgniter\Database\BaseConnection->simpleQuery('INSERT INTO `order_details` (`quantity`, `menu_item_id`, `order_id`, `subtotal`) VALUES (1, NULL, 65, 0)')
 3 SYSTEMPATH\Database\BaseBuilder.php(2307): CodeIgniter\Database\BaseConnection->query('INSERT INTO `order_details` (`quantity`, `menu_item_id`, `order_id`, `subtotal`) VALUES (:quantity:, :menu_item_id:, :order_id:, :subtotal:)', [...], false)
 4 SYSTEMPATH\Model.php(326): CodeIgniter\Database\BaseBuilder->insert()
 5 SYSTEMPATH\BaseModel.php(802): CodeIgniter\Model->doInsert([...])
 6 SYSTEMPATH\Model.php(744): CodeIgniter\BaseModel->insert([...], true)
 7 APPPATH\Controllers\OrderDetailsController.php(45): CodeIgniter\Model->insert([...])
 8 SYSTEMPATH\CodeIgniter.php(941): App\Controllers\OrderDetailsController->addMenuItemToOrder()
 9 SYSTEMPATH\CodeIgniter.php(502): CodeIgniter\CodeIgniter->runController(Object(App\Controllers\OrderDetailsController))
10 SYSTEMPATH\CodeIgniter.php(361): CodeIgniter\CodeIgniter->handleRequest(null, Object(Config\Cache), false)
11 FCPATH\index.php(89): CodeIgniter\CodeIgniter->run()
CRITICAL - 2024-04-10 04:31:21 --> [Caused by] mysqli_sql_exception: Column 'menu_item_id' cannot be null
in SYSTEMPATH\Database\MySQLi\Connection.php on line 306.
 1 SYSTEMPATH\Database\MySQLi\Connection.php(306): mysqli->query('INSERT INTO `order_details` (`quantity`, `menu_item_id`, `order_id`, `subtotal`) VALUES (1, NULL, 65, 0)', 0)
 2 SYSTEMPATH\Database\BaseConnection.php(693): CodeIgniter\Database\MySQLi\Connection->execute('INSERT INTO `order_details` (`quantity`, `menu_item_id`, `order_id`, `subtotal`) VALUES (1, NULL, 65, 0)')
 3 SYSTEMPATH\Database\BaseConnection.php(607): CodeIgniter\Database\BaseConnection->simpleQuery('INSERT INTO `order_details` (`quantity`, `menu_item_id`, `order_id`, `subtotal`) VALUES (1, NULL, 65, 0)')
 4 SYSTEMPATH\Database\BaseBuilder.php(2307): CodeIgniter\Database\BaseConnection->query('INSERT INTO `order_details` (`quantity`, `menu_item_id`, `order_id`, `subtotal`) VALUES (:quantity:, :menu_item_id:, :order_id:, :subtotal:)', [...], false)
 5 SYSTEMPATH\Model.php(326): CodeIgniter\Database\BaseBuilder->insert()
 6 SYSTEMPATH\BaseModel.php(802): CodeIgniter\Model->doInsert([...])
 7 SYSTEMPATH\Model.php(744): CodeIgniter\BaseModel->insert([...], true)
 8 APPPATH\Controllers\OrderDetailsController.php(45): CodeIgniter\Model->insert([...])
 9 SYSTEMPATH\CodeIgniter.php(941): App\Controllers\OrderDetailsController->addMenuItemToOrder()
10 SYSTEMPATH\CodeIgniter.php(502): CodeIgniter\CodeIgniter->runController(Object(App\Controllers\OrderDetailsController))
11 SYSTEMPATH\CodeIgniter.php(361): CodeIgniter\CodeIgniter->handleRequest(null, Object(Config\Cache), false)
12 FCPATH\index.php(89): CodeIgniter\CodeIgniter->run()
ERROR - 2024-04-10 08:38:48 --> mysqli_sql_exception: Duplicate entry 'jdmalaluan1@gmail.com' for key 'customers.email' in C:\laragon\www\Capstone\AnahawBE\system\Database\MySQLi\Connection.php:306
Stack trace:
#0 C:\laragon\www\Capstone\AnahawBE\system\Database\MySQLi\Connection.php(306): mysqli->query('INSERT INTO `cu...', 0)
#1 C:\laragon\www\Capstone\AnahawBE\system\Database\BaseConnection.php(693): CodeIgniter\Database\MySQLi\Connection->execute('INSERT INTO `cu...')
#2 C:\laragon\www\Capstone\AnahawBE\system\Database\BaseConnection.php(607): CodeIgniter\Database\BaseConnection->simpleQuery('INSERT INTO `cu...')
#3 C:\laragon\www\Capstone\AnahawBE\system\Database\BaseBuilder.php(2307): CodeIgniter\Database\BaseConnection->query('INSERT INTO `cu...', Array, false)
#4 C:\laragon\www\Capstone\AnahawBE\system\Model.php(326): CodeIgniter\Database\BaseBuilder->insert()
#5 C:\laragon\www\Capstone\AnahawBE\system\BaseModel.php(802): CodeIgniter\Model->doInsert(Array)
#6 C:\laragon\www\Capstone\AnahawBE\system\Model.php(744): CodeIgniter\BaseModel->insert(Array, true)
#7 C:\laragon\www\Capstone\AnahawBE\app\Controllers\AccountController.php(42): CodeIgniter\Model->insert(Array)
#8 C:\laragon\www\Capstone\AnahawBE\system\CodeIgniter.php(941): App\Controllers\AccountController->createAccount()
#9 C:\laragon\www\Capstone\AnahawBE\system\CodeIgniter.php(502): CodeIgniter\CodeIgniter->runController(Object(App\Controllers\AccountController))
#10 C:\laragon\www\Capstone\AnahawBE\system\CodeIgniter.php(361): CodeIgniter\CodeIgniter->handleRequest(NULL, Object(Config\Cache), false)
#11 C:\laragon\www\Capstone\AnahawBE\public\index.php(89): CodeIgniter\CodeIgniter->run()
#12 {main}
CRITICAL - 2024-04-10 08:38:48 --> CodeIgniter\Database\Exceptions\DatabaseException: Duplicate entry 'jdmalaluan1@gmail.com' for key 'customers.email'
in SYSTEMPATH\Database\BaseConnection.php on line 647.
 1 SYSTEMPATH\Database\BaseBuilder.php(2307): CodeIgniter\Database\BaseConnection->query('INSERT INTO `customers` (`firstname`, `lastname`, `email`, `phone`) VALUES (:firstname:, :lastname:, :email:, :phone:)', [...], false)
 2 SYSTEMPATH\Model.php(326): CodeIgniter\Database\BaseBuilder->insert()
 3 SYSTEMPATH\BaseModel.php(802): CodeIgniter\Model->doInsert([...])
 4 SYSTEMPATH\Model.php(744): CodeIgniter\BaseModel->insert([...], true)
 5 APPPATH\Controllers\AccountController.php(42): CodeIgniter\Model->insert([...])
 6 SYSTEMPATH\CodeIgniter.php(941): App\Controllers\AccountController->createAccount()
 7 SYSTEMPATH\CodeIgniter.php(502): CodeIgniter\CodeIgniter->runController(Object(App\Controllers\AccountController))
 8 SYSTEMPATH\CodeIgniter.php(361): CodeIgniter\CodeIgniter->handleRequest(null, Object(Config\Cache), false)
 9 FCPATH\index.php(89): CodeIgniter\CodeIgniter->run()
CRITICAL - 2024-04-10 08:38:48 --> [Caused by] CodeIgniter\Database\Exceptions\DatabaseException: Duplicate entry 'jdmalaluan1@gmail.com' for key 'customers.email'
in SYSTEMPATH\Database\MySQLi\Connection.php on line 311.
 1 SYSTEMPATH\Database\BaseConnection.php(693): CodeIgniter\Database\MySQLi\Connection->execute('INSERT INTO `customers` (`firstname`, `lastname`, `email`, `phone`) VALUES (\'Jan Dyze\', \'Malaluan\', \'jdmalaluan1@gmail.com\', \'0994103295\')')
 2 SYSTEMPATH\Database\BaseConnection.php(607): CodeIgniter\Database\BaseConnection->simpleQuery('INSERT INTO `customers` (`firstname`, `lastname`, `email`, `phone`) VALUES (\'Jan Dyze\', \'Malaluan\', \'jdmalaluan1@gmail.com\', \'0994103295\')')
 3 SYSTEMPATH\Database\BaseBuilder.php(2307): CodeIgniter\Database\BaseConnection->query('INSERT INTO `customers` (`firstname`, `lastname`, `email`, `phone`) VALUES (:firstname:, :lastname:, :email:, :phone:)', [...], false)
 4 SYSTEMPATH\Model.php(326): CodeIgniter\Database\BaseBuilder->insert()
 5 SYSTEMPATH\BaseModel.php(802): CodeIgniter\Model->doInsert([...])
 6 SYSTEMPATH\Model.php(744): CodeIgniter\BaseModel->insert([...], true)
 7 APPPATH\Controllers\AccountController.php(42): CodeIgniter\Model->insert([...])
 8 SYSTEMPATH\CodeIgniter.php(941): App\Controllers\AccountController->createAccount()
 9 SYSTEMPATH\CodeIgniter.php(502): CodeIgniter\CodeIgniter->runController(Object(App\Controllers\AccountController))
10 SYSTEMPATH\CodeIgniter.php(361): CodeIgniter\CodeIgniter->handleRequest(null, Object(Config\Cache), false)
11 FCPATH\index.php(89): CodeIgniter\CodeIgniter->run()
CRITICAL - 2024-04-10 08:38:48 --> [Caused by] mysqli_sql_exception: Duplicate entry 'jdmalaluan1@gmail.com' for key 'customers.email'
in SYSTEMPATH\Database\MySQLi\Connection.php on line 306.
 1 SYSTEMPATH\Database\MySQLi\Connection.php(306): mysqli->query('INSERT INTO `customers` (`firstname`, `lastname`, `email`, `phone`) VALUES (\'Jan Dyze\', \'Malaluan\', \'jdmalaluan1@gmail.com\', \'0994103295\')', 0)
 2 SYSTEMPATH\Database\BaseConnection.php(693): CodeIgniter\Database\MySQLi\Connection->execute('INSERT INTO `customers` (`firstname`, `lastname`, `email`, `phone`) VALUES (\'Jan Dyze\', \'Malaluan\', \'jdmalaluan1@gmail.com\', \'0994103295\')')
 3 SYSTEMPATH\Database\BaseConnection.php(607): CodeIgniter\Database\BaseConnection->simpleQuery('INSERT INTO `customers` (`firstname`, `lastname`, `email`, `phone`) VALUES (\'Jan Dyze\', \'Malaluan\', \'jdmalaluan1@gmail.com\', \'0994103295\')')
 4 SYSTEMPATH\Database\BaseBuilder.php(2307): CodeIgniter\Database\BaseConnection->query('INSERT INTO `customers` (`firstname`, `lastname`, `email`, `phone`) VALUES (:firstname:, :lastname:, :email:, :phone:)', [...], false)
 5 SYSTEMPATH\Model.php(326): CodeIgniter\Database\BaseBuilder->insert()
 6 SYSTEMPATH\BaseModel.php(802): CodeIgniter\Model->doInsert([...])
 7 SYSTEMPATH\Model.php(744): CodeIgniter\BaseModel->insert([...], true)
 8 APPPATH\Controllers\AccountController.php(42): CodeIgniter\Model->insert([...])
 9 SYSTEMPATH\CodeIgniter.php(941): App\Controllers\AccountController->createAccount()
10 SYSTEMPATH\CodeIgniter.php(502): CodeIgniter\CodeIgniter->runController(Object(App\Controllers\AccountController))
11 SYSTEMPATH\CodeIgniter.php(361): CodeIgniter\CodeIgniter->handleRequest(null, Object(Config\Cache), false)
12 FCPATH\index.php(89): CodeIgniter\CodeIgniter->run()
