CRITICAL - 2024-04-15 01:22:15 --> Error: Class "Locale" not found
in SYSTEMPATH\CodeIgniter.php on line 218.
 1 ROOTPATH\spark(88): CodeIgniter\CodeIgniter->initialize()
CRITICAL - 2024-04-15 01:22:15 --> ErrorException: Uncaught Error: Class "Locale" not found in C:\laragon\www\Capstone\AnahawBE\system\I18n\TimeTrait.php:74
Stack trace:
#0 C:\laragon\www\Capstone\AnahawBE\system\I18n\TimeTrait.php(115): CodeIgniter\I18n\Time->__construct()
#1 C:\laragon\www\Capstone\AnahawBE\system\HTTP\ResponseTrait.php(468): CodeIgniter\I18n\Time::now()
#2 C:\laragon\www\Capstone\AnahawBE\system\HTTP\ResponseTrait.php(446): CodeIgniter\HTTP\Response->sendHeaders()
#3 C:\laragon\www\Capstone\AnahawBE\system\Debug\ExceptionHandler.php(81): CodeIgniter\HTTP\Response->send()
#4 C:\laragon\www\Capstone\AnahawBE\system\Debug\Exceptions.php(156): CodeIgniter\Debug\ExceptionHandler->handle()
#5 [internal function]: CodeIgniter\Debug\Exceptions->exceptionHandler()
#6 {main}
  thrown
【Previous Exception】
Error
Class "Locale" not found
#0 C:\laragon\www\Capstone\AnahawBE\spark(88): CodeIgniter\CodeIgniter->initialize()
#1 {main}
in SYSTEMPATH\I18n\TimeTrait.php on line 74.
 1 [internal function]: CodeIgniter\Debug\Exceptions->shutdownHandler()
CRITICAL - 2024-04-15 01:22:25 --> Error: Class "Locale" not found
in SYSTEMPATH\CodeIgniter.php on line 218.
 1 ROOTPATH\spark(88): CodeIgniter\CodeIgniter->initialize()
CRITICAL - 2024-04-15 01:22:25 --> ErrorException: Uncaught Error: Class "Locale" not found in C:\laragon\www\Capstone\AnahawBE\system\I18n\TimeTrait.php:74
Stack trace:
#0 C:\laragon\www\Capstone\AnahawBE\system\I18n\TimeTrait.php(115): CodeIgniter\I18n\Time->__construct()
#1 C:\laragon\www\Capstone\AnahawBE\system\HTTP\ResponseTrait.php(468): CodeIgniter\I18n\Time::now()
#2 C:\laragon\www\Capstone\AnahawBE\system\HTTP\ResponseTrait.php(446): CodeIgniter\HTTP\Response->sendHeaders()
#3 C:\laragon\www\Capstone\AnahawBE\system\Debug\ExceptionHandler.php(81): CodeIgniter\HTTP\Response->send()
#4 C:\laragon\www\Capstone\AnahawBE\system\Debug\Exceptions.php(156): CodeIgniter\Debug\ExceptionHandler->handle()
#5 [internal function]: CodeIgniter\Debug\Exceptions->exceptionHandler()
#6 {main}
  thrown
【Previous Exception】
Error
Class "Locale" not found
#0 C:\laragon\www\Capstone\AnahawBE\spark(88): CodeIgniter\CodeIgniter->initialize()
#1 {main}
in SYSTEMPATH\I18n\TimeTrait.php on line 74.
 1 [internal function]: CodeIgniter\Debug\Exceptions->shutdownHandler()
CRITICAL - 2024-04-15 01:22:36 --> Error: Class "Locale" not found
in SYSTEMPATH\CodeIgniter.php on line 218.
 1 ROOTPATH\spark(88): CodeIgniter\CodeIgniter->initialize()
CRITICAL - 2024-04-15 01:22:36 --> ErrorException: Uncaught Error: Class "Locale" not found in C:\laragon\www\Capstone\AnahawBE\system\I18n\TimeTrait.php:74
Stack trace:
#0 C:\laragon\www\Capstone\AnahawBE\system\I18n\TimeTrait.php(115): CodeIgniter\I18n\Time->__construct()
#1 C:\laragon\www\Capstone\AnahawBE\system\HTTP\ResponseTrait.php(468): CodeIgniter\I18n\Time::now()
#2 C:\laragon\www\Capstone\AnahawBE\system\HTTP\ResponseTrait.php(446): CodeIgniter\HTTP\Response->sendHeaders()
#3 C:\laragon\www\Capstone\AnahawBE\system\Debug\ExceptionHandler.php(81): CodeIgniter\HTTP\Response->send()
#4 C:\laragon\www\Capstone\AnahawBE\system\Debug\Exceptions.php(156): CodeIgniter\Debug\ExceptionHandler->handle()
#5 [internal function]: CodeIgniter\Debug\Exceptions->exceptionHandler()
#6 {main}
  thrown
【Previous Exception】
Error
Class "Locale" not found
#0 C:\laragon\www\Capstone\AnahawBE\spark(88): CodeIgniter\CodeIgniter->initialize()
#1 {main}
in SYSTEMPATH\I18n\TimeTrait.php on line 74.
 1 [internal function]: CodeIgniter\Debug\Exceptions->shutdownHandler()
